#
# A fatal error has been detected by the Java Runtime Environment:
#
#  SIGSEGV (0xb) at pc=0x00007ff3598e7e79, pid=8292, tid=0x00007ff3aa1e0700
#
# JRE version: Java(TM) SE Runtime Environment (8.0_101-b13) (build 1.8.0_101-b13)
# Java VM: Java HotSpot(TM) 64-Bit Server VM (25.101-b13 mixed mode linux-amd64 compressed oops)
# Problematic frame:
# C  [liblwjgl_opengl.so+0x52e79]  Java_org_lwjgl_opengl_GL11_glClear+0x9
#
# Failed to write core dump. Core dumps have been disabled. To enable core dumping, try "ulimit -c unlimited" before starting Java again
#
# If you would like to submit a bug report, please visit:
#   http://bugreport.java.com/bugreport/crash.jsp
# The crash happened outside the Java Virtual Machine in native code.
# See problematic frame for where to report the bug.
#

---------------  T H R E A D  ---------------

Current thread (0x00007ff3a400e800):  JavaThread "main" [_thread_in_native, id=8298, stack(0x00007ff3aa0e0000,0x00007ff3aa1e1000)]

siginfo: si_signo: 11 (SIGSEGV), si_code: 1 (SEGV_MAPERR), si_addr: 0x0000000000000350

Registers:
RAX=0x0000000000000000, RBX=0x00007ff391c38310, RCX=0x00007ff3a400a9b0, RDX=0x0000000000004100
RSP=0x00007ff3aa1df6e8, RBP=0x00007ff3aa1df738, RSI=0x00007ff3aa1df748, RDI=0x0000000000004100
R8 =0x0000000000000000, R9 =0x0000000000000004, R10=0x00007ff394188528, R11=0x00007ff3a8ff7c50
R12=0x0000000000000000, R13=0x00007ff391c38310, R14=0x00007ff3aa1df758, R15=0x00007ff3a400e800
RIP=0x00007ff3598e7e79, EFLAGS=0x0000000000010283, CSGSFS=0x0000000000000033, ERR=0x0000000000000004
  TRAPNO=0x000000000000000e

Top of Stack: (sp=0x00007ff3aa1df6e8)
0x00007ff3aa1df6e8:   00007ff394188554 00007ff3941882a2
0x00007ff3aa1df6f8:   00007ff3aa1df6f8 00007ff391c38310
0x00007ff3aa1df708:   00007ff3aa1df758 00007ff391c5ae70
0x00007ff3aa1df718:   0000000000000000 00007ff391c38310
0x00007ff3aa1df728:   0000000000000000 00007ff3aa1df758
0x00007ff3aa1df738:   00007ff3aa1df7a0 00007ff39417affd
0x00007ff3aa1df748:   00000000f0a66a88 00007ff394184278
0x00007ff3aa1df758:   0000000000004100 00007ff3aa1df760
0x00007ff3aa1df768:   00007ff391c2c1f3 00007ff3aa1df7a8
0x00007ff3aa1df778:   00007ff391c2c310 0000000000000000
0x00007ff3aa1df788:   00007ff391c2c200 00007ff3aa1df758
0x00007ff3aa1df798:   00007ff3aa1df7b0 00007ff3aa1df7f0
0x00007ff3aa1df7a8:   00007ff39417affd 00007ff3aa1df7b0
0x00007ff3aa1df7b8:   00007ff391b1ac40 00007ff3aa1df800
0x00007ff3aa1df7c8:   00007ff391b1b028 0000000000000000
0x00007ff3aa1df7d8:   00007ff391b1ac68 00007ff3aa1df7b0
0x00007ff3aa1df7e8:   00007ff3aa1df800 00007ff3aa1df848
0x00007ff3aa1df7f8:   00007ff39417affd 00000000f04b1918
0x00007ff3aa1df808:   00007ff3aa1df808 00007ff391b1aa0a
0x00007ff3aa1df818:   00007ff3aa1df8d0 00007ff391b1b028
0x00007ff3aa1df828:   0000000000000000 00007ff391b1aae8
0x00007ff3aa1df838:   00007ff3aa1df800 00007ff3aa1df8d0
0x00007ff3aa1df848:   00007ff3aa1df918 00007ff39417affd
0x00007ff3aa1df858:   0000000000000000 000000000010488f
0x00007ff3aa1df868:   0000000000000000 000008b14c2bd6a6
0x00007ff3aa1df878:   0000000000000000 0000000000000001
0x00007ff3aa1df888:   3f11dead5291a5e6 0000000000000000
0x00007ff3aa1df898:   000008b14c2bd6a6 0000000000000000
0x00007ff3aa1df8a8:   3f2a36e2eb1c432d 0000000000000000
0x00007ff3aa1df8b8:   0000000000104c88 0000000000000000
0x00007ff3aa1df8c8:   0000000000000000 00000000f04b1918
0x00007ff3aa1df8d8:   00007ff3aa1df8d8 00007ff391b1a88c 

Instructions: (pc=0x00007ff3598e7e79)
0x00007ff3598e7e59:   90 03 00 00 0f 1f 00 48 8b 07 48 8b 40 18 ff a0
0x00007ff3598e7e69:   58 03 00 00 0f 1f 00 48 8b 07 89 d7 48 8b 40 18
0x00007ff3598e7e79:   48 8b 80 50 03 00 00 ff e0 66 66 66 66 66 2e 0f
0x00007ff3598e7e89:   1f 84 00 00 00 00 00 48 8b 07 41 89 d1 89 ce 4c 

Register to memory mapping:

RAX=0x0000000000000000 is an unknown value
RBX={method} {0x00007ff391c38310} 'glClear' '(I)V' in 'org/lwjgl/opengl/GL11'
RCX=0x00007ff3a400a9b0 is an unknown value
RDX=0x0000000000004100 is an unknown value
RSP=0x00007ff3aa1df6e8 is pointing into the stack for thread: 0x00007ff3a400e800
RBP=0x00007ff3aa1df738 is pointing into the stack for thread: 0x00007ff3a400e800
RSI=0x00007ff3aa1df748 is pointing into the stack for thread: 0x00007ff3a400e800
RDI=0x0000000000004100 is an unknown value
R8 =0x0000000000000000 is an unknown value
R9 =0x0000000000000004 is an unknown value
R10=0x00007ff394188528 is at code_begin+808 in an Interpreter codelet
method entry point (kind = native)  [0x00007ff394188200, 0x00007ff394188b00]  2304 bytes
R11=0x00007ff3a8ff7c50: <offset 0x9c1c50> in /usr/java/jdk1.8.0_101/jre/lib/amd64/server/libjvm.so at 0x00007ff3a8636000
R12=0x0000000000000000 is an unknown value
R13={method} {0x00007ff391c38310} 'glClear' '(I)V' in 'org/lwjgl/opengl/GL11'
R14=0x00007ff3aa1df758 is pointing into the stack for thread: 0x00007ff3a400e800
R15=0x00007ff3a400e800 is a thread


Stack: [0x00007ff3aa0e0000,0x00007ff3aa1e1000],  sp=0x00007ff3aa1df6e8,  free space=1021k
Native frames: (J=compiled Java code, j=interpreted, Vv=VM code, C=native code)
C  [liblwjgl_opengl.so+0x52e79]  Java_org_lwjgl_opengl_GL11_glClear+0x9
j  com.base.engine.RenderUtil.clearScreen()V+3
j  com.base.engine.MainComponent.render()V+0
j  com.base.engine.MainComponent.run()V+194
j  com.base.engine.MainComponent.start()V+12
j  com.base.engine.MainComponent.main([Ljava/lang/String;)V+9
v  ~StubRoutines::call_stub
V  [libjvm.so+0x68f6b6]  JavaCalls::call_helper(JavaValue*, methodHandle*, JavaCallArguments*, Thread*)+0x1056
V  [libjvm.so+0x6d0d42]  jni_invoke_static(JNIEnv_*, JavaValue*, _jobject*, JNICallType, _jmethodID*, JNI_ArgumentPusher*, Thread*)+0x362
V  [libjvm.so+0x6ed5aa]  jni_CallStaticVoidMethod+0x17a
C  [libjli.so+0x7bdf]  JavaMain+0x81f
C  [libpthread.so.0+0x8064]  start_thread+0xc4

Java frames: (J=compiled Java code, j=interpreted, Vv=VM code)
j  org.lwjgl.opengl.GL11.glClear(I)V+0
j  com.base.engine.RenderUtil.clearScreen()V+3
j  com.base.engine.MainComponent.render()V+0
j  com.base.engine.MainComponent.run()V+194
j  com.base.engine.MainComponent.start()V+12
j  com.base.engine.MainComponent.main([Ljava/lang/String;)V+9
v  ~StubRoutines::call_stub

---------------  P R O C E S S  ---------------

Java Threads: ( => current thread )
  0x00007ff3a490c800 JavaThread "Game Engine" [_thread_in_native, id=8312, stack(0x00007ff359aff000,0x00007ff359c00000)]
  0x00007ff3a40cd000 JavaThread "Service Thread" daemon [_thread_blocked, id=8310, stack(0x00007ff38bafb000,0x00007ff38bbfc000)]
  0x00007ff3a40c2000 JavaThread "C1 CompilerThread2" daemon [_thread_blocked, id=8309, stack(0x00007ff38bbfc000,0x00007ff38bcfd000)]
  0x00007ff3a40c0000 JavaThread "C2 CompilerThread1" daemon [_thread_blocked, id=8308, stack(0x00007ff38bcfd000,0x00007ff38bdfe000)]
  0x00007ff3a40bd000 JavaThread "C2 CompilerThread0" daemon [_thread_blocked, id=8307, stack(0x00007ff38bdfe000,0x00007ff38beff000)]
  0x00007ff3a40bb800 JavaThread "Signal Dispatcher" daemon [_thread_blocked, id=8306, stack(0x00007ff38beff000,0x00007ff38c000000)]
  0x00007ff3a4088800 JavaThread "Finalizer" daemon [_thread_blocked, id=8305, stack(0x00007ff390228000,0x00007ff390329000)]
  0x00007ff3a4084000 JavaThread "Reference Handler" daemon [_thread_blocked, id=8304, stack(0x00007ff390329000,0x00007ff39042a000)]
=>0x00007ff3a400e800 JavaThread "main" [_thread_in_native, id=8298, stack(0x00007ff3aa0e0000,0x00007ff3aa1e1000)]

Other Threads:
  0x00007ff3a407c800 VMThread [stack: 0x00007ff39042a000,0x00007ff39052b000] [id=8303]
  0x00007ff3a40cf800 WatcherThread [stack: 0x00007ff38b9fa000,0x00007ff38bafb000] [id=8311]

VM state:not at safepoint (normal execution)

VM Mutex/Monitor currently owned by a thread: None

Heap:
 PSYoungGen      total 14336K, used 7428K [0x00000000f0400000, 0x00000000f1400000, 0x0000000100000000)
  eden space 12288K, 60% used [0x00000000f0400000,0x00000000f0b413b0,0x00000000f1000000)
  from space 2048K, 0% used [0x00000000f1200000,0x00000000f1200000,0x00000000f1400000)
  to   space 2048K, 0% used [0x00000000f1000000,0x00000000f1000000,0x00000000f1200000)
 ParOldGen       total 32768K, used 0K [0x00000000d0c00000, 0x00000000d2c00000, 0x00000000f0400000)
  object space 32768K, 0% used [0x00000000d0c00000,0x00000000d0c00000,0x00000000d2c00000)
 Metaspace       used 5956K, capacity 6226K, committed 6400K, reserved 1056768K
  class space    used 636K, capacity 741K, committed 768K, reserved 1048576K

Card table byte_map: [0x00007ff393c38000,0x00007ff393db3000] byte_map_base: 0x00007ff3935b2000

Marking Bits: (ParMarkBitMap*) 0x00007ff3a95f7120
 Begin Bits: [0x00007ff392094000, 0x00007ff392c64000)
 End Bits:   [0x00007ff392c64000, 0x00007ff393834000)

Polling page: 0x00007ff3aa223000

CodeCache: size=245760Kb used=2204Kb max_used=2206Kb free=243555Kb
 bounds [0x00007ff394173000, 0x00007ff3943e3000, 0x00007ff3a3173000]
 total_blobs=1149 nmethods=448 adapters=617
 compilation: enabled

Compilation events (10 events):
Event: 0,668 Thread 0x00007ff3a40c2000  441       3       java.util.zip.CRC32::update (51 bytes)
Event: 0,669 Thread 0x00007ff3a40c2000 nmethod 441 0x00007ff394399b10 code [0x00007ff394399cc0, 0x00007ff39439a068]
Event: 0,669 Thread 0x00007ff3a40c2000  444       1       java.nio.HeapByteBuffer::isReadOnly (2 bytes)
Event: 0,669 Thread 0x00007ff3a40c2000 nmethod 444 0x00007ff394399850 code [0x00007ff3943999a0, 0x00007ff394399ab0]
Event: 0,669 Thread 0x00007ff3a40c2000  445       1       java.nio.DirectByteBuffer::isDirect (2 bytes)
Event: 0,669 Thread 0x00007ff3a40c2000 nmethod 445 0x00007ff394399590 code [0x00007ff3943996e0, 0x00007ff3943997f0]
Event: 0,670 Thread 0x00007ff3a40c2000  447       3       java.lang.String::concat (47 bytes)
Event: 0,670 Thread 0x00007ff3a40c2000 nmethod 447 0x00007ff394398890 code [0x00007ff394398a60, 0x00007ff3943991f8]
Event: 0,670 Thread 0x00007ff3a40c2000  448       3       java.lang.String::getChars (16 bytes)
Event: 0,670 Thread 0x00007ff3a40c2000 nmethod 448 0x00007ff394398450 code [0x00007ff3943985c0, 0x00007ff3943987c8]

GC Heap History (0 events):
No events

Deoptimization events (1 events):
Event: 0,105 Thread 0x00007ff3a400e800 Uncommon trap: reason=unstable_if action=reinterpret pc=0x00007ff39427445c method=java.lang.String.hashCode()I @ 14

Internal exceptions (10 events):
Event: 0,032 Thread 0x00007ff3a400e800 Exception <a 'java/lang/NoSuchMethodError': Method sun.misc.Unsafe.defineClass(Ljava/lang/String;[BII)Ljava/lang/Class; name or signature does not match> (0x00000000f0407cc0) thrown at [/HUDSON3/workspace/8-2-build-linux-amd64/jdk8u101/7261/hotspot/src/sh
Event: 0,032 Thread 0x00007ff3a400e800 Exception <a 'java/lang/NoSuchMethodError': Method sun.misc.Unsafe.prefetchRead(Ljava/lang/Object;J)V name or signature does not match> (0x00000000f0407fa8) thrown at [/HUDSON3/workspace/8-2-build-linux-amd64/jdk8u101/7261/hotspot/src/share/vm/prims/jni.c
Event: 0,173 Thread 0x00007ff3a400e800 Exception <a 'java/lang/NoSuchMethodError': java.lang.Object.lambda$static$0(Ljava/lang/String;)Ljava/lang/Boolean;> (0x00000000f05cc058) thrown at [/HUDSON3/workspace/8-2-build-linux-amd64/jdk8u101/7261/hotspot/src/share/vm/interpreter/linkResolver.cpp, 
Event: 0,191 Thread 0x00007ff3a400e800 Exception <a 'java/lang/NoSuchFieldError': method resolution failed> (0x00000000f0644080) thrown at [/HUDSON3/workspace/8-2-build-linux-amd64/jdk8u101/7261/hotspot/src/share/vm/prims/methodHandles.cpp, line 1146]
Event: 0,194 Thread 0x00007ff3a400e800 Exception <a 'java/lang/NoSuchFieldError': method resolution failed> (0x00000000f0651490) thrown at [/HUDSON3/workspace/8-2-build-linux-amd64/jdk8u101/7261/hotspot/src/share/vm/prims/methodHandles.cpp, line 1146]
Event: 0,286 Thread 0x00007ff3a400e800 Exception <a 'java/security/PrivilegedActionException'> (0x00000000f0796178) thrown at [/HUDSON3/workspace/8-2-build-linux-amd64/jdk8u101/7261/hotspot/src/share/vm/prims/jvm.cpp, line 1386]
Event: 0,286 Thread 0x00007ff3a400e800 Exception <a 'java/security/PrivilegedActionException'> (0x00000000f0796388) thrown at [/HUDSON3/workspace/8-2-build-linux-amd64/jdk8u101/7261/hotspot/src/share/vm/prims/jvm.cpp, line 1386]
Event: 0,287 Thread 0x00007ff3a400e800 Exception <a 'java/security/PrivilegedActionException'> (0x00000000f0798638) thrown at [/HUDSON3/workspace/8-2-build-linux-amd64/jdk8u101/7261/hotspot/src/share/vm/prims/jvm.cpp, line 1386]
Event: 0,287 Thread 0x00007ff3a400e800 Exception <a 'java/security/PrivilegedActionException'> (0x00000000f0798848) thrown at [/HUDSON3/workspace/8-2-build-linux-amd64/jdk8u101/7261/hotspot/src/share/vm/prims/jvm.cpp, line 1386]
Event: 0,669 Thread 0x00007ff3a400e800 Exception <a 'sun/nio/fs/UnixException'> (0x00000000f0b09588) thrown at [/HUDSON3/workspace/8-2-build-linux-amd64/jdk8u101/7261/hotspot/src/share/vm/prims/jni.cpp, line 709]

Events (10 events):
Event: 0,669 loading class java/nio/file/NoSuchFileException
Event: 0,669 loading class java/nio/file/FileSystemException
Event: 0,669 loading class java/nio/file/FileSystemException done
Event: 0,669 loading class java/nio/file/NoSuchFileException done
Event: 0,670 loading class org/lwjgl/opengl/GL$2
Event: 0,670 loading class org/lwjgl/opengl/GL$2 done
Event: 0,670 loading class org/lwjgl/opengl/GL$SharedLibraryGL
Event: 0,670 loading class org/lwjgl/opengl/GL$SharedLibraryGL done
Event: 0,670 loading class org/lwjgl/system/SharedLibrary$Delegate
Event: 0,670 loading class org/lwjgl/system/SharedLibrary$Delegate done


Dynamic libraries:
00400000-00401000 r-xp 00000000 08:05 3945047                            /usr/java/jdk1.8.0_101/bin/java
00600000-00601000 rw-p 00000000 08:05 3945047                            /usr/java/jdk1.8.0_101/bin/java
008f5000-00916000 rw-p 00000000 00:00 0                                  [heap]
40160000-40200000 rw-p 00000000 00:00 0 
4026c000-4026e000 r-xs 00000000 08:05 3939291                            /tmp/.glV1jPyH (deleted)
d0c00000-d2c00000 rw-p 00000000 00:00 0 
d2c00000-f0400000 ---p 00000000 00:00 0 
f0400000-f1400000 rw-p 00000000 00:00 0 
f1400000-100000000 ---p 00000000 00:00 0 
100000000-1000c0000 rw-p 00000000 00:00 0 
1000c0000-140000000 ---p 00000000 00:00 0 
7ff350000000-7ff350021000 rw-p 00000000 00:00 0 
7ff350021000-7ff354000000 ---p 00000000 00:00 0 
7ff354000000-7ff354021000 rw-p 00000000 00:00 0 
7ff354021000-7ff358000000 ---p 00000000 00:00 0 
7ff359895000-7ff3598fe000 r-xp 00000000 08:05 4590182                    /tmp/lwjglmourad/3.1.2-build-29/liblwjgl_opengl.so
7ff3598fe000-7ff359afd000 ---p 00069000 08:05 4590182                    /tmp/lwjglmourad/3.1.2-build-29/liblwjgl_opengl.so
7ff359afd000-7ff359afe000 r--p 00068000 08:05 4590182                    /tmp/lwjglmourad/3.1.2-build-29/liblwjgl_opengl.so
7ff359afe000-7ff359aff000 rw-p 00069000 08:05 4590182                    /tmp/lwjglmourad/3.1.2-build-29/liblwjgl_opengl.so
7ff359aff000-7ff359b02000 ---p 00000000 00:00 0 
7ff359b02000-7ff359c00000 rw-p 00000000 00:00 0                          [stack:8312]
7ff359c00000-7ff359e00000 rw-p 00000000 00:00 0 
7ff359e8a000-7ff359ec5000 r-xp 00000000 08:05 4590181                    /tmp/lwjglmourad/3.1.2-build-29/libjemalloc.so
7ff359ec5000-7ff35a0c4000 ---p 0003b000 08:05 4590181                    /tmp/lwjglmourad/3.1.2-build-29/libjemalloc.so
7ff35a0c4000-7ff35a0c7000 r--p 0003a000 08:05 4590181                    /tmp/lwjglmourad/3.1.2-build-29/libjemalloc.so
7ff35a0c7000-7ff35a0c8000 rw-p 0003d000 08:05 4590181                    /tmp/lwjglmourad/3.1.2-build-29/libjemalloc.so
7ff35a0c8000-7ff35a0c9000 rw-p 00000000 00:00 0 
7ff35a0c9000-7ff35a149000 rw-s 53098000 00:05 18161                      /dev/nvidiactl
7ff35a149000-7ff35a1c9000 rw-s a4154000 00:05 18161                      /dev/nvidiactl
7ff35a1c9000-7ff35a2c9000 rw-s 1691f000 00:05 18161                      /dev/nvidiactl
7ff35a2c9000-7ff35b660000 r-xp 00000000 08:05 3412554                    /usr/lib/x86_64-linux-gnu/libnvidia-glcore.so.367.35
7ff35b660000-7ff35b680000 rwxp 01397000 08:05 3412554                    /usr/lib/x86_64-linux-gnu/libnvidia-glcore.so.367.35
7ff35b680000-7ff35ba20000 r-xp 013b7000 08:05 3412554                    /usr/lib/x86_64-linux-gnu/libnvidia-glcore.so.367.35
7ff35ba20000-7ff35bc20000 ---p 01757000 08:05 3412554                    /usr/lib/x86_64-linux-gnu/libnvidia-glcore.so.367.35
7ff35bc20000-7ff35bfe8000 rw-p 01757000 08:05 3412554                    /usr/lib/x86_64-linux-gnu/libnvidia-glcore.so.367.35
7ff35bfe8000-7ff35c000000 rw-p 00000000 00:00 0 
7ff35c000000-7ff35c1b9000 rw-p 00000000 00:00 0 
7ff35c1b9000-7ff360000000 ---p 00000000 00:00 0 
7ff360000000-7ff360021000 rw-p 00000000 00:00 0 
7ff360021000-7ff364000000 ---p 00000000 00:00 0 
7ff364000000-7ff364066000 rw-p 00000000 00:00 0 
7ff364066000-7ff368000000 ---p 00000000 00:00 0 
7ff368000000-7ff36806e000 rw-p 00000000 00:00 0 
7ff36806e000-7ff36c000000 ---p 00000000 00:00 0 
7ff36c000000-7ff36c021000 rw-p 00000000 00:00 0 
7ff36c021000-7ff370000000 ---p 00000000 00:00 0 
7ff370000000-7ff370021000 rw-p 00000000 00:00 0 
7ff370021000-7ff374000000 ---p 00000000 00:00 0 
7ff374000000-7ff374021000 rw-p 00000000 00:00 0 
7ff374021000-7ff378000000 ---p 00000000 00:00 0 
7ff378000000-7ff378021000 rw-p 00000000 00:00 0 
7ff378021000-7ff37c000000 ---p 00000000 00:00 0 
7ff37c000000-7ff37c021000 rw-p 00000000 00:00 0 
7ff37c021000-7ff380000000 ---p 00000000 00:00 0 
7ff380000000-7ff380021000 rw-p 00000000 00:00 0 
7ff380021000-7ff384000000 ---p 00000000 00:00 0 
7ff384000000-7ff384021000 rw-p 00000000 00:00 0 
7ff384021000-7ff388000000 ---p 00000000 00:00 0 
7ff38807f000-7ff3880ff000 rw-s a4fa1000 00:05 18161                      /dev/nvidiactl
7ff3880ff000-7ff38811f000 rw-s e81c0000 00:05 18163                      /dev/nvidia0
7ff38811f000-7ff38815f000 rw-s 16b95000 00:05 18161                      /dev/nvidiactl
7ff38815f000-7ff38819f000 rw-s 533b6000 00:05 18161                      /dev/nvidiactl
7ff38819f000-7ff3882a3000 rw-s a4e50000 00:05 18161                      /dev/nvidiactl
7ff3882a3000-7ff3882a6000 r-xp 00000000 08:05 4337939                    /usr/lib/x86_64-linux-gnu/tls/libnvidia-tls.so.367.35
7ff3882a6000-7ff3884a6000 ---p 00003000 08:05 4337939                    /usr/lib/x86_64-linux-gnu/tls/libnvidia-tls.so.367.35
7ff3884a6000-7ff3884a7000 rw-p 00003000 08:05 4337939                    /usr/lib/x86_64-linux-gnu/tls/libnvidia-tls.so.367.35
7ff3884a7000-7ff38856f000 r-xp 00000000 08:05 3415696                    /usr/lib/x86_64-linux-gnu/libGLX_nvidia.so.367.35
7ff38856f000-7ff3885a3000 rwxp 000c8000 08:05 3415696                    /usr/lib/x86_64-linux-gnu/libGLX_nvidia.so.367.35
7ff3885a3000-7ff3885b6000 r-xp 000fc000 08:05 3415696                    /usr/lib/x86_64-linux-gnu/libGLX_nvidia.so.367.35
7ff3885b6000-7ff3887b6000 ---p 0010f000 08:05 3415696                    /usr/lib/x86_64-linux-gnu/libGLX_nvidia.so.367.35
7ff3887b6000-7ff3887de000 rw-p 0010f000 08:05 3415696                    /usr/lib/x86_64-linux-gnu/libGLX_nvidia.so.367.35
7ff3887de000-7ff3887e5000 rw-p 00000000 00:00 0 
7ff3887e5000-7ff388833000 r-xp 00000000 08:05 3415719                    /usr/lib/x86_64-linux-gnu/libGLdispatch.so.0
7ff388833000-7ff388865000 r-xp 0004e000 08:05 3415719                    /usr/lib/x86_64-linux-gnu/libGLdispatch.so.0
7ff388865000-7ff38889f000 r-xp 00080000 08:05 3415719                    /usr/lib/x86_64-linux-gnu/libGLdispatch.so.0
7ff38889f000-7ff388a9f000 ---p 000ba000 08:05 3415719                    /usr/lib/x86_64-linux-gnu/libGLdispatch.so.0
7ff388a9f000-7ff388aae000 rw-p 000ba000 08:05 3415719                    /usr/lib/x86_64-linux-gnu/libGLdispatch.so.0
7ff388aae000-7ff388ace000 rw-p 00000000 00:00 0 
7ff388ace000-7ff388ade000 r-xp 00000000 08:05 3419656                    /usr/lib/x86_64-linux-gnu/libGLX.so.0
7ff388ade000-7ff388cdd000 ---p 00010000 08:05 3419656                    /usr/lib/x86_64-linux-gnu/libGLX.so.0
7ff388cdd000-7ff388cde000 rw-p 0000f000 08:05 3419656                    /usr/lib/x86_64-linux-gnu/libGLX.so.0
7ff388cde000-7ff388cfe000 rw-p 00000000 00:00 0 
7ff388cfe000-7ff388d2f000 r-xp 00000000 08:05 3419657                    /usr/lib/x86_64-linux-gnu/libGL.so.1.0.0
7ff388d2f000-7ff388d61000 r-xp 00031000 08:05 3419657                    /usr/lib/x86_64-linux-gnu/libGL.so.1.0.0
7ff388d61000-7ff388d8b000 r-xp 00063000 08:05 3419657                    /usr/lib/x86_64-linux-gnu/libGL.so.1.0.0
7ff388d8b000-7ff388f8b000 ---p 0008d000 08:05 3419657                    /usr/lib/x86_64-linux-gnu/libGL.so.1.0.0
7ff388f8b000-7ff388f8c000 rw-p 0008d000 08:05 3419657                    /usr/lib/x86_64-linux-gnu/libGL.so.1.0.0
7ff388f8c000-7ff388f8d000 rw-p 00000000 00:00 0 
7ff388f99000-7ff388fac000 rw-s 0562b000 00:05 18161                      /dev/nvidiactl
7ff388fac000-7ff388fcc000 rw-s 53299000 00:05 18161                      /dev/nvidiactl
7ff388fcc000-7ff388fcd000 r-xp 00000000 08:05 3415688                    /usr/lib/x86_64-linux-gnu/libX11-xcb.so.1.0.0
7ff388fcd000-7ff3891cc000 ---p 00001000 08:05 3415688                    /usr/lib/x86_64-linux-gnu/libX11-xcb.so.1.0.0
7ff3891cc000-7ff3891cd000 r--p 00000000 08:05 3415688                    /usr/lib/x86_64-linux-gnu/libX11-xcb.so.1.0.0
7ff3891cd000-7ff3891ce000 rw-p 00001000 08:05 3415688                    /usr/lib/x86_64-linux-gnu/libX11-xcb.so.1.0.0
7ff3891ce000-7ff3891dd000 r-xp 00000000 08:05 3415740                    /usr/lib/x86_64-linux-gnu/libXi.so.6.1.0
7ff3891dd000-7ff3893dc000 ---p 0000f000 08:05 3415740                    /usr/lib/x86_64-linux-gnu/libXi.so.6.1.0
7ff3893dc000-7ff3893dd000 r--p 0000e000 08:05 3415740                    /usr/lib/x86_64-linux-gnu/libXi.so.6.1.0
7ff3893dd000-7ff3893de000 rw-p 0000f000 08:05 3415740                    /usr/lib/x86_64-linux-gnu/libXi.so.6.1.0
7ff3893de000-7ff3893e3000 r-xp 00000000 08:05 3415306                    /usr/lib/x86_64-linux-gnu/libXxf86vm.so.1.0.0
7ff3893e3000-7ff3895e2000 ---p 00005000 08:05 3415306                    /usr/lib/x86_64-linux-gnu/libXxf86vm.so.1.0.0
7ff3895e2000-7ff3895e3000 r--p 00004000 08:05 3415306                    /usr/lib/x86_64-linux-gnu/libXxf86vm.so.1.0.0
7ff3895e3000-7ff3895e4000 rw-p 00005000 08:05 3415306                    /usr/lib/x86_64-linux-gnu/libXxf86vm.so.1.0.0
7ff3895e4000-7ff3895e9000 r-xp 00000000 08:05 3415281                    /usr/lib/x86_64-linux-gnu/libXdmcp.so.6.0.0
7ff3895e9000-7ff3897e8000 ---p 00005000 08:05 3415281                    /usr/lib/x86_64-linux-gnu/libXdmcp.so.6.0.0
7ff3897e8000-7ff3897e9000 rw-p 00004000 08:05 3415281                    /usr/lib/x86_64-linux-gnu/libXdmcp.so.6.0.0
7ff3897e9000-7ff3897ec000 r-xp 00000000 08:05 3415279                    /usr/lib/x86_64-linux-gnu/libXau.so.6.0.0
7ff3897ec000-7ff3899eb000 ---p 00003000 08:05 3415279                    /usr/lib/x86_64-linux-gnu/libXau.so.6.0.0
7ff3899eb000-7ff3899ec000 r--p 00002000 08:05 3415279                    /usr/lib/x86_64-linux-gnu/libXau.so.6.0.0
7ff3899ec000-7ff3899ed000 rw-p 00003000 08:05 3415279                    /usr/lib/x86_64-linux-gnu/libXau.so.6.0.0
7ff3899ed000-7ff3899f2000 r-xp 00000000 08:05 3415703                    /usr/lib/x86_64-linux-gnu/libXfixes.so.3.1.0
7ff3899f2000-7ff389bf1000 ---p 00005000 08:05 3415703                    /usr/lib/x86_64-linux-gnu/libXfixes.so.3.1.0
7ff389bf1000-7ff389bf2000 r--p 00004000 08:05 3415703                    /usr/lib/x86_64-linux-gnu/libXfixes.so.3.1.0
7ff389bf2000-7ff389bf3000 rw-p 00005000 08:05 3415703                    /usr/lib/x86_64-linux-gnu/libXfixes.so.3.1.0
7ff389bf3000-7ff389bfc000 r-xp 00000000 08:05 3415294                    /usr/lib/x86_64-linux-gnu/libXrender.so.1.3.0
7ff389bfc000-7ff389dfb000 ---p 00009000 08:05 3415294                    /usr/lib/x86_64-linux-gnu/libXrender.so.1.3.0
7ff389dfb000-7ff389dfc000 r--p 00008000 08:05 3415294                    /usr/lib/x86_64-linux-gnu/libXrender.so.1.3.0
7ff389dfc000-7ff389dfd000 rw-p 00009000 08:05 3415294                    /usr/lib/x86_64-linux-gnu/libXrender.so.1.3.0
7ff389dfd000-7ff389e0e000 r-xp 00000000 08:05 3415290                    /usr/lib/x86_64-linux-gnu/libXext.so.6.4.0
7ff389e0e000-7ff38a00d000 ---p 00011000 08:05 3415290                    /usr/lib/x86_64-linux-gnu/libXext.so.6.4.0
7ff38a00d000-7ff38a00e000 r--p 00010000 08:05 3415290                    /usr/lib/x86_64-linux-gnu/libXext.so.6.4.0
7ff38a00e000-7ff38a00f000 rw-p 00011000 08:05 3415290                    /usr/lib/x86_64-linux-gnu/libXext.so.6.4.0
7ff38a00f000-7ff38a030000 r-xp 00000000 08:05 3415283                    /usr/lib/x86_64-linux-gnu/libxcb.so.1.1.0
7ff38a030000-7ff38a22f000 ---p 00021000 08:05 3415283                    /usr/lib/x86_64-linux-gnu/libxcb.so.1.1.0
7ff38a22f000-7ff38a230000 r--p 00020000 08:05 3415283                    /usr/lib/x86_64-linux-gnu/libxcb.so.1.1.0
7ff38a230000-7ff38a231000 rw-p 00021000 08:05 3415283                    /usr/lib/x86_64-linux-gnu/libxcb.so.1.1.0
7ff38a231000-7ff38a23b000 r-xp 00000000 08:05 3415738                    /usr/lib/x86_64-linux-gnu/libXcursor.so.1.0.2
7ff38a23b000-7ff38a43a000 ---p 0000a000 08:05 3415738                    /usr/lib/x86_64-linux-gnu/libXcursor.so.1.0.2
7ff38a43a000-7ff38a43b000 r--p 00009000 08:05 3415738                    /usr/lib/x86_64-linux-gnu/libXcursor.so.1.0.2
7ff38a43b000-7ff38a43c000 rw-p 0000a000 08:05 3415738                    /usr/lib/x86_64-linux-gnu/libXcursor.so.1.0.2
7ff38a43c000-7ff38a43e000 r-xp 00000000 08:05 3415292                    /usr/lib/x86_64-linux-gnu/libXinerama.so.1.0.0
7ff38a43e000-7ff38a63d000 ---p 00002000 08:05 3415292                    /usr/lib/x86_64-linux-gnu/libXinerama.so.1.0.0
7ff38a63d000-7ff38a63e000 r--p 00001000 08:05 3415292                    /usr/lib/x86_64-linux-gnu/libXinerama.so.1.0.0
7ff38a63e000-7ff38a63f000 rw-p 00002000 08:05 3415292                    /usr/lib/x86_64-linux-gnu/libXinerama.so.1.0.0
7ff38a63f000-7ff38a648000 r-xp 00000000 08:05 3415296                    /usr/lib/x86_64-linux-gnu/libXrandr.so.2.2.0
7ff38a648000-7ff38a847000 ---p 00009000 08:05 3415296                    /usr/lib/x86_64-linux-gnu/libXrandr.so.2.2.0
7ff38a847000-7ff38a848000 r--p 00008000 08:05 3415296                    /usr/lib/x86_64-linux-gnu/libXrandr.so.2.2.0
7ff38a848000-7ff38a849000 rw-p 00009000 08:05 3415296                    /usr/lib/x86_64-linux-gnu/libXrandr.so.2.2.0
7ff38a849000-7ff38a985000 r-xp 00000000 08:05 3415287                    /usr/lib/x86_64-linux-gnu/libX11.so.6.3.0
7ff38a985000-7ff38ab84000 ---p 0013c000 08:05 3415287                    /usr/lib/x86_64-linux-gnu/libX11.so.6.3.0
7ff38ab84000-7ff38ab86000 r--p 0013b000 08:05 3415287                    /usr/lib/x86_64-linux-gnu/libX11.so.6.3.0
7ff38ab86000-7ff38ab8b000 rw-p 0013d000 08:05 3415287                    /usr/lib/x86_64-linux-gnu/libX11.so.6.3.0
7ff38ab8b000-7ff38ab8c000 rw-p 00000000 00:00 0 
7ff38ab92000-7ff38ab95000 rw-p 00000000 00:00 0 
7ff38ab95000-7ff38ab97000 r-xp 00000000 00:00 0 
7ff38ab97000-7ff38ab99000 rw-p 00000000 00:00 0 
7ff38ab99000-7ff38ab9b000 rw-s 00000000 08:05 3939291                    /tmp/.glV1jPyH (deleted)
7ff38ab9b000-7ff38ab9c000 rw-s 0562a000 00:05 18161                      /dev/nvidiactl
7ff38ab9c000-7ff38aba0000 rw-s 16894000 00:05 18161                      /dev/nvidiactl
7ff38aba0000-7ff38aba1000 rw-s eff66000 00:05 18163                      /dev/nvidia0
7ff38aba1000-7ff38aba2000 rw-s eff65000 00:05 18163                      /dev/nvidia0
7ff38aba2000-7ff38abc2000 rw-s 169a2000 00:05 18161                      /dev/nvidiactl
7ff38abc2000-7ff38abc3000 rw-s bb1aa000 00:05 18161                      /dev/nvidiactl
7ff38abc3000-7ff38abc4000 rw-s fc060000 00:05 18163                      /dev/nvidia0
7ff38abc4000-7ff38abcb000 r--s 00000000 08:05 3452435                    /usr/lib/x86_64-linux-gnu/gconv/gconv-modules.cache
7ff38abcb000-7ff38abeb000 r-xp 00000000 08:05 4590178                    /tmp/lwjglmourad/3.1.2-build-29/libglfw.so
7ff38abeb000-7ff38adea000 ---p 00020000 08:05 4590178                    /tmp/lwjglmourad/3.1.2-build-29/libglfw.so
7ff38adea000-7ff38adeb000 r--p 0001f000 08:05 4590178                    /tmp/lwjglmourad/3.1.2-build-29/libglfw.so
7ff38adeb000-7ff38adec000 rw-p 00020000 08:05 4590178                    /tmp/lwjglmourad/3.1.2-build-29/libglfw.so
7ff38adec000-7ff38aded000 rw-p 00000000 00:00 0 
7ff38aded000-7ff38adef000 r--s 00007000 08:07 5383833                    /home/mourad/dev/Workspaces/JAVALIBS/lwjgl-release-3.1.2-custom/lwjgl-yoga-sources.jar
7ff38adef000-7ff38adf0000 r--s 00028000 08:07 5383855                    /home/mourad/dev/Workspaces/JAVALIBS/lwjgl-release-3.1.2-custom/lwjgl-yoga-natives-windows.jar
7ff38adf0000-7ff38adf1000 r--s 0000a000 08:07 5383926                    /home/mourad/dev/Workspaces/JAVALIBS/lwjgl-release-3.1.2-custom/lwjgl-yoga-natives-linux.jar
7ff38adf1000-7ff38adf4000 r--s 00074000 08:07 5383826                    /home/mourad/dev/Workspaces/JAVALIBS/lwjgl-release-3.1.2-custom/lwjgl-yoga-javadoc.jar
7ff38adf4000-7ff38adf6000 r--s 0000a000 08:07 5383841                    /home/mourad/dev/Workspaces/JAVALIBS/lwjgl-release-3.1.2-custom/lwjgl-yoga.jar
7ff38adf6000-7ff38adf7000 r--s 00003000 08:07 5383840                    /home/mourad/dev/Workspaces/JAVALIBS/lwjgl-release-3.1.2-custom/lwjgl-xxhash-sources.jar
7ff38adf7000-7ff38adf8000 r--s 00014000 08:07 5383867                    /home/mourad/dev/Workspaces/JAVALIBS/lwjgl-release-3.1.2-custom/lwjgl-xxhash-natives-windows.jar
7ff38adf8000-7ff38adf9000 r--s 00001000 08:07 5383851                    /home/mourad/dev/Workspaces/JAVALIBS/lwjgl-release-3.1.2-custom/lwjgl-xxhash-natives-linux.jar
7ff38adf9000-7ff38adfb000 r--s 00062000 08:07 5383949                    /home/mourad/dev/Workspaces/JAVALIBS/lwjgl-release-3.1.2-custom/lwjgl-xxhash-javadoc.jar
7ff38adfb000-7ff38adfc000 r--s 00004000 08:07 5383918                    /home/mourad/dev/Workspaces/JAVALIBS/lwjgl-release-3.1.2-custom/lwjgl-xxhash.jar
7ff38adfc000-7ff38ae04000 r--s 00102000 08:07 5383897                    /home/mourad/dev/Workspaces/JAVALIBS/lwjgl-release-3.1.2-custom/lwjgl-vulkan-sources.jar
7ff38ae04000-7ff38ae13000 r--s 00356000 08:07 5383862                    /home/mourad/dev/Workspaces/JAVALIBS/lwjgl-release-3.1.2-custom/lwjgl-vulkan-javadoc.jar
7ff38ae13000-7ff38ae21000 r--s 000f3000 08:07 5383858                    /home/mourad/dev/Workspaces/JAVALIBS/lwjgl-release-3.1.2-custom/lwjgl-vulkan.jar
7ff38ae21000-7ff38ae22000 r--s 00000000 08:07 5383846                    /home/mourad/dev/Workspaces/JAVALIBS/lwjgl-release-3.1.2-custom/lwjgl-tinyfd-sources.jar
7ff38ae22000-7ff38ae23000 r--s 0002d000 08:07 5383823                    /home/mourad/dev/Workspaces/JAVALIBS/lwjgl-release-3.1.2-custom/lwjgl-tinyfd-natives-windows.jar
7ff38ae23000-7ff38ae24000 r--s 00008000 08:07 5383883                    /home/mourad/dev/Workspaces/JAVALIBS/lwjgl-release-3.1.2-custom/lwjgl-tinyfd-natives-linux.jar
7ff38ae24000-7ff38ae26000 r--s 00057000 08:07 5383835                    /home/mourad/dev/Workspaces/JAVALIBS/lwjgl-release-3.1.2-custom/lwjgl-tinyfd-javadoc.jar
7ff38ae26000-7ff38ae27000 r--s 00001000 08:07 5383844                    /home/mourad/dev/Workspaces/JAVALIBS/lwjgl-release-3.1.2-custom/lwjgl-tinyfd.jar
7ff38ae27000-7ff38ae28000 r--s 00006000 08:07 5383878                    /home/mourad/dev/Workspaces/JAVALIBS/lwjgl-release-3.1.2-custom/lwjgl-tinyexr-sources.jar
7ff38ae28000-7ff38ae29000 r--s 00044000 08:07 5383951                    /home/mourad/dev/Workspaces/JAVALIBS/lwjgl-release-3.1.2-custom/lwjgl-tinyexr-natives-windows.jar
7ff38ae29000-7ff38ae2a000 r--s 0000d000 08:07 5383915                    /home/mourad/dev/Workspaces/JAVALIBS/lwjgl-release-3.1.2-custom/lwjgl-tinyexr-natives-linux.jar
7ff38ae2a000-7ff38ae2c000 r--s 0006c000 08:07 5383839                    /home/mourad/dev/Workspaces/JAVALIBS/lwjgl-release-3.1.2-custom/lwjgl-tinyexr-javadoc.jar
7ff38ae2c000-7ff38ae2d000 r--s 00009000 08:07 5383908                    /home/mourad/dev/Workspaces/JAVALIBS/lwjgl-release-3.1.2-custom/lwjgl-tinyexr.jar
7ff38ae2d000-7ff38ae2f000 r--s 00012000 08:07 5383866                    /home/mourad/dev/Workspaces/JAVALIBS/lwjgl-release-3.1.2-custom/lwjgl-stb-sources.jar
7ff38ae2f000-7ff38ae30000 r--s 0006e000 08:07 5383904                    /home/mourad/dev/Workspaces/JAVALIBS/lwjgl-release-3.1.2-custom/lwjgl-stb-natives-windows.jar
7ff38ae30000-7ff38ae31000 r--s 0002d000 08:07 5383885                    /home/mourad/dev/Workspaces/JAVALIBS/lwjgl-release-3.1.2-custom/lwjgl-stb-natives-linux.jar
7ff38ae31000-7ff38ae34000 r--s 0008f000 08:07 5383919                    /home/mourad/dev/Workspaces/JAVALIBS/lwjgl-release-3.1.2-custom/lwjgl-stb-javadoc.jar
7ff38ae34000-7ff38ae36000 r--s 00013000 08:07 5383861                    /home/mourad/dev/Workspaces/JAVALIBS/lwjgl-release-3.1.2-custom/lwjgl-stb.jar
7ff38ae36000-7ff38ae37000 r--s 00000000 08:07 5383937                    /home/mourad/dev/Workspaces/JAVALIBS/lwjgl-release-3.1.2-custom/lwjgl-sse-sources.jar
7ff38ae37000-7ff38ae38000 r--s 00013000 08:07 5383952                    /home/mourad/dev/Workspaces/JAVALIBS/lwjgl-release-3.1.2-custom/lwjgl-sse-natives-windows.jar
7ff38ae38000-7ff38ae39000 r--s 00000000 08:07 5383903                    /home/mourad/dev/Workspaces/JAVALIBS/lwjgl-release-3.1.2-custom/lwjgl-sse-natives-linux.jar
7ff38ae39000-7ff38ae3b000 r--s 00058000 08:07 5383944                    /home/mourad/dev/Workspaces/JAVALIBS/lwjgl-release-3.1.2-custom/lwjgl-sse-javadoc.jar
7ff38ae3b000-7ff38ae3c000 r--s 00000000 08:07 5383859                    /home/mourad/dev/Workspaces/JAVALIBS/lwjgl-release-3.1.2-custom/lwjgl-sse.jar
7ff38ae3c000-7ff38ae3f000 r--s 00035000 08:07 5383931                    /home/mourad/dev/Workspaces/JAVALIBS/lwjgl-release-3.1.2-custom/lwjgl-sources.jar
7ff38ae3f000-7ff38ae40000 r--s 00001000 08:07 5383843                    /home/mourad/dev/Workspaces/JAVALIBS/lwjgl-release-3.1.2-custom/lwjgl-par-sources.jar
7ff38ae40000-7ff38ae41000 r--s 00031000 08:07 5383828                    /home/mourad/dev/Workspaces/JAVALIBS/lwjgl-release-3.1.2-custom/lwjgl-par-natives-windows.jar
7ff38ae41000-7ff38ae42000 r--s 00005000 08:07 5383886                    /home/mourad/dev/Workspaces/JAVALIBS/lwjgl-release-3.1.2-custom/lwjgl-par-natives-linux.jar
7ff38ae42000-7ff38ae44000 r--s 0005a000 08:07 5383909                    /home/mourad/dev/Workspaces/JAVALIBS/lwjgl-release-3.1.2-custom/lwjgl-par-javadoc.jar
7ff38ae44000-7ff38ae46000 r--s 00001000 08:07 5383911                    /home/mourad/dev/Workspaces/JAVALIBS/lwjgl-release-3.1.2-custom/lwjgl-par.jar
7ff38ae46000-7ff38ae48000 r--s 00021000 08:07 5383888                    /home/mourad/dev/Workspaces/JAVALIBS/lwjgl-release-3.1.2-custom/lwjgl-ovr-sources.jar
7ff38ae48000-7ff38ae49000 r--s 00021000 08:07 5383877                    /home/mourad/dev/Workspaces/JAVALIBS/lwjgl-release-3.1.2-custom/lwjgl-ovr-natives-windows.jar
7ff38ae49000-7ff38ae4d000 r--s 000ca000 08:07 5383928                    /home/mourad/dev/Workspaces/JAVALIBS/lwjgl-release-3.1.2-custom/lwjgl-ovr-javadoc.jar
7ff38ae4d000-7ff38ae50000 r--s 00025000 08:07 5383891                    /home/mourad/dev/Workspaces/JAVALIBS/lwjgl-release-3.1.2-custom/lwjgl-ovr.jar
7ff38ae50000-7ff38ae52000 r--s 00036000 08:07 5383921                    /home/mourad/dev/Workspaces/JAVALIBS/lwjgl-release-3.1.2-custom/lwjgl-openvr-sources.jar
7ff38ae52000-7ff38ae53000 r--s 00057000 08:07 5383913                    /home/mourad/dev/Workspaces/JAVALIBS/lwjgl-release-3.1.2-custom/lwjgl-openvr-natives-windows.jar
7ff38ae53000-7ff38ae55000 r--s 0001b000 08:07 5383894                    /home/mourad/dev/Workspaces/JAVALIBS/lwjgl-release-3.1.2-custom/lwjgl-openvr-natives-linux.jar
7ff38ae55000-7ff38ae5a000 r--s 0011c000 08:07 5383882                    /home/mourad/dev/Workspaces/JAVALIBS/lwjgl-release-3.1.2-custom/lwjgl-openvr-javadoc.jar
7ff38ae5a000-7ff38ae5e000 r--s 00046000 08:07 5383875                    /home/mourad/dev/Workspaces/JAVALIBS/lwjgl-release-3.1.2-custom/lwjgl-openvr.jar
7ff38ae5e000-7ff38ae67000 r--s 000eb000 08:07 5383940                    /home/mourad/dev/Workspaces/JAVALIBS/lwjgl-release-3.1.2-custom/lwjgl-opengl-sources.jar
7ff38ae67000-7ff38ae69000 r--s 00029000 08:07 5383863                    /home/mourad/dev/Workspaces/JAVALIBS/lwjgl-release-3.1.2-custom/lwjgl-opengl-natives-windows.jar
7ff38ae69000-7ff38ae6a000 r--s 00015000 08:07 5383923                    /home/mourad/dev/Workspaces/JAVALIBS/lwjgl-release-3.1.2-custom/lwjgl-opengl-natives-linux.jar
7ff38ae6a000-7ff38ae80000 r-xp 00000000 08:05 2490372                    /lib/x86_64-linux-gnu/libgcc_s.so.1
7ff38ae80000-7ff38b07f000 ---p 00016000 08:05 2490372                    /lib/x86_64-linux-gnu/libgcc_s.so.1
7ff38b07f000-7ff38b080000 rw-p 00015000 08:05 2490372                    /lib/x86_64-linux-gnu/libgcc_s.so.1
7ff38b080000-7ff38b0d0000 r-xp 00000000 08:05 4590177                    /tmp/lwjglmourad/3.1.2-build-29/liblwjgl.so
7ff38b0d0000-7ff38b2cf000 ---p 00050000 08:05 4590177                    /tmp/lwjglmourad/3.1.2-build-29/liblwjgl.so
7ff38b2cf000-7ff38b2d0000 r--p 0004f000 08:05 4590177                    /tmp/lwjglmourad/3.1.2-build-29/liblwjgl.so
7ff38b2d0000-7ff38b2d1000 rw-p 00050000 08:05 4590177                    /tmp/lwjglmourad/3.1.2-build-29/liblwjgl.so
7ff38b2d1000-7ff38b5d2000 rw-p 00000000 00:00 0 
7ff38b5d2000-7ff38b5e8000 r-xp 00000000 08:05 4329604                    /usr/java/jdk1.8.0_101/jre/lib/amd64/libnet.so
7ff38b5e8000-7ff38b7e8000 ---p 00016000 08:05 4329604                    /usr/java/jdk1.8.0_101/jre/lib/amd64/libnet.so
7ff38b7e8000-7ff38b7e9000 rw-p 00016000 08:05 4329604                    /usr/java/jdk1.8.0_101/jre/lib/amd64/libnet.so
7ff38b7e9000-7ff38b7fa000 r-xp 00000000 08:05 4329627                    /usr/java/jdk1.8.0_101/jre/lib/amd64/libnio.so
7ff38b7fa000-7ff38b9f9000 ---p 00011000 08:05 4329627                    /usr/java/jdk1.8.0_101/jre/lib/amd64/libnio.so
7ff38b9f9000-7ff38b9fa000 rw-p 00010000 08:05 4329627                    /usr/java/jdk1.8.0_101/jre/lib/amd64/libnio.so
7ff38b9fa000-7ff38b9fb000 ---p 00000000 00:00 0 
7ff38b9fb000-7ff38bafb000 rw-p 00000000 00:00 0                          [stack:8311]
7ff38bafb000-7ff38bafe000 ---p 00000000 00:00 0 
7ff38bafe000-7ff38bbfc000 rw-p 00000000 00:00 0                          [stack:8310]
7ff38bbfc000-7ff38bbff000 ---p 00000000 00:00 0 
7ff38bbff000-7ff38bcfd000 rw-p 00000000 00:00 0                          [stack:8309]
7ff38bcfd000-7ff38bd00000 ---p 00000000 00:00 0 
7ff38bd00000-7ff38bdfe000 rw-p 00000000 00:00 0                          [stack:8308]
7ff38bdfe000-7ff38be01000 ---p 00000000 00:00 0 
7ff38be01000-7ff38beff000 rw-p 00000000 00:00 0                          [stack:8307]
7ff38beff000-7ff38bf02000 ---p 00000000 00:00 0 
7ff38bf02000-7ff38c000000 rw-p 00000000 00:00 0                          [stack:8306]
7ff38c000000-7ff38c021000 rw-p 00000000 00:00 0 
7ff38c021000-7ff390000000 ---p 00000000 00:00 0 
7ff390000000-7ff39000b000 r--s 002ad000 08:07 5383930                    /home/mourad/dev/Workspaces/JAVALIBS/lwjgl-release-3.1.2-custom/lwjgl-opengl-javadoc.jar
7ff39000b000-7ff390011000 r--s 00051000 08:07 5383900                    /home/mourad/dev/Workspaces/JAVALIBS/lwjgl-release-3.1.2-custom/lwjgl-opengles-sources.jar
7ff390011000-7ff390013000 r--s 0001b000 08:07 5383910                    /home/mourad/dev/Workspaces/JAVALIBS/lwjgl-release-3.1.2-custom/lwjgl-opengles-natives-windows.jar
7ff390013000-7ff390014000 r--s 00007000 08:07 5383950                    /home/mourad/dev/Workspaces/JAVALIBS/lwjgl-release-3.1.2-custom/lwjgl-opengles-natives-linux.jar
7ff390014000-7ff39001a000 r--s 0014c000 08:07 5383822                    /home/mourad/dev/Workspaces/JAVALIBS/lwjgl-release-3.1.2-custom/lwjgl-opengles-javadoc.jar
7ff39001a000-7ff390020000 r--s 00044000 08:07 5383948                    /home/mourad/dev/Workspaces/JAVALIBS/lwjgl-release-3.1.2-custom/lwjgl-opengles.jar
7ff390020000-7ff39002a000 r--s 000ac000 08:07 5383845                    /home/mourad/dev/Workspaces/JAVALIBS/lwjgl-release-3.1.2-custom/lwjgl-opengl.jar
7ff39002a000-7ff39002d000 r--s 00031000 08:07 5383936                    /home/mourad/dev/Workspaces/JAVALIBS/lwjgl-release-3.1.2-custom/lwjgl-opencl-sources.jar
7ff39002d000-7ff390031000 r--s 000ce000 08:07 5383865                    /home/mourad/dev/Workspaces/JAVALIBS/lwjgl-release-3.1.2-custom/lwjgl-opencl-javadoc.jar
7ff390031000-7ff390034000 r--s 00023000 08:07 5383907                    /home/mourad/dev/Workspaces/JAVALIBS/lwjgl-release-3.1.2-custom/lwjgl-opencl.jar
7ff390034000-7ff390036000 r--s 00010000 08:07 5383898                    /home/mourad/dev/Workspaces/JAVALIBS/lwjgl-release-3.1.2-custom/lwjgl-openal-sources.jar
7ff390036000-7ff390038000 r--s 00102000 08:07 5383932                    /home/mourad/dev/Workspaces/JAVALIBS/lwjgl-release-3.1.2-custom/lwjgl-openal-natives-windows.jar
7ff390038000-7ff390039000 r--s 00077000 08:07 5383945                    /home/mourad/dev/Workspaces/JAVALIBS/lwjgl-release-3.1.2-custom/lwjgl-openal-natives-linux.jar
7ff390039000-7ff39003c000 r--s 0008d000 08:07 5383827                    /home/mourad/dev/Workspaces/JAVALIBS/lwjgl-release-3.1.2-custom/lwjgl-openal-javadoc.jar
7ff39003c000-7ff39003f000 r--s 00010000 08:07 5383916                    /home/mourad/dev/Workspaces/JAVALIBS/lwjgl-release-3.1.2-custom/lwjgl-openal.jar
7ff39003f000-7ff390042000 r--s 0003a000 08:07 5383953                    /home/mourad/dev/Workspaces/JAVALIBS/lwjgl-release-3.1.2-custom/lwjgl-nuklear-sources.jar
7ff390042000-7ff390043000 r--s 00040000 08:07 5383857                    /home/mourad/dev/Workspaces/JAVALIBS/lwjgl-release-3.1.2-custom/lwjgl-nuklear-natives-windows.jar
7ff390043000-7ff390044000 r--s 00021000 08:07 5383854                    /home/mourad/dev/Workspaces/JAVALIBS/lwjgl-release-3.1.2-custom/lwjgl-nuklear-natives-linux.jar
7ff390044000-7ff390049000 r--s 00112000 08:07 5383943                    /home/mourad/dev/Workspaces/JAVALIBS/lwjgl-release-3.1.2-custom/lwjgl-nuklear-javadoc.jar
7ff390049000-7ff39004f000 r--s 00054000 08:07 5383869                    /home/mourad/dev/Workspaces/JAVALIBS/lwjgl-release-3.1.2-custom/lwjgl-nuklear.jar
7ff39004f000-7ff390050000 r--s 00001000 08:07 5383879                    /home/mourad/dev/Workspaces/JAVALIBS/lwjgl-release-3.1.2-custom/lwjgl-nfd-sources.jar
7ff390050000-7ff390051000 r--s 0001f000 08:07 5383832                    /home/mourad/dev/Workspaces/JAVALIBS/lwjgl-release-3.1.2-custom/lwjgl-nfd-natives-windows.jar
7ff390051000-7ff390052000 r--s 00001000 08:07 5383871                    /home/mourad/dev/Workspaces/JAVALIBS/lwjgl-release-3.1.2-custom/lwjgl-nfd-natives-linux.jar
7ff390052000-7ff390055000 r--s 00059000 08:07 5383887                    /home/mourad/dev/Workspaces/JAVALIBS/lwjgl-release-3.1.2-custom/lwjgl-nfd-javadoc.jar
7ff390055000-7ff390056000 r--s 00001000 08:07 5383892                    /home/mourad/dev/Workspaces/JAVALIBS/lwjgl-release-3.1.2-custom/lwjgl-nfd.jar
7ff390056000-7ff390058000 r--s 00037000 08:07 5383856                    /home/mourad/dev/Workspaces/JAVALIBS/lwjgl-release-3.1.2-custom/lwjgl-natives-windows.jar
7ff390058000-7ff390062000 r--s 00116000 08:05 4329439                    /usr/java/jdk1.8.0_101/jre/lib/ext/localedata.jar
7ff390062000-7ff390063000 r--s 00012000 08:07 5383912                    /home/mourad/dev/Workspaces/JAVALIBS/lwjgl-release-3.1.2-custom/lwjgl-natives-linux.jar
7ff390063000-7ff390064000 r--s 00008000 08:07 5383842                    /home/mourad/dev/Workspaces/JAVALIBS/lwjgl-release-3.1.2-custom/lwjgl-nanovg-sources.jar
7ff390064000-7ff390065000 r--s 0005d000 08:07 5383906                    /home/mourad/dev/Workspaces/JAVALIBS/lwjgl-release-3.1.2-custom/lwjgl-nanovg-natives-windows.jar
7ff390065000-7ff390066000 r--s 00020000 08:07 5383941                    /home/mourad/dev/Workspaces/JAVALIBS/lwjgl-release-3.1.2-custom/lwjgl-nanovg-natives-linux.jar
7ff390066000-7ff390068000 r--s 0006d000 08:07 5383946                    /home/mourad/dev/Workspaces/JAVALIBS/lwjgl-release-3.1.2-custom/lwjgl-nanovg-javadoc.jar
7ff390068000-7ff39006a000 r--s 00008000 08:07 5383947                    /home/mourad/dev/Workspaces/JAVALIBS/lwjgl-release-3.1.2-custom/lwjgl-nanovg.jar
7ff39006a000-7ff39006b000 r--s 00008000 08:07 5383890                    /home/mourad/dev/Workspaces/JAVALIBS/lwjgl-release-3.1.2-custom/lwjgl-lmdb-sources.jar
7ff39006b000-7ff39006c000 r--s 0002c000 08:07 5383927                    /home/mourad/dev/Workspaces/JAVALIBS/lwjgl-release-3.1.2-custom/lwjgl-lmdb-natives-windows.jar
7ff39006c000-7ff39006d000 r--s 0000c000 08:07 5383876                    /home/mourad/dev/Workspaces/JAVALIBS/lwjgl-release-3.1.2-custom/lwjgl-lmdb-natives-linux.jar
7ff39006d000-7ff39006f000 r--s 0006b000 08:07 5383901                    /home/mourad/dev/Workspaces/JAVALIBS/lwjgl-release-3.1.2-custom/lwjgl-lmdb-javadoc.jar
7ff39006f000-7ff390071000 r--s 00005000 08:07 5383868                    /home/mourad/dev/Workspaces/JAVALIBS/lwjgl-release-3.1.2-custom/lwjgl-lmdb.jar
7ff390071000-7ff390073000 r--s 00005000 08:07 5383831                    /home/mourad/dev/Workspaces/JAVALIBS/lwjgl-release-3.1.2-custom/lwjgl-jemalloc-sources.jar
7ff390073000-7ff390074000 r--s 0002c000 08:07 5383889                    /home/mourad/dev/Workspaces/JAVALIBS/lwjgl-release-3.1.2-custom/lwjgl-jemalloc-natives-windows.jar
7ff390074000-7ff390075000 r--s 0001a000 08:07 5383847                    /home/mourad/dev/Workspaces/JAVALIBS/lwjgl-release-3.1.2-custom/lwjgl-jemalloc-natives-linux.jar
7ff390075000-7ff390078000 r--s 0006b000 08:07 5383874                    /home/mourad/dev/Workspaces/JAVALIBS/lwjgl-release-3.1.2-custom/lwjgl-jemalloc-javadoc.jar
7ff390078000-7ff39007a000 r--s 00007000 08:07 5383954                    /home/mourad/dev/Workspaces/JAVALIBS/lwjgl-release-3.1.2-custom/lwjgl-jemalloc.jar
7ff39007a000-7ff39007b000 r--s 00004000 08:07 5383933                    /home/mourad/dev/Workspaces/JAVALIBS/lwjgl-release-3.1.2-custom/lwjgl-jawt-sources.jar
7ff39007b000-7ff39007d000 r--s 00066000 08:07 5383905                    /home/mourad/dev/Workspaces/JAVALIBS/lwjgl-release-3.1.2-custom/lwjgl-jawt-javadoc.jar
7ff39007d000-7ff390082000 r--s 0010d000 08:07 5383925                    /home/mourad/dev/Workspaces/JAVALIBS/lwjgl-release-3.1.2-custom/lwjgl-javadoc.jar
7ff390082000-7ff390085000 r--s 00012000 08:07 5383934                    /home/mourad/dev/Workspaces/JAVALIBS/lwjgl-release-3.1.2-custom/lwjgl-glfw-sources.jar
7ff390085000-7ff390089000 r--s 00097000 08:07 5383922                    /home/mourad/dev/Workspaces/JAVALIBS/lwjgl-release-3.1.2-custom/lwjgl-glfw-javadoc.jar
7ff390089000-7ff39009c000 r--s 00345000 08:05 4329698                    /usr/java/jdk1.8.0_101/jre/lib/resources.jar
7ff39009c000-7ff39009f000 r--s 00015000 08:07 5383838                    /home/mourad/dev/Workspaces/JAVALIBS/lwjgl-release-3.1.2-custom/lwjgl-glfw.jar
7ff39009f000-7ff390228000 r--p 00000000 08:05 3410760                    /usr/lib/locale/locale-archive
7ff390228000-7ff39022b000 ---p 00000000 00:00 0 
7ff39022b000-7ff390329000 rw-p 00000000 00:00 0                          [stack:8305]
7ff390329000-7ff39032c000 ---p 00000000 00:00 0 
7ff39032c000-7ff39042a000 rw-p 00000000 00:00 0                          [stack:8304]
7ff39042a000-7ff39042b000 ---p 00000000 00:00 0 
7ff39042b000-7ff3914cb000 rw-p 00000000 00:00 0                          [stack:8303]
7ff3914cb000-7ff3916a4000 r--s 03d29000 08:05 4329596                    /usr/java/jdk1.8.0_101/jre/lib/rt.jar
7ff3916a4000-7ff391c9a000 rw-p 00000000 00:00 0 
7ff391c9a000-7ff391f1a000 ---p 00000000 00:00 0 
7ff391f1a000-7ff393834000 rw-p 00000000 00:00 0 
7ff393834000-7ff393835000 ---p 00000000 00:00 0 
7ff393835000-7ff393935000 rw-p 00000000 00:00 0                          [stack:8302]
7ff393935000-7ff393936000 ---p 00000000 00:00 0 
7ff393936000-7ff393a36000 rw-p 00000000 00:00 0                          [stack:8301]
7ff393a36000-7ff393a37000 ---p 00000000 00:00 0 
7ff393a37000-7ff393b37000 rw-p 00000000 00:00 0                          [stack:8300]
7ff393b37000-7ff393b38000 ---p 00000000 00:00 0 
7ff393b38000-7ff393c48000 rw-p 00000000 00:00 0                          [stack:8299]
7ff393c48000-7ff393d34000 ---p 00000000 00:00 0 
7ff393d34000-7ff393d3c000 rw-p 00000000 00:00 0 
7ff393d3c000-7ff393db2000 ---p 00000000 00:00 0 
7ff393db2000-7ff393dbd000 rw-p 00000000 00:00 0 
7ff393dbd000-7ff394173000 ---p 00000000 00:00 0 
7ff394173000-7ff3943e3000 rwxp 00000000 00:00 0 
7ff3943e3000-7ff3a3173000 ---p 00000000 00:00 0 
7ff3a3173000-7ff3a318d000 r-xp 00000000 08:05 4329625                    /usr/java/jdk1.8.0_101/jre/lib/amd64/libzip.so
7ff3a318d000-7ff3a338d000 ---p 0001a000 08:05 4329625                    /usr/java/jdk1.8.0_101/jre/lib/amd64/libzip.so
7ff3a338d000-7ff3a338e000 rw-p 0001a000 08:05 4329625                    /usr/java/jdk1.8.0_101/jre/lib/amd64/libzip.so
7ff3a338e000-7ff3a3399000 r-xp 00000000 08:05 2490591                    /lib/x86_64-linux-gnu/libnss_files-2.19.so
7ff3a3399000-7ff3a3598000 ---p 0000b000 08:05 2490591                    /lib/x86_64-linux-gnu/libnss_files-2.19.so
7ff3a3598000-7ff3a3599000 r--p 0000a000 08:05 2490591                    /lib/x86_64-linux-gnu/libnss_files-2.19.so
7ff3a3599000-7ff3a359a000 rw-p 0000b000 08:05 2490591                    /lib/x86_64-linux-gnu/libnss_files-2.19.so
7ff3a359a000-7ff3a35a4000 r-xp 00000000 08:05 2490664                    /lib/x86_64-linux-gnu/libnss_nis-2.19.so
7ff3a35a4000-7ff3a37a3000 ---p 0000a000 08:05 2490664                    /lib/x86_64-linux-gnu/libnss_nis-2.19.so
7ff3a37a3000-7ff3a37a4000 r--p 00009000 08:05 2490664                    /lib/x86_64-linux-gnu/libnss_nis-2.19.so
7ff3a37a4000-7ff3a37a5000 rw-p 0000a000 08:05 2490664                    /lib/x86_64-linux-gnu/libnss_nis-2.19.so
7ff3a37a5000-7ff3a37ba000 r-xp 00000000 08:05 2490584                    /lib/x86_64-linux-gnu/libnsl-2.19.so
7ff3a37ba000-7ff3a39b9000 ---p 00015000 08:05 2490584                    /lib/x86_64-linux-gnu/libnsl-2.19.so
7ff3a39b9000-7ff3a39ba000 r--p 00014000 08:05 2490584                    /lib/x86_64-linux-gnu/libnsl-2.19.so
7ff3a39ba000-7ff3a39bb000 rw-p 00015000 08:05 2490584                    /lib/x86_64-linux-gnu/libnsl-2.19.so
7ff3a39bb000-7ff3a39bd000 rw-p 00000000 00:00 0 
7ff3a39bd000-7ff3a39c4000 r-xp 00000000 08:05 2490587                    /lib/x86_64-linux-gnu/libnss_compat-2.19.so
7ff3a39c4000-7ff3a3bc3000 ---p 00007000 08:05 2490587                    /lib/x86_64-linux-gnu/libnss_compat-2.19.so
7ff3a3bc3000-7ff3a3bc4000 r--p 00006000 08:05 2490587                    /lib/x86_64-linux-gnu/libnss_compat-2.19.so
7ff3a3bc4000-7ff3a3bc5000 rw-p 00007000 08:05 2490587                    /lib/x86_64-linux-gnu/libnss_compat-2.19.so
7ff3a3bc5000-7ff3a3bef000 r-xp 00000000 08:05 4329649                    /usr/java/jdk1.8.0_101/jre/lib/amd64/libjava.so
7ff3a3bef000-7ff3a3def000 ---p 0002a000 08:05 4329649                    /usr/java/jdk1.8.0_101/jre/lib/amd64/libjava.so
7ff3a3def000-7ff3a3df1000 rw-p 0002a000 08:05 4329649                    /usr/java/jdk1.8.0_101/jre/lib/amd64/libjava.so
7ff3a3df1000-7ff3a3dfe000 r-xp 00000000 08:05 4329605                    /usr/java/jdk1.8.0_101/jre/lib/amd64/libverify.so
7ff3a3dfe000-7ff3a3ffe000 ---p 0000d000 08:05 4329605                    /usr/java/jdk1.8.0_101/jre/lib/amd64/libverify.so
7ff3a3ffe000-7ff3a4000000 rw-p 0000d000 08:05 4329605                    /usr/java/jdk1.8.0_101/jre/lib/amd64/libverify.so
7ff3a4000000-7ff3a4be7000 rw-p 00000000 00:00 0 
7ff3a4be7000-7ff3a8000000 ---p 00000000 00:00 0 
7ff3a8000000-7ff3a8001000 r--s 00005000 08:07 5383848                    /home/mourad/dev/Workspaces/JAVALIBS/lwjgl-release-3.1.2-custom/lwjgl-jawt.jar
7ff3a8001000-7ff3a8002000 r--s 00037000 08:07 5383929                    /home/mourad/dev/Workspaces/JAVALIBS/lwjgl-release-3.1.2-custom/lwjgl-glfw-natives-windows.jar
7ff3a8002000-7ff3a8005000 r--s 0001f000 08:07 5383849                    /home/mourad/dev/Workspaces/JAVALIBS/lwjgl-release-3.1.2-custom/lwjgl-egl-sources.jar
7ff3a8005000-7ff3a800a000 r--s 000c1000 08:07 5383939                    /home/mourad/dev/Workspaces/JAVALIBS/lwjgl-release-3.1.2-custom/lwjgl-egl-javadoc.jar
7ff3a800a000-7ff3a800e000 r--s 0001b000 08:07 5383853                    /home/mourad/dev/Workspaces/JAVALIBS/lwjgl-release-3.1.2-custom/lwjgl-egl.jar
7ff3a800e000-7ff3a8010000 r--s 00018000 08:07 5383920                    /home/mourad/dev/Workspaces/JAVALIBS/lwjgl-release-3.1.2-custom/lwjgl-bgfx-sources.jar
7ff3a8010000-7ff3a8041000 rw-p 00000000 00:00 0 
7ff3a8041000-7ff3a812d000 ---p 00000000 00:00 0 
7ff3a812d000-7ff3a8134000 r-xp 00000000 08:05 2490933                    /lib/x86_64-linux-gnu/librt-2.19.so
7ff3a8134000-7ff3a8333000 ---p 00007000 08:05 2490933                    /lib/x86_64-linux-gnu/librt-2.19.so
7ff3a8333000-7ff3a8334000 r--p 00006000 08:05 2490933                    /lib/x86_64-linux-gnu/librt-2.19.so
7ff3a8334000-7ff3a8335000 rw-p 00007000 08:05 2490933                    /lib/x86_64-linux-gnu/librt-2.19.so
7ff3a8335000-7ff3a8435000 r-xp 00000000 08:05 2490564                    /lib/x86_64-linux-gnu/libm-2.19.so
7ff3a8435000-7ff3a8634000 ---p 00100000 08:05 2490564                    /lib/x86_64-linux-gnu/libm-2.19.so
7ff3a8634000-7ff3a8635000 r--p 000ff000 08:05 2490564                    /lib/x86_64-linux-gnu/libm-2.19.so
7ff3a8635000-7ff3a8636000 rw-p 00100000 08:05 2490564                    /lib/x86_64-linux-gnu/libm-2.19.so
7ff3a8636000-7ff3a9301000 r-xp 00000000 08:05 4329663                    /usr/java/jdk1.8.0_101/jre/lib/amd64/server/libjvm.so
7ff3a9301000-7ff3a9500000 ---p 00ccb000 08:05 4329663                    /usr/java/jdk1.8.0_101/jre/lib/amd64/server/libjvm.so
7ff3a9500000-7ff3a95d9000 rw-p 00cca000 08:05 4329663                    /usr/java/jdk1.8.0_101/jre/lib/amd64/server/libjvm.so
7ff3a95d9000-7ff3a9624000 rw-p 00000000 00:00 0 
7ff3a9624000-7ff3a97c5000 r-xp 00000000 08:05 2490544                    /lib/x86_64-linux-gnu/libc-2.19.so
7ff3a97c5000-7ff3a99c5000 ---p 001a1000 08:05 2490544                    /lib/x86_64-linux-gnu/libc-2.19.so
7ff3a99c5000-7ff3a99c9000 r--p 001a1000 08:05 2490544                    /lib/x86_64-linux-gnu/libc-2.19.so
7ff3a99c9000-7ff3a99cb000 rw-p 001a5000 08:05 2490544                    /lib/x86_64-linux-gnu/libc-2.19.so
7ff3a99cb000-7ff3a99cf000 rw-p 00000000 00:00 0 
7ff3a99cf000-7ff3a99d2000 r-xp 00000000 08:05 2490562                    /lib/x86_64-linux-gnu/libdl-2.19.so
7ff3a99d2000-7ff3a9bd1000 ---p 00003000 08:05 2490562                    /lib/x86_64-linux-gnu/libdl-2.19.so
7ff3a9bd1000-7ff3a9bd2000 r--p 00002000 08:05 2490562                    /lib/x86_64-linux-gnu/libdl-2.19.so
7ff3a9bd2000-7ff3a9bd3000 rw-p 00003000 08:05 2490562                    /lib/x86_64-linux-gnu/libdl-2.19.so
7ff3a9bd3000-7ff3a9be8000 r-xp 00000000 08:05 4215874                    /usr/java/jdk1.8.0_101/lib/amd64/jli/libjli.so
7ff3a9be8000-7ff3a9de8000 ---p 00015000 08:05 4215874                    /usr/java/jdk1.8.0_101/lib/amd64/jli/libjli.so
7ff3a9de8000-7ff3a9de9000 rw-p 00015000 08:05 4215874                    /usr/java/jdk1.8.0_101/lib/amd64/jli/libjli.so
7ff3a9de9000-7ff3a9e01000 r-xp 00000000 08:05 2490378                    /lib/x86_64-linux-gnu/libpthread-2.19.so
7ff3a9e01000-7ff3aa000000 ---p 00018000 08:05 2490378                    /lib/x86_64-linux-gnu/libpthread-2.19.so
7ff3aa000000-7ff3aa001000 r--p 00017000 08:05 2490378                    /lib/x86_64-linux-gnu/libpthread-2.19.so
7ff3aa001000-7ff3aa002000 rw-p 00018000 08:05 2490378                    /lib/x86_64-linux-gnu/libpthread-2.19.so
7ff3aa002000-7ff3aa006000 rw-p 00000000 00:00 0 
7ff3aa006000-7ff3aa026000 r-xp 00000000 08:05 2490383                    /lib/x86_64-linux-gnu/ld-2.19.so
7ff3aa026000-7ff3aa027000 r--s 0000e000 08:07 5383935                    /home/mourad/dev/Workspaces/JAVALIBS/lwjgl-release-3.1.2-custom/lwjgl-glfw-natives-linux.jar
7ff3aa027000-7ff3aa028000 r--s 0009b000 08:07 5383870                    /home/mourad/dev/Workspaces/JAVALIBS/lwjgl-release-3.1.2-custom/lwjgl-bgfx-natives-windows.jar
7ff3aa028000-7ff3aa02a000 r--s 00046000 08:07 5383860                    /home/mourad/dev/Workspaces/JAVALIBS/lwjgl-release-3.1.2-custom/lwjgl-bgfx-natives-linux.jar
7ff3aa02a000-7ff3aa02e000 r--s 000ac000 08:07 5383864                    /home/mourad/dev/Workspaces/JAVALIBS/lwjgl-release-3.1.2-custom/lwjgl-bgfx-javadoc.jar
7ff3aa02e000-7ff3aa031000 r--s 0001f000 08:07 5383834                    /home/mourad/dev/Workspaces/JAVALIBS/lwjgl-release-3.1.2-custom/lwjgl-bgfx.jar
7ff3aa031000-7ff3aa033000 r--s 00026000 08:07 5383852                    /home/mourad/dev/Workspaces/JAVALIBS/lwjgl-release-3.1.2-custom/lwjgl-assimp-sources.jar
7ff3aa033000-7ff3aa034000 r--s 0037b000 08:07 5383873                    /home/mourad/dev/Workspaces/JAVALIBS/lwjgl-release-3.1.2-custom/lwjgl-assimp-natives-windows.jar
7ff3aa034000-7ff3aa035000 r--s 002ad000 08:07 5383880                    /home/mourad/dev/Workspaces/JAVALIBS/lwjgl-release-3.1.2-custom/lwjgl-assimp-natives-linux.jar
7ff3aa035000-7ff3aa039000 r--s 000d4000 08:07 5383942                    /home/mourad/dev/Workspaces/JAVALIBS/lwjgl-release-3.1.2-custom/lwjgl-assimp-javadoc.jar
7ff3aa039000-7ff3aa03c000 r--s 0002a000 08:07 5383881                    /home/mourad/dev/Workspaces/JAVALIBS/lwjgl-release-3.1.2-custom/lwjgl-assimp.jar
7ff3aa03c000-7ff3aa0e0000 rw-p 00000000 00:00 0 
7ff3aa0e0000-7ff3aa0e3000 ---p 00000000 00:00 0 
7ff3aa0e3000-7ff3aa1e5000 rw-p 00000000 00:00 0                          [stack:8298]
7ff3aa1e5000-7ff3aa1ea000 r--s 0003e000 08:07 5383821                    /home/mourad/dev/Workspaces/JAVALIBS/lwjgl-release-3.1.2-custom/lwjgl.jar
7ff3aa1ea000-7ff3aa21a000 rw-p 00000000 00:00 0 
7ff3aa21a000-7ff3aa222000 rw-s 00000000 08:05 4458818                    /tmp/hsperfdata_mourad/8292
7ff3aa222000-7ff3aa223000 rw-p 00000000 00:00 0 
7ff3aa223000-7ff3aa224000 r--p 00000000 00:00 0 
7ff3aa224000-7ff3aa226000 rw-p 00000000 00:00 0 
7ff3aa226000-7ff3aa227000 r--p 00020000 08:05 2490383                    /lib/x86_64-linux-gnu/ld-2.19.so
7ff3aa227000-7ff3aa228000 rw-p 00021000 08:05 2490383                    /lib/x86_64-linux-gnu/ld-2.19.so
7ff3aa228000-7ff3aa229000 rw-p 00000000 00:00 0 
7ffda3044000-7ffda3067000 rw-p 00000000 00:00 0                          [stack]
7ffda31b5000-7ffda31b7000 r-xp 00000000 00:00 0                          [vdso]
7ffda31b7000-7ffda31b9000 r--p 00000000 00:00 0                          [vvar]
ffffffffff600000-ffffffffff601000 r-xp 00000000 00:00 0                  [vsyscall]

VM Arguments:
jvm_args: -Dfile.encoding=UTF-8 
java_command: com.base.engine.MainComponent
java_class_path (initial): /home/mourad/git/GameEngine/bin:/home/mourad/dev/Workspaces/JAVALIBS/lwjgl-release-3.1.2-custom/lwjgl.jar:/home/mourad/dev/Workspaces/JAVALIBS/lwjgl-release-3.1.2-custom/lwjgl-assimp.jar:/home/mourad/dev/Workspaces/JAVALIBS/lwjgl-release-3.1.2-custom/lwjgl-assimp-javadoc.jar:/home/mourad/dev/Workspaces/JAVALIBS/lwjgl-release-3.1.2-custom/lwjgl-assimp-natives-linux.jar:/home/mourad/dev/Workspaces/JAVALIBS/lwjgl-release-3.1.2-custom/lwjgl-assimp-natives-windows.jar:/home/mourad/dev/Workspaces/JAVALIBS/lwjgl-release-3.1.2-custom/lwjgl-assimp-sources.jar:/home/mourad/dev/Workspaces/JAVALIBS/lwjgl-release-3.1.2-custom/lwjgl-bgfx.jar:/home/mourad/dev/Workspaces/JAVALIBS/lwjgl-release-3.1.2-custom/lwjgl-bgfx-javadoc.jar:/home/mourad/dev/Workspaces/JAVALIBS/lwjgl-release-3.1.2-custom/lwjgl-bgfx-natives-linux.jar:/home/mourad/dev/Workspaces/JAVALIBS/lwjgl-release-3.1.2-custom/lwjgl-bgfx-natives-windows.jar:/home/mourad/dev/Workspaces/JAVALIBS/lwjgl-release-3.1.2-custom/lwjgl-bgfx-sources.jar:/home/mourad/dev/Workspaces/JAVALIBS/lwjgl-release-3.1.2-custom/lwjgl-egl.jar:/home/mourad/dev/Workspaces/JAVALIBS/lwjgl-release-3.1.2-custom/lwjgl-egl-javadoc.jar:/home/mourad/dev/Workspaces/JAVALIBS/lwjgl-release-3.1.2-custom/lwjgl-egl-sources.jar:/home/mourad/dev/Workspaces/JAVALIBS/lwjgl-release-3.1.2-custom/lwjgl-glfw.jar:/home/mourad/dev/Workspaces/JAVALIBS/lwjgl-release-3.1.2-custom/lwjgl-glfw-javadoc.jar:/home/mourad/dev/Workspaces/JAVALIBS/lwjgl-release-3.1.2-custom/lwjgl-glfw-natives-linux.jar:/home/mourad/dev/Workspaces/JAVALIBS/lwjgl-release-3.1.2-custom/lwjgl-glfw-natives-windows.jar:/home/mourad/dev/Workspaces/JAVALIBS/lwjgl-release-3.1.2-custom/lwjgl-glfw-sources.jar:/home/mourad/dev/Workspaces/JAVALIBS/lwjgl-release-3.1.2-custom/lwjgl-javadoc.jar:/home/mourad/dev/Workspaces/JAVALIBS/lwjgl-release-3.1.2-custom/lwjgl-jawt.jar:/home/mourad/dev/Workspaces/JAVALIBS/lwjgl-release-3.1.2-custom/lwjgl-jawt-javadoc.jar:/home/mourad/dev/Workspaces/JAVALI
Launcher Type: SUN_STANDARD

Environment Variables:
PATH=/usr/local/bin:/usr/bin:/bin:/usr/local/games:/usr/games:/usr/local/cuda/bin
USERNAME=mourad
SHELL=/bin/bash
DISPLAY=:0.0

Signal Handlers:
SIGSEGV: [libjvm.so+0xac4790], sa_mask[0]=11111111011111111101111111111110, sa_flags=SA_RESTART|SA_SIGINFO
SIGBUS: [libjvm.so+0xac4790], sa_mask[0]=11111111011111111101111111111110, sa_flags=SA_RESTART|SA_SIGINFO
SIGFPE: [libjvm.so+0x91f140], sa_mask[0]=11111111011111111101111111111110, sa_flags=SA_RESTART|SA_SIGINFO
SIGPIPE: [libjvm.so+0x91f140], sa_mask[0]=11111111011111111101111111111110, sa_flags=SA_RESTART|SA_SIGINFO
SIGXFSZ: [libjvm.so+0x91f140], sa_mask[0]=11111111011111111101111111111110, sa_flags=SA_RESTART|SA_SIGINFO
SIGILL: [libjvm.so+0x91f140], sa_mask[0]=11111111011111111101111111111110, sa_flags=SA_RESTART|SA_SIGINFO
SIGUSR1: SIG_DFL, sa_mask[0]=00000000000000000000000000000000, sa_flags=none
SIGUSR2: [libjvm.so+0x920770], sa_mask[0]=00100000000000000000000000000000, sa_flags=SA_RESTART|SA_SIGINFO
SIGHUP: [libjvm.so+0x921b70], sa_mask[0]=11111111011111111101111111111110, sa_flags=SA_RESTART|SA_SIGINFO
SIGINT: [libjvm.so+0x921b70], sa_mask[0]=11111111011111111101111111111110, sa_flags=SA_RESTART|SA_SIGINFO
SIGTERM: [libjvm.so+0x921b70], sa_mask[0]=11111111011111111101111111111110, sa_flags=SA_RESTART|SA_SIGINFO
SIGQUIT: [libjvm.so+0x921b70], sa_mask[0]=11111111011111111101111111111110, sa_flags=SA_RESTART|SA_SIGINFO


---------------  S Y S T E M  ---------------

OS:PRETTY_NAME="Debian GNU/Linux 8 (jessie)"
NAME="Debian GNU/Linux"
VERSION_ID="8"
VERSION="8 (jessie)"
ID=debian
HOME_URL="http://www.debian.org/"
SUPPORT_URL="http://www.debian.org/support"
BUG_REPORT_URL="https://bugs.debian.org/"

uname:Linux 3.16.0-4-amd64 #1 SMP Debian 3.16.39-1 (2016-12-30) x86_64
libc:glibc 2.19 NPTL 2.19 
rlimit: STACK 8192k, CORE 0k, NPROC 12006, NOFILE 65536, AS infinity
load average:0,27 0,27 0,29

/proc/meminfo:
MemTotal:        3092180 kB
MemFree:          174116 kB
MemAvailable:    1143948 kB
Buffers:          258460 kB
Cached:           768048 kB
SwapCached:          304 kB
Active:          2025688 kB
Inactive:         619668 kB
Active(anon):    1476480 kB
Inactive(anon):   162352 kB
Active(file):     549208 kB
Inactive(file):   457316 kB
Unevictable:          16 kB
Mlocked:              16 kB
SwapTotal:       4881404 kB
SwapFree:        4880756 kB
Dirty:                24 kB
Writeback:             0 kB
AnonPages:       1618704 kB
Mapped:           357776 kB
Shmem:             19988 kB
Slab:             164452 kB
SReclaimable:     132244 kB
SUnreclaim:        32208 kB
KernelStack:        7408 kB
PageTables:        32224 kB
NFS_Unstable:          0 kB
Bounce:                0 kB
WritebackTmp:          0 kB
CommitLimit:     6427492 kB
Committed_AS:    4587932 kB
VmallocTotal:   34359738367 kB
VmallocUsed:      112908 kB
VmallocChunk:   34359622780 kB
HardwareCorrupted:     0 kB
AnonHugePages:         0 kB
HugePages_Total:       0
HugePages_Free:        0
HugePages_Rsvd:        0
HugePages_Surp:        0
Hugepagesize:       2048 kB
DirectMap4k:      157248 kB
DirectMap2M:     2988032 kB


CPU:total 4 (4 cores per cpu, 1 threads per core) family 6 model 15 stepping 11, cmov, cx8, fxsr, mmx, sse, sse2, sse3, ssse3, tsc

/proc/cpuinfo:
processor	: 0
vendor_id	: GenuineIntel
cpu family	: 6
model		: 15
model name	: Intel(R) Core(TM)2 Quad CPU    Q6600  @ 2.40GHz
stepping	: 11
microcode	: 0xb6
cpu MHz		: 2394.000
cache size	: 4096 KB
physical id	: 0
siblings	: 4
core id		: 0
cpu cores	: 4
apicid		: 0
initial apicid	: 0
fpu		: yes
fpu_exception	: yes
cpuid level	: 10
wp		: yes
flags		: fpu vme de pse tsc msr pae mce cx8 apic sep mtrr pge mca cmov pat pse36 clflush dts acpi mmx fxsr sse sse2 ss ht tm pbe syscall nx lm constant_tsc arch_perfmon pebs bts rep_good nopl aperfmperf pni dtes64 monitor ds_cpl vmx est tm2 ssse3 cx16 xtpr pdcm lahf_lm dtherm tpr_shadow vnmi flexpriority
bogomips	: 4799.66
clflush size	: 64
cache_alignment	: 64
address sizes	: 36 bits physical, 48 bits virtual
power management:

processor	: 1
vendor_id	: GenuineIntel
cpu family	: 6
model		: 15
model name	: Intel(R) Core(TM)2 Quad CPU    Q6600  @ 2.40GHz
stepping	: 11
microcode	: 0xb6
cpu MHz		: 2394.000
cache size	: 4096 KB
physical id	: 0
siblings	: 4
core id		: 2
cpu cores	: 4
apicid		: 2
initial apicid	: 2
fpu		: yes
fpu_exception	: yes
cpuid level	: 10
wp		: yes
flags		: fpu vme de pse tsc msr pae mce cx8 apic sep mtrr pge mca cmov pat pse36 clflush dts acpi mmx fxsr sse sse2 ss ht tm pbe syscall nx lm constant_tsc arch_perfmon pebs bts rep_good nopl aperfmperf pni dtes64 monitor ds_cpl vmx est tm2 ssse3 cx16 xtpr pdcm lahf_lm dtherm tpr_shadow vnmi flexpriority
bogomips	: 4799.66
clflush size	: 64
cache_alignment	: 64
address sizes	: 36 bits physical, 48 bits virtual
power management:

processor	: 2
vendor_id	: GenuineIntel
cpu family	: 6
model		: 15
model name	: Intel(R) Core(TM)2 Quad CPU    Q6600  @ 2.40GHz
stepping	: 11
microcode	: 0xb6
cpu MHz		: 2394.000
cache size	: 4096 KB
physical id	: 0
siblings	: 4
core id		: 1
cpu cores	: 4
apicid		: 1
initial apicid	: 1
fpu		: yes
fpu_exception	: yes
cpuid level	: 10
wp		: yes
flags		: fpu vme de pse tsc msr pae mce cx8 apic sep mtrr pge mca cmov pat pse36 clflush dts acpi mmx fxsr sse sse2 ss ht tm pbe syscall nx lm constant_tsc arch_perfmon pebs bts rep_good nopl aperfmperf pni dtes64 monitor ds_cpl vmx est tm2 ssse3 cx16 xtpr pdcm lahf_lm dtherm tpr_shadow vnmi flexpriority
bogomips	: 4799.66
clflush size	: 64
cache_alignment	: 64
address sizes	: 36 bits physical, 48 bits virtual
power management:

processor	: 3
vendor_id	: GenuineIntel
cpu family	: 6
model		: 15
model name	: Intel(R) Core(TM)2 Quad CPU    Q6600  @ 2.40GHz
stepping	: 11
microcode	: 0xb6
cpu MHz		: 2394.000
cache size	: 4096 KB
physical id	: 0
siblings	: 4
core id		: 3
cpu cores	: 4
apicid		: 3
initial apicid	: 3
fpu		: yes
fpu_exception	: yes
cpuid level	: 10
wp		: yes
flags		: fpu vme de pse tsc msr pae mce cx8 apic sep mtrr pge mca cmov pat pse36 clflush dts acpi mmx fxsr sse sse2 ss ht tm pbe syscall nx lm constant_tsc arch_perfmon pebs bts rep_good nopl aperfmperf pni dtes64 monitor ds_cpl vmx est tm2 ssse3 cx16 xtpr pdcm lahf_lm dtherm tpr_shadow vnmi flexpriority
bogomips	: 4799.66
clflush size	: 64
cache_alignment	: 64
address sizes	: 36 bits physical, 48 bits virtual
power management:



Memory: 4k page, physical 3092180k(174116k free), swap 4881404k(4880756k free)

vm_info: Java HotSpot(TM) 64-Bit Server VM (25.101-b13) for linux-amd64 JRE (1.8.0_101-b13), built on Jun 22 2016 02:59:44 by "java_re" with gcc 4.3.0 20080428 (Red Hat 4.3.0-8)

time: Sat Jul 15 23:12:02 2017
elapsed time: 0 seconds (0d 0h 0m 0s)

