#
# A fatal error has been detected by the Java Runtime Environment:
#
#  SIGSEGV (0xb) at pc=0x00007fc81d20b2d0, pid=3444, tid=0x00007fc870de5700
#
# JRE version: Java(TM) SE Runtime Environment (8.0_111-b14) (build 1.8.0_111-b14)
# Java VM: Java HotSpot(TM) 64-Bit Server VM (25.111-b14 mixed mode linux-amd64 compressed oops)
# Problematic frame:
# C  [libnvidia-glcore.so.340.102+0x170f2d0]
#
# Failed to write core dump. Core dumps have been disabled. To enable core dumping, try "ulimit -c unlimited" before starting Java again
#
# If you would like to submit a bug report, please visit:
#   http://bugreport.java.com/bugreport/crash.jsp
# The crash happened outside the Java Virtual Machine in native code.
# See problematic frame for where to report the bug.
#

---------------  T H R E A D  ---------------

Current thread (0x00007fc86800e800):  JavaThread "main" [_thread_in_native, id=3449, stack(0x00007fc870ce5000,0x00007fc870de6000)]

siginfo: si_signo: 11 (SIGSEGV), si_code: 1 (SEGV_MAPERR), si_addr: 0x0000000000000000

Registers:
RAX=0x0000000040100c48, RBX=0x00000000401008c8, RCX=0x0000000000000008, RDX=0x000000000000000c
RSP=0x00007fc870de4258, RBP=0x00007fc868bab410, RSI=0x0000000000000000, RDI=0x00007fc818fd3500
R8 =0x00007fc818fd3500, R9 =0x0000000000000008, R10=0x0000000000000000, R11=0x00007fc868c4c100
R12=0x00000000400b5000, R13=0x00000000ffffffff, R14=0x0000000000000000, R15=0x00007fc854020670
RIP=0x00007fc81d20b2d0, EFLAGS=0x0000000000010246, CSGSFS=0x0000000000000033, ERR=0x0000000000000004
  TRAPNO=0x000000000000000e

Top of Stack: (sp=0x00007fc870de4258)
0x00007fc870de4258:   00007fc81d322e33 00007fc868c4b2bc
0x00007fc870de4268:   01007fc81d3071d8 01007fc800000010
0x00007fc870de4278:   0000000000de42b0 0000000000000008
0x00007fc870de4288:   00000000400b5000 00007fc818fd3500
0x00007fc870de4298:   00007fc81d20b2c0 0000000008c30560
0x00007fc870de42a8:   00000000401008c8 3fffffff00000000
0x00007fc870de42b8:   00007fc81e9c5b79 0000000000000000
0x00007fc870de42c8:   00000001401008c8 0000000000000000
0x00007fc870de42d8:   0000000040100c48 00007fc868c49130
0x00007fc870de42e8:   0000000000000000 0000000000000003
0x00007fc870de42f8:   10c0000000000000 0000000000000003
0x00007fc870de4308:   10c0000000000000 00007fc81d6f9464
0x00007fc870de4318:   00000000401008c8 0000000040100fd0
0x00007fc870de4328:   00000000400b5000 00000000ffffffff
0x00007fc870de4338:   0000000000000000 0000000000000024
0x00007fc870de4348:   00007fc81d324e25 00007fc870de438c
0x00007fc870de4358:   00007fc870de4388 0000000400001405
0x00007fc870de4368:   00007fc868bab410 0000000000000003
0x00007fc870de4378:   00c0000000000000 0000000000000003
0x00007fc870de4388:   0000000000000008 00c0000000000000
0x00007fc870de4398:   00000000401008c8 00000000400b5000
0x00007fc870de43a8:   0000000000000000 0000000000000024
0x00007fc870de43b8:   0000000040100fd0 0000000000000004
0x00007fc870de43c8:   00007fc81d32515e 0000000000000000
0x00007fc870de43d8:   00000000400b5000 00000000400f4850
0x00007fc870de43e8:   00007fc81e9c5b79 00007fc868e61f90
0x00007fc870de43f8:   00007fc870de4420 0000140500000010
0x00007fc870de4408:   00000000ffffffff 00007fc868bab410
0x00007fc870de4418:   01007fc854020568 00007fc870de44b0
0x00007fc870de4428:   0000000000000004 00007fc868e60c40
0x00007fc870de4438:   00007fc81ce957ac 00000000400b5000
0x00007fc870de4448:   00007fc868e61020 00007fc868e60c40 

Instructions: (pc=0x00007fc81d20b2d0)
0x00007fc81d20b2b0:   c3 90 66 66 66 66 66 2e 0f 1f 84 00 00 00 00 00
0x00007fc81d20b2c0:   48 63 d2 49 89 f8 41 89 c9 0f 1f 80 00 00 00 00
0x00007fc81d20b2d0:   8b 06 41 89 00 8b 46 04 41 89 40 04 8b 46 08 48
0x00007fc81d20b2e0:   01 d6 41 89 40 08 49 83 c0 0c 41 ff c9 75 e1 8d 

Register to memory mapping:

RAX=0x0000000040100c48 is an unknown value
RBX=0x00000000401008c8 is an unknown value
RCX=0x0000000000000008 is an unknown value
RDX=0x000000000000000c is an unknown value
RSP=0x00007fc870de4258 is pointing into the stack for thread: 0x00007fc86800e800
RBP=0x00007fc868bab410 is an unknown value
RSI=0x0000000000000000 is an unknown value
RDI=0x00007fc818fd3500 is an unknown value
R8 =0x00007fc818fd3500 is an unknown value
R9 =0x0000000000000008 is an unknown value
R10=0x0000000000000000 is an unknown value
R11=0x00007fc868c4c100 is an unknown value
R12=0x00000000400b5000 is an unknown value
R13=0x00000000ffffffff is an unallocated location in the heap
R14=0x0000000000000000 is an unknown value
R15=0x00007fc854020670 is an unknown value


Stack: [0x00007fc870ce5000,0x00007fc870de6000],  sp=0x00007fc870de4258,  free space=1020k
Native frames: (J=compiled Java code, j=interpreted, Vv=VM code, C=native code)
C  [libnvidia-glcore.so.340.102+0x170f2d0]

Java frames: (J=compiled Java code, j=interpreted, Vv=VM code)
j  org.lwjgl.opengl.GL11.nglDrawElements(IIIJ)V+0
j  org.lwjgl.opengl.GL11.glDrawElements(IIIJ)V+4
j  com.dep.lwjgl3.Mesh.draw()V+43
j  com.base.engine.Game.render()V+27
j  com.base.engine.MainComponent.render()V+7
j  com.base.engine.MainComponent.run()V+170
j  com.base.engine.MainComponent.start()V+12
j  com.base.engine.MainComponent.main([Ljava/lang/String;)V+9
v  ~StubRoutines::call_stub

---------------  P R O C E S S  ---------------

Java Threads: ( => current thread )
  0x00007fc868e5c000 JavaThread "Game Engine" [_thread_in_native, id=3465, stack(0x00007fc815a5a000,0x00007fc815b5b000)]
  0x00007fc8680d7000 JavaThread "Service Thread" daemon [_thread_blocked, id=3461, stack(0x00007fc855fe4000,0x00007fc8560e5000)]
  0x00007fc8680c2000 JavaThread "C1 CompilerThread2" daemon [_thread_in_native, id=3460, stack(0x00007fc8560e5000,0x00007fc8561e6000)]
  0x00007fc8680c0000 JavaThread "C2 CompilerThread1" daemon [_thread_blocked, id=3459, stack(0x00007fc8561e6000,0x00007fc8562e7000)]
  0x00007fc8680bd800 JavaThread "C2 CompilerThread0" daemon [_thread_blocked, id=3458, stack(0x00007fc8562e7000,0x00007fc8563e8000)]
  0x00007fc8680bc000 JavaThread "Signal Dispatcher" daemon [_thread_blocked, id=3457, stack(0x00007fc8563e8000,0x00007fc8564e9000)]
  0x00007fc868088800 JavaThread "Finalizer" daemon [_thread_blocked, id=3456, stack(0x00007fc856672000,0x00007fc856773000)]
  0x00007fc868084000 JavaThread "Reference Handler" daemon [_thread_blocked, id=3455, stack(0x00007fc856773000,0x00007fc856874000)]
=>0x00007fc86800e800 JavaThread "main" [_thread_in_native, id=3449, stack(0x00007fc870ce5000,0x00007fc870de6000)]

Other Threads:
  0x00007fc86807c800 VMThread [stack: 0x00007fc856874000,0x00007fc856975000] [id=3454]
  0x00007fc8680da800 WatcherThread [stack: 0x00007fc855ee3000,0x00007fc855fe4000] [id=3462]

VM state:not at safepoint (normal execution)

VM Mutex/Monitor currently owned by a thread: None

Heap:
 PSYoungGen      total 18432K, used 3178K [0x00000000ebf00000, 0x00000000ed380000, 0x0000000100000000)
  eden space 15872K, 3% used [0x00000000ebf00000,0x00000000ebf9d648,0x00000000ece80000)
  from space 2560K, 99% used [0x00000000ece80000,0x00000000ed0fd4f0,0x00000000ed100000)
  to   space 2560K, 0% used [0x00000000ed100000,0x00000000ed100000,0x00000000ed380000)
 ParOldGen       total 42496K, used 872K [0x00000000c3c00000, 0x00000000c6580000, 0x00000000ebf00000)
  object space 42496K, 2% used [0x00000000c3c00000,0x00000000c3cda3e8,0x00000000c6580000)
 Metaspace       used 8440K, capacity 8693K, committed 8832K, reserved 1056768K
  class space    used 771K, capacity 846K, committed 896K, reserved 1048576K

Card table byte_map: [0x00007fc86d8de000,0x00007fc86dac1000] byte_map_base: 0x00007fc86d2c0000

Marking Bits: (ParMarkBitMap*) 0x00007fc8701d9220
 Begin Bits: [0x00007fc8571e0000, 0x00007fc8580f0000)
 End Bits:   [0x00007fc8580f0000, 0x00007fc859000000)

Polling page: 0x00007fc870e05000

CodeCache: size=245760Kb used=2815Kb max_used=2815Kb free=242944Kb
 bounds [0x00007fc859000000, 0x00007fc8592d0000, 0x00007fc868000000]
 total_blobs=1468 nmethods=652 adapters=730
 compilation: enabled

Compilation events (10 events):
Event: 1,163 Thread 0x00007fc8680bd800 nmethod 641 0x00007fc8592bf910 code [0x00007fc8592bfa80, 0x00007fc8592bfc08]
Event: 1,173 Thread 0x00007fc8680c2000  644       3       sun.misc.VM::addFinalRefCount (24 bytes)
Event: 1,173 Thread 0x00007fc8680c2000 nmethod 644 0x00007fc8592bf250 code [0x00007fc8592bf3c0, 0x00007fc8592bf570]
Event: 1,173 Thread 0x00007fc8680c2000  648       3       com.dep.lwjgl3.Keyboard::getKey (7 bytes)
Event: 1,174 Thread 0x00007fc8680c2000 nmethod 648 0x00007fc8592bee90 code [0x00007fc8592bf000, 0x00007fc8592bf170]
Event: 1,174 Thread 0x00007fc8680c2000  645   !   3       java.lang.ref.Reference::tryHandlePending (115 bytes)
Event: 1,175 Thread 0x00007fc8680c2000 nmethod 645 0x00007fc8592bd710 code [0x00007fc8592bd940, 0x00007fc8592be5e8]
Event: 1,175 Thread 0x00007fc8680c2000  655       1       com.dep.lwjgl3.Keyboard::getKey (7 bytes)
Event: 1,175 Thread 0x00007fc8680c2000 nmethod 655 0x00007fc8592bd3d0 code [0x00007fc8592bd520, 0x00007fc8592bd650]
Event: 1,175 Thread 0x00007fc8680c2000  647   !   3       java.lang.ref.ReferenceQueue::enqueue (119 bytes)

GC Heap History (2 events):
Event: 1,166 GC heap before
{Heap before GC invocations=1 (full 0):
 PSYoungGen      total 18432K, used 15872K [0x00000000ebf00000, 0x00000000ed380000, 0x0000000100000000)
  eden space 15872K, 100% used [0x00000000ebf00000,0x00000000ece80000,0x00000000ece80000)
  from space 2560K, 0% used [0x00000000ed100000,0x00000000ed100000,0x00000000ed380000)
  to   space 2560K, 0% used [0x00000000ece80000,0x00000000ece80000,0x00000000ed100000)
 ParOldGen       total 42496K, used 0K [0x00000000c3c00000, 0x00000000c6580000, 0x00000000ebf00000)
  object space 42496K, 0% used [0x00000000c3c00000,0x00000000c3c00000,0x00000000c6580000)
 Metaspace       used 8422K, capacity 8693K, committed 8832K, reserved 1056768K
  class space    used 769K, capacity 846K, committed 896K, reserved 1048576K
Event: 1,171 GC heap after
Heap after GC invocations=1 (full 0):
 PSYoungGen      total 18432K, used 2549K [0x00000000ebf00000, 0x00000000ed380000, 0x0000000100000000)
  eden space 15872K, 0% used [0x00000000ebf00000,0x00000000ebf00000,0x00000000ece80000)
  from space 2560K, 99% used [0x00000000ece80000,0x00000000ed0fd4f0,0x00000000ed100000)
  to   space 2560K, 0% used [0x00000000ed100000,0x00000000ed100000,0x00000000ed380000)
 ParOldGen       total 42496K, used 872K [0x00000000c3c00000, 0x00000000c6580000, 0x00000000ebf00000)
  object space 42496K, 2% used [0x00000000c3c00000,0x00000000c3cda3e8,0x00000000c6580000)
 Metaspace       used 8422K, capacity 8693K, committed 8832K, reserved 1056768K
  class space    used 769K, capacity 846K, committed 896K, reserved 1048576K
}

Deoptimization events (1 events):
Event: 0,142 Thread 0x00007fc86800e800 Uncommon trap: reason=unstable_if action=reinterpret pc=0x00007fc85910ee5c method=java.lang.String.hashCode()I @ 14

Internal exceptions (10 events):
Event: 0,048 Thread 0x00007fc86800e800 Exception <a 'java/lang/NoSuchMethodError': Method sun.misc.Unsafe.defineClass(Ljava/lang/String;[BII)Ljava/lang/Class; name or signature does not match> (0x00000000ebf07c78) thrown at [/HUDSON3/workspace/8-2-build-linux-amd64/jdk8u111/7883/hotspot/src/sh
Event: 0,048 Thread 0x00007fc86800e800 Exception <a 'java/lang/NoSuchMethodError': Method sun.misc.Unsafe.prefetchRead(Ljava/lang/Object;J)V name or signature does not match> (0x00000000ebf07f60) thrown at [/HUDSON3/workspace/8-2-build-linux-amd64/jdk8u111/7883/hotspot/src/share/vm/prims/jni.c
Event: 0,206 Thread 0x00007fc86800e800 Exception <a 'java/lang/NoSuchMethodError': java.lang.Object.lambda$static$0(Ljava/lang/String;)Ljava/lang/Boolean;> (0x00000000ec0e0b28) thrown at [/HUDSON3/workspace/8-2-build-linux-amd64/jdk8u111/7883/hotspot/src/share/vm/interpreter/linkResolver.cpp, 
Event: 0,230 Thread 0x00007fc86800e800 Exception <a 'java/lang/NoSuchFieldError': method resolution failed> (0x00000000ec158b10) thrown at [/HUDSON3/workspace/8-2-build-linux-amd64/jdk8u111/7883/hotspot/src/share/vm/prims/methodHandles.cpp, line 1146]
Event: 0,234 Thread 0x00007fc86800e800 Exception <a 'java/lang/NoSuchFieldError': method resolution failed> (0x00000000ec165f10) thrown at [/HUDSON3/workspace/8-2-build-linux-amd64/jdk8u111/7883/hotspot/src/share/vm/prims/methodHandles.cpp, line 1146]
Event: 0,325 Thread 0x00007fc86800e800 Exception <a 'java/security/PrivilegedActionException'> (0x00000000ec2ac2d8) thrown at [/HUDSON3/workspace/8-2-build-linux-amd64/jdk8u111/7883/hotspot/src/share/vm/prims/jvm.cpp, line 1386]
Event: 0,325 Thread 0x00007fc86800e800 Exception <a 'java/security/PrivilegedActionException'> (0x00000000ec2ac4e8) thrown at [/HUDSON3/workspace/8-2-build-linux-amd64/jdk8u111/7883/hotspot/src/share/vm/prims/jvm.cpp, line 1386]
Event: 0,326 Thread 0x00007fc86800e800 Exception <a 'java/security/PrivilegedActionException'> (0x00000000ec2ae728) thrown at [/HUDSON3/workspace/8-2-build-linux-amd64/jdk8u111/7883/hotspot/src/share/vm/prims/jvm.cpp, line 1386]
Event: 0,326 Thread 0x00007fc86800e800 Exception <a 'java/security/PrivilegedActionException'> (0x00000000ec2ae938) thrown at [/HUDSON3/workspace/8-2-build-linux-amd64/jdk8u111/7883/hotspot/src/share/vm/prims/jvm.cpp, line 1386]
Event: 0,689 Thread 0x00007fc86800e800 Exception <a 'sun/nio/fs/UnixException'> (0x00000000ec5b65a0) thrown at [/HUDSON3/workspace/8-2-build-linux-amd64/jdk8u111/7883/hotspot/src/share/vm/prims/jni.cpp, line 709]

Events (10 events):
Event: 1,163 loading class org/lwjgl/system/APIUtil$Encoder done
Event: 1,163 loading class org/lwjgl/system/jemalloc/JEmalloc$Functions
Event: 1,163 loading class org/lwjgl/system/jemalloc/JEmalloc$Functions done
Event: 1,165 Thread 0x00007fc868e5c000 Thread added: 0x00007fc868e5c000
Event: 1,165 loading class com/base/engine/Time
Event: 1,165 loading class com/base/engine/Time done
Event: 1,166 Executing VM operation: ParallelGCFailedAllocation
Event: 1,171 Executing VM operation: ParallelGCFailedAllocation done
Event: 1,175 loading class com/base/math/Matrix4f
Event: 1,175 loading class com/base/math/Matrix4f done


Dynamic libraries:
00400000-00401000 r-xp 00000000 08:02 6686032                            /opt/jdk/jdk1.8.0_111/bin/java
00600000-00601000 rw-p 00000000 08:02 6686032                            /opt/jdk/jdk1.8.0_111/bin/java
01c58000-01c79000 rw-p 00000000 00:00 0                                  [heap]
400b5000-40151000 rw-p 00000000 00:00 0 
40c99000-40c9b000 r-xs 00000000 08:02 3538981                            /tmp/.glIoObIX (deleted)
41c24000-41cc0000 rw-p 00000000 00:00 0 
c3c00000-c6580000 rw-p 00000000 00:00 0 
c6580000-ebf00000 ---p 00000000 00:00 0 
ebf00000-ed380000 rw-p 00000000 00:00 0 
ed380000-100000000 ---p 00000000 00:00 0 
100000000-1000e0000 rw-p 00000000 00:00 0 
1000e0000-140000000 ---p 00000000 00:00 0 
7fc808000000-7fc80829d000 rw-p 00000000 00:00 0 
7fc80829d000-7fc80c000000 ---p 00000000 00:00 0 
7fc80c000000-7fc80c021000 rw-p 00000000 00:00 0 
7fc80c021000-7fc810000000 ---p 00000000 00:00 0 
7fc810000000-7fc8104bb000 rw-p 00000000 00:00 0 
7fc8104bb000-7fc814000000 ---p 00000000 00:00 0 
7fc815200000-7fc815400000 rw-p 00000000 00:00 0 
7fc815596000-7fc8155ff000 r-xp 00000000 08:02 3538983                    /tmp/lwjglmourad/3.1.2-build-29/liblwjgl_opengl.so
7fc8155ff000-7fc8157fe000 ---p 00069000 08:02 3538983                    /tmp/lwjglmourad/3.1.2-build-29/liblwjgl_opengl.so
7fc8157fe000-7fc8157ff000 r--p 00068000 08:02 3538983                    /tmp/lwjglmourad/3.1.2-build-29/liblwjgl_opengl.so
7fc8157ff000-7fc815800000 rw-p 00069000 08:02 3538983                    /tmp/lwjglmourad/3.1.2-build-29/liblwjgl_opengl.so
7fc815800000-7fc815a00000 rw-p 00000000 00:00 0 
7fc815a5a000-7fc815a5d000 ---p 00000000 00:00 0 
7fc815a5d000-7fc815b5b000 rw-p 00000000 00:00 0                          [stack:3465]
7fc815b5b000-7fc815b96000 r-xp 00000000 08:02 3538982                    /tmp/lwjglmourad/3.1.2-build-29/libjemalloc.so
7fc815b96000-7fc815d95000 ---p 0003b000 08:02 3538982                    /tmp/lwjglmourad/3.1.2-build-29/libjemalloc.so
7fc815d95000-7fc815d98000 r--p 0003a000 08:02 3538982                    /tmp/lwjglmourad/3.1.2-build-29/libjemalloc.so
7fc815d98000-7fc815d99000 rw-p 0003d000 08:02 3538982                    /tmp/lwjglmourad/3.1.2-build-29/libjemalloc.so
7fc815d99000-7fc815d9a000 rw-p 00000000 00:00 0 
7fc815d9a000-7fc815daa000 rw-s 00000000 00:04 29817                      /drm mm object (deleted)
7fc815daa000-7fc81602a000 rw-s 00000000 00:04 29816                      /drm mm object (deleted)
7fc81602a000-7fc81629b000 rw-s 57443000 00:05 16574                      /dev/nvidiactl
7fc81629b000-7fc81639b000 rw-s 4cc28000 00:05 16574                      /dev/nvidiactl
7fc81639b000-7fc817a1d000 rw-p 00000000 00:00 0 
7fc817a1d000-7fc817a54000 r-xp 00000000 08:02 3683602                    /usr/lib/x86_64-linux-gnu/libtxc_dxtn_s2tc.so.0.0.0
7fc817a54000-7fc817c53000 ---p 00037000 08:02 3683602                    /usr/lib/x86_64-linux-gnu/libtxc_dxtn_s2tc.so.0.0.0
7fc817c53000-7fc817c54000 r--p 00036000 08:02 3683602                    /usr/lib/x86_64-linux-gnu/libtxc_dxtn_s2tc.so.0.0.0
7fc817c54000-7fc817c55000 rw-p 00037000 08:02 3683602                    /usr/lib/x86_64-linux-gnu/libtxc_dxtn_s2tc.so.0.0.0
7fc817c61000-7fc817c69000 rw-s 00000000 00:04 29812                      /drm mm object (deleted)
7fc817c69000-7fc817c71000 rw-s 00000000 00:04 29811                      /drm mm object (deleted)
7fc817c71000-7fc817d71000 rw-s 57551000 00:05 16574                      /dev/nvidiactl
7fc817d71000-7fc817d91000 rw-s e0080000 00:05 16579                      /dev/nvidia0
7fc817d91000-7fc817dd1000 rw-s 6b57c000 00:05 16574                      /dev/nvidiactl
7fc817dd1000-7fc817df1000 rw-s c69e7000 00:05 16574                      /dev/nvidiactl
7fc817df1000-7fc817e31000 rw-s 11f3f1000 00:05 16574                     /dev/nvidiactl
7fc817e31000-7fc817e51000 rw-s 11f3f5000 00:05 16574                     /dev/nvidiactl
7fc817e51000-7fc817e52000 ---p 00000000 00:00 0 
7fc817e52000-7fc818652000 rw-p 00000000 00:00 0                          [stack:3464]
7fc818652000-7fc818653000 ---p 00000000 00:00 0 
7fc818653000-7fc818e53000 rw-p 00000000 00:00 0                          [stack:3463]
7fc818e53000-7fc818ed3000 rw-s 4ccab000 00:05 16574                      /dev/nvidiactl
7fc818ed3000-7fc818f53000 rw-s 675bf000 00:05 16574                      /dev/nvidiactl
7fc818f53000-7fc818fd3000 rw-s 75ee8000 00:05 16574                      /dev/nvidiactl
7fc818fd3000-7fc8190d3000 rw-s c729f000 00:05 16574                      /dev/nvidiactl
7fc8190d3000-7fc8190f3000 rw-s e0040000 00:05 16579                      /dev/nvidia0
7fc8190f3000-7fc819133000 rw-s 6b551000 00:05 16574                      /dev/nvidiactl
7fc819133000-7fc819153000 rw-s 75dd8000 00:05 16574                      /dev/nvidiactl
7fc819153000-7fc819193000 rw-s 6b70c000 00:05 16574                      /dev/nvidiactl
7fc819193000-7fc819247000 rw-s 96787000 00:05 16574                      /dev/nvidiactl
7fc819247000-7fc819261000 r-xp 00000000 08:02 7340132                    /lib/x86_64-linux-gnu/libz.so.1.2.8
7fc819261000-7fc819460000 ---p 0001a000 08:02 7340132                    /lib/x86_64-linux-gnu/libz.so.1.2.8
7fc819460000-7fc819461000 r--p 00019000 08:02 7340132                    /lib/x86_64-linux-gnu/libz.so.1.2.8
7fc819461000-7fc819462000 rw-p 0001a000 08:02 7340132                    /lib/x86_64-linux-gnu/libz.so.1.2.8
7fc819462000-7fc81946a000 r-xp 00000000 08:02 3680327                    /usr/lib/x86_64-linux-gnu/libpciaccess.so.0.11.1
7fc81946a000-7fc81966a000 ---p 00008000 08:02 3680327                    /usr/lib/x86_64-linux-gnu/libpciaccess.so.0.11.1
7fc81966a000-7fc81966b000 r--p 00008000 08:02 3680327                    /usr/lib/x86_64-linux-gnu/libpciaccess.so.0.11.1
7fc81966b000-7fc81966c000 rw-p 00009000 08:02 3680327                    /usr/lib/x86_64-linux-gnu/libpciaccess.so.0.11.1
7fc81966c000-7fc819678000 r-xp 00000000 08:02 3677626                    /usr/lib/x86_64-linux-gnu/libdrm_radeon.so.1.0.1
7fc819678000-7fc819877000 ---p 0000c000 08:02 3677626                    /usr/lib/x86_64-linux-gnu/libdrm_radeon.so.1.0.1
7fc819877000-7fc819878000 r--p 0000b000 08:02 3677626                    /usr/lib/x86_64-linux-gnu/libdrm_radeon.so.1.0.1
7fc819878000-7fc819879000 rw-p 0000c000 08:02 3677626                    /usr/lib/x86_64-linux-gnu/libdrm_radeon.so.1.0.1
7fc819879000-7fc81987f000 r-xp 00000000 08:02 3677624                    /usr/lib/x86_64-linux-gnu/libdrm_nouveau.so.2.0.0
7fc81987f000-7fc819a7e000 ---p 00006000 08:02 3677624                    /usr/lib/x86_64-linux-gnu/libdrm_nouveau.so.2.0.0
7fc819a7e000-7fc819a7f000 r--p 00005000 08:02 3677624                    /usr/lib/x86_64-linux-gnu/libdrm_nouveau.so.2.0.0
7fc819a7f000-7fc819a80000 rw-p 00006000 08:02 3677624                    /usr/lib/x86_64-linux-gnu/libdrm_nouveau.so.2.0.0
7fc819a80000-7fc819aa1000 r-xp 00000000 08:02 3680329                    /usr/lib/x86_64-linux-gnu/libdrm_intel.so.1.0.0
7fc819aa1000-7fc819ca0000 ---p 00021000 08:02 3680329                    /usr/lib/x86_64-linux-gnu/libdrm_intel.so.1.0.0
7fc819ca0000-7fc819ca1000 r--p 00020000 08:02 3680329                    /usr/lib/x86_64-linux-gnu/libdrm_intel.so.1.0.0
7fc819ca1000-7fc819ca2000 rw-p 00021000 08:02 3680329                    /usr/lib/x86_64-linux-gnu/libdrm_intel.so.1.0.0
7fc819ca2000-7fc81a1c0000 r-xp 00000000 08:02 3682084                    /usr/lib/x86_64-linux-gnu/dri/i965_dri.so
7fc81a1c0000-7fc81a3c0000 ---p 0051e000 08:02 3682084                    /usr/lib/x86_64-linux-gnu/dri/i965_dri.so
7fc81a3c0000-7fc81a3dc000 r--p 0051e000 08:02 3682084                    /usr/lib/x86_64-linux-gnu/dri/i965_dri.so
7fc81a3dc000-7fc81a3e2000 rw-p 0053a000 08:02 3682084                    /usr/lib/x86_64-linux-gnu/dri/i965_dri.so
7fc81a3e2000-7fc81a3ed000 rw-p 00000000 00:00 0 
7fc81a3ed000-7fc81a3fb000 r-xp 00000000 08:02 7340071                    /lib/x86_64-linux-gnu/libudev.so.1.5.0
7fc81a3fb000-7fc81a5fa000 ---p 0000e000 08:02 7340071                    /lib/x86_64-linux-gnu/libudev.so.1.5.0
7fc81a5fa000-7fc81a5fb000 r--p 0000d000 08:02 7340071                    /lib/x86_64-linux-gnu/libudev.so.1.5.0
7fc81a5fb000-7fc81a5fc000 rw-p 0000e000 08:02 7340071                    /lib/x86_64-linux-gnu/libudev.so.1.5.0
7fc81a5fc000-7fc81a608000 r-xp 00000000 08:02 3677621                    /usr/lib/x86_64-linux-gnu/libdrm.so.2.4.0
7fc81a608000-7fc81a807000 ---p 0000c000 08:02 3677621                    /usr/lib/x86_64-linux-gnu/libdrm.so.2.4.0
7fc81a807000-7fc81a808000 r--p 0000b000 08:02 3677621                    /usr/lib/x86_64-linux-gnu/libdrm.so.2.4.0
7fc81a808000-7fc81a809000 rw-p 0000c000 08:02 3677621                    /usr/lib/x86_64-linux-gnu/libdrm.so.2.4.0
7fc81a809000-7fc81a80a000 r-xp 00000000 08:02 3677675                    /usr/lib/x86_64-linux-gnu/libxshmfence.so.1.0.0
7fc81a80a000-7fc81aa09000 ---p 00001000 08:02 3677675                    /usr/lib/x86_64-linux-gnu/libxshmfence.so.1.0.0
7fc81aa09000-7fc81aa0a000 r--p 00000000 08:02 3677675                    /usr/lib/x86_64-linux-gnu/libxshmfence.so.1.0.0
7fc81aa0a000-7fc81aa0b000 rw-p 00001000 08:02 3677675                    /usr/lib/x86_64-linux-gnu/libxshmfence.so.1.0.0
7fc81aa0b000-7fc81aa10000 r-xp 00000000 08:02 3677673                    /usr/lib/x86_64-linux-gnu/libxcb-sync.so.1.0.0
7fc81aa10000-7fc81ac10000 ---p 00005000 08:02 3677673                    /usr/lib/x86_64-linux-gnu/libxcb-sync.so.1.0.0
7fc81ac10000-7fc81ac11000 r--p 00005000 08:02 3677673                    /usr/lib/x86_64-linux-gnu/libxcb-sync.so.1.0.0
7fc81ac11000-7fc81ac12000 rw-p 00006000 08:02 3677673                    /usr/lib/x86_64-linux-gnu/libxcb-sync.so.1.0.0
7fc81ac12000-7fc81ac14000 r-xp 00000000 08:02 3677671                    /usr/lib/x86_64-linux-gnu/libxcb-present.so.0.0.0
7fc81ac14000-7fc81ae13000 ---p 00002000 08:02 3677671                    /usr/lib/x86_64-linux-gnu/libxcb-present.so.0.0.0
7fc81ae13000-7fc81ae14000 r--p 00001000 08:02 3677671                    /usr/lib/x86_64-linux-gnu/libxcb-present.so.0.0.0
7fc81ae14000-7fc81ae15000 rw-p 00002000 08:02 3677671                    /usr/lib/x86_64-linux-gnu/libxcb-present.so.0.0.0
7fc81ae15000-7fc81ae17000 r-xp 00000000 08:02 3677667                    /usr/lib/x86_64-linux-gnu/libxcb-dri3.so.0.0.0
7fc81ae17000-7fc81b016000 ---p 00002000 08:02 3677667                    /usr/lib/x86_64-linux-gnu/libxcb-dri3.so.0.0.0
7fc81b016000-7fc81b017000 r--p 00001000 08:02 3677667                    /usr/lib/x86_64-linux-gnu/libxcb-dri3.so.0.0.0
7fc81b017000-7fc81b018000 rw-p 00002000 08:02 3677667                    /usr/lib/x86_64-linux-gnu/libxcb-dri3.so.0.0.0
7fc81b018000-7fc81b01c000 r-xp 00000000 08:02 3677650                    /usr/lib/x86_64-linux-gnu/libxcb-dri2.so.0.0.0
7fc81b01c000-7fc81b21b000 ---p 00004000 08:02 3677650                    /usr/lib/x86_64-linux-gnu/libxcb-dri2.so.0.0.0
7fc81b21b000-7fc81b21c000 r--p 00003000 08:02 3677650                    /usr/lib/x86_64-linux-gnu/libxcb-dri2.so.0.0.0
7fc81b21c000-7fc81b21d000 rw-p 00004000 08:02 3677650                    /usr/lib/x86_64-linux-gnu/libxcb-dri2.so.0.0.0
7fc81b21d000-7fc81b234000 r-xp 00000000 08:02 3677669                    /usr/lib/x86_64-linux-gnu/libxcb-glx.so.0.0.0
7fc81b234000-7fc81b433000 ---p 00017000 08:02 3677669                    /usr/lib/x86_64-linux-gnu/libxcb-glx.so.0.0.0
7fc81b433000-7fc81b435000 r--p 00016000 08:02 3677669                    /usr/lib/x86_64-linux-gnu/libxcb-glx.so.0.0.0
7fc81b435000-7fc81b436000 rw-p 00018000 08:02 3677669                    /usr/lib/x86_64-linux-gnu/libxcb-glx.so.0.0.0
7fc81b436000-7fc81b438000 r-xp 00000000 08:02 3677665                    /usr/lib/x86_64-linux-gnu/libXdamage.so.1.1.0
7fc81b438000-7fc81b637000 ---p 00002000 08:02 3677665                    /usr/lib/x86_64-linux-gnu/libXdamage.so.1.1.0
7fc81b637000-7fc81b638000 r--p 00001000 08:02 3677665                    /usr/lib/x86_64-linux-gnu/libXdamage.so.1.1.0
7fc81b638000-7fc81b639000 rw-p 00002000 08:02 3677665                    /usr/lib/x86_64-linux-gnu/libXdamage.so.1.1.0
7fc81b639000-7fc81b65f000 r-xp 00000000 08:02 7340757                    /lib/x86_64-linux-gnu/libexpat.so.1.6.0
7fc81b65f000-7fc81b85e000 ---p 00026000 08:02 7340757                    /lib/x86_64-linux-gnu/libexpat.so.1.6.0
7fc81b85e000-7fc81b861000 r--p 00025000 08:02 7340757                    /lib/x86_64-linux-gnu/libexpat.so.1.6.0
7fc81b861000-7fc81b862000 rw-p 00028000 08:02 7340757                    /lib/x86_64-linux-gnu/libexpat.so.1.6.0
7fc81b862000-7fc81b8f8000 r-xp 00000000 08:02 3677678                    /usr/lib/mesa-diverted/x86_64-linux-gnu/libGL.so.1.2.0
7fc81b8f8000-7fc81baf7000 ---p 00096000 08:02 3677678                    /usr/lib/mesa-diverted/x86_64-linux-gnu/libGL.so.1.2.0
7fc81baf7000-7fc81bafa000 r--p 00095000 08:02 3677678                    /usr/lib/mesa-diverted/x86_64-linux-gnu/libGL.so.1.2.0
7fc81bafa000-7fc81bafb000 rw-p 00098000 08:02 3677678                    /usr/lib/mesa-diverted/x86_64-linux-gnu/libGL.so.1.2.0
7fc81bafb000-7fc81bafc000 rw-p 00000000 00:00 0 
7fc81bafc000-7fc81d4be000 r-xp 00000000 08:02 3696988                    /usr/lib/x86_64-linux-gnu/libnvidia-glcore.so.340.102
7fc81d4be000-7fc81d4dc000 rwxp 019c2000 08:02 3696988                    /usr/lib/x86_64-linux-gnu/libnvidia-glcore.so.340.102
7fc81d4dc000-7fc81d95a000 r-xp 019e0000 08:02 3696988                    /usr/lib/x86_64-linux-gnu/libnvidia-glcore.so.340.102
7fc81d95a000-7fc81db59000 ---p 01e5e000 08:02 3696988                    /usr/lib/x86_64-linux-gnu/libnvidia-glcore.so.340.102
7fc81db59000-7fc81e6f3000 rw-p 01e5d000 08:02 3696988                    /usr/lib/x86_64-linux-gnu/libnvidia-glcore.so.340.102
7fc81e6f3000-7fc81e710000 rw-p 00000000 00:00 0 
7fc81e710000-7fc81e713000 r-xp 00000000 08:02 5638701                    /usr/lib/x86_64-linux-gnu/tls/libnvidia-tls.so.340.102
7fc81e713000-7fc81e912000 ---p 00003000 08:02 5638701                    /usr/lib/x86_64-linux-gnu/tls/libnvidia-tls.so.340.102
7fc81e912000-7fc81e913000 rw-p 00002000 08:02 5638701                    /usr/lib/x86_64-linux-gnu/tls/libnvidia-tls.so.340.102
7fc81e913000-7fc81e9da000 r-xp 00000000 08:02 5244721                    /usr/lib/x86_64-linux-gnu/nvidia/current/libGL.so.340.102
7fc81e9da000-7fc81ea09000 rwxp 000c7000 08:02 5244721                    /usr/lib/x86_64-linux-gnu/nvidia/current/libGL.so.340.102
7fc81ea09000-7fc81ea25000 r-xp 000f6000 08:02 5244721                    /usr/lib/x86_64-linux-gnu/nvidia/current/libGL.so.340.102
7fc81ea25000-7fc81ec24000 ---p 00112000 08:02 5244721                    /usr/lib/x86_64-linux-gnu/nvidia/current/libGL.so.340.102
7fc81ec24000-7fc81ec49000 rw-p 00111000 08:02 5244721                    /usr/lib/x86_64-linux-gnu/nvidia/current/libGL.so.340.102
7fc81ec49000-7fc81ec5f000 rw-p 00000000 00:00 0 
7fc81ec5f000-7fc81ec84000 r-xp 00000000 08:02 3677638                    /usr/lib/x86_64-linux-gnu/libglapi.so.0.0.0
7fc81ec84000-7fc81ee84000 ---p 00025000 08:02 3677638                    /usr/lib/x86_64-linux-gnu/libglapi.so.0.0.0
7fc81ee84000-7fc81ee87000 r--p 00025000 08:02 3677638                    /usr/lib/x86_64-linux-gnu/libglapi.so.0.0.0
7fc81ee87000-7fc81ee88000 rw-p 00028000 08:02 3677638                    /usr/lib/x86_64-linux-gnu/libglapi.so.0.0.0
7fc81ee88000-7fc81ee89000 rw-p 00000000 00:00 0 
7fc81ee89000-7fc81ef75000 r-xp 00000000 08:02 3674735                    /usr/lib/x86_64-linux-gnu/libstdc++.so.6.0.20
7fc81ef75000-7fc81f175000 ---p 000ec000 08:02 3674735                    /usr/lib/x86_64-linux-gnu/libstdc++.so.6.0.20
7fc81f175000-7fc81f17d000 r--p 000ec000 08:02 3674735                    /usr/lib/x86_64-linux-gnu/libstdc++.so.6.0.20
7fc81f17d000-7fc81f17f000 rw-p 000f4000 08:02 3674735                    /usr/lib/x86_64-linux-gnu/libstdc++.so.6.0.20
7fc81f17f000-7fc81f194000 rw-p 00000000 00:00 0 
7fc81f194000-7fc81f1d5000 r-xp 00000000 08:02 5640745                    /usr/lib/x86_64-linux-gnu/primus/libGL.so.1
7fc81f1d5000-7fc81f3d5000 ---p 00041000 08:02 5640745                    /usr/lib/x86_64-linux-gnu/primus/libGL.so.1
7fc81f3d5000-7fc81f3d6000 r--p 00041000 08:02 5640745                    /usr/lib/x86_64-linux-gnu/primus/libGL.so.1
7fc81f3d6000-7fc81f3d7000 rw-p 00042000 08:02 5640745                    /usr/lib/x86_64-linux-gnu/primus/libGL.so.1
7fc81f3d7000-7fc81f3d9000 rw-p 00000000 00:00 0 
7fc81f3d9000-7fc81f3da000 r-xp 00000000 08:02 3677648                    /usr/lib/x86_64-linux-gnu/libX11-xcb.so.1.0.0
7fc81f3da000-7fc81f5d9000 ---p 00001000 08:02 3677648                    /usr/lib/x86_64-linux-gnu/libX11-xcb.so.1.0.0
7fc81f5d9000-7fc81f5da000 r--p 00000000 08:02 3677648                    /usr/lib/x86_64-linux-gnu/libX11-xcb.so.1.0.0
7fc81f5da000-7fc81f5db000 rw-p 00001000 08:02 3677648                    /usr/lib/x86_64-linux-gnu/libX11-xcb.so.1.0.0
7fc81f5db000-7fc81f5ea000 r-xp 00000000 08:02 3677699                    /usr/lib/x86_64-linux-gnu/libXi.so.6.1.0
7fc81f5ea000-7fc81f7e9000 ---p 0000f000 08:02 3677699                    /usr/lib/x86_64-linux-gnu/libXi.so.6.1.0
7fc81f7e9000-7fc81f7ea000 r--p 0000e000 08:02 3677699                    /usr/lib/x86_64-linux-gnu/libXi.so.6.1.0
7fc81f7ea000-7fc81f7eb000 rw-p 0000f000 08:02 3677699                    /usr/lib/x86_64-linux-gnu/libXi.so.6.1.0
7fc81f7eb000-7fc81f7f0000 r-xp 00000000 08:02 3677135                    /usr/lib/x86_64-linux-gnu/libXxf86vm.so.1.0.0
7fc81f7f0000-7fc81f9ef000 ---p 00005000 08:02 3677135                    /usr/lib/x86_64-linux-gnu/libXxf86vm.so.1.0.0
7fc81f9ef000-7fc81f9f0000 r--p 00004000 08:02 3677135                    /usr/lib/x86_64-linux-gnu/libXxf86vm.so.1.0.0
7fc81f9f0000-7fc81f9f1000 rw-p 00005000 08:02 3677135                    /usr/lib/x86_64-linux-gnu/libXxf86vm.so.1.0.0
7fc81f9f1000-7fc81f9f6000 r-xp 00000000 08:02 3677110                    /usr/lib/x86_64-linux-gnu/libXdmcp.so.6.0.0
7fc81f9f6000-7fc81fbf5000 ---p 00005000 08:02 3677110                    /usr/lib/x86_64-linux-gnu/libXdmcp.so.6.0.0
7fc81fbf5000-7fc81fbf6000 rw-p 00004000 08:02 3677110                    /usr/lib/x86_64-linux-gnu/libXdmcp.so.6.0.0
7fc81fbf6000-7fc81fbf9000 r-xp 00000000 08:02 3677108                    /usr/lib/x86_64-linux-gnu/libXau.so.6.0.0
7fc81fbf9000-7fc81fdf8000 ---p 00003000 08:02 3677108                    /usr/lib/x86_64-linux-gnu/libXau.so.6.0.0
7fc81fdf8000-7fc81fdf9000 r--p 00002000 08:02 3677108                    /usr/lib/x86_64-linux-gnu/libXau.so.6.0.0
7fc81fdf9000-7fc81fdfa000 rw-p 00003000 08:02 3677108                    /usr/lib/x86_64-linux-gnu/libXau.so.6.0.0
7fc81fdfa000-7fc81fdff000 r-xp 00000000 08:02 3677663                    /usr/lib/x86_64-linux-gnu/libXfixes.so.3.1.0
7fc81fdff000-7fc81fffe000 ---p 00005000 08:02 3677663                    /usr/lib/x86_64-linux-gnu/libXfixes.so.3.1.0
7fc81fffe000-7fc81ffff000 r--p 00004000 08:02 3677663                    /usr/lib/x86_64-linux-gnu/libXfixes.so.3.1.0
7fc81ffff000-7fc820000000 rw-p 00005000 08:02 3677663                    /usr/lib/x86_64-linux-gnu/libXfixes.so.3.1.0
7fc820000000-7fc820021000 rw-p 00000000 00:00 0 
7fc820021000-7fc824000000 ---p 00000000 00:00 0 
7fc824000000-7fc824021000 rw-p 00000000 00:00 0 
7fc824021000-7fc828000000 ---p 00000000 00:00 0 
7fc828000000-7fc828163000 rw-p 00000000 00:00 0 
7fc828163000-7fc82c000000 ---p 00000000 00:00 0 
7fc82c000000-7fc82c214000 rw-p 00000000 00:00 0 
7fc82c214000-7fc830000000 ---p 00000000 00:00 0 
7fc830000000-7fc830021000 rw-p 00000000 00:00 0 
7fc830021000-7fc834000000 ---p 00000000 00:00 0 
7fc834000000-7fc834263000 rw-p 00000000 00:00 0 
7fc834263000-7fc838000000 ---p 00000000 00:00 0 
7fc838000000-7fc838021000 rw-p 00000000 00:00 0 
7fc838021000-7fc83c000000 ---p 00000000 00:00 0 
7fc83c000000-7fc83c021000 rw-p 00000000 00:00 0 
7fc83c021000-7fc840000000 ---p 00000000 00:00 0 
7fc840000000-7fc840021000 rw-p 00000000 00:00 0 
7fc840021000-7fc844000000 ---p 00000000 00:00 0 
7fc844000000-7fc844021000 rw-p 00000000 00:00 0 
7fc844021000-7fc848000000 ---p 00000000 00:00 0 
7fc848000000-7fc848021000 rw-p 00000000 00:00 0 
7fc848021000-7fc84c000000 ---p 00000000 00:00 0 
7fc84c000000-7fc84c021000 rw-p 00000000 00:00 0 
7fc84c021000-7fc850000000 ---p 00000000 00:00 0 
7fc850000000-7fc850021000 rw-p 00000000 00:00 0 
7fc850021000-7fc854000000 ---p 00000000 00:00 0 
7fc854001000-7fc854002000 rw-p 00000000 00:00 0 
7fc854002000-7fc854004000 r-xp 00000000 00:00 0 
7fc854004000-7fc854005000 rw-s 00000000 00:04 29808                      /drm mm object (deleted)
7fc854005000-7fc85400d000 rw-s 00000000 00:04 29807                      /drm mm object (deleted)
7fc85400d000-7fc854014000 rw-s 6b44c000 00:05 16574                      /dev/nvidiactl
7fc854014000-7fc854015000 rw-s 67537000 00:05 16574                      /dev/nvidiactl
7fc854015000-7fc854016000 rw-s eff66000 00:05 16579                      /dev/nvidia0
7fc854016000-7fc854017000 rw-s eff65000 00:05 16579                      /dev/nvidia0
7fc854017000-7fc854037000 rw-s c8e76000 00:05 16574                      /dev/nvidiactl
7fc854037000-7fc85405d000 r--p 00000000 08:02 3675419                    /usr/share/locale/de/LC_MESSAGES/libc.mo
7fc85405d000-7fc854066000 r-xp 00000000 08:02 3677123                    /usr/lib/x86_64-linux-gnu/libXrender.so.1.3.0
7fc854066000-7fc854265000 ---p 00009000 08:02 3677123                    /usr/lib/x86_64-linux-gnu/libXrender.so.1.3.0
7fc854265000-7fc854266000 r--p 00008000 08:02 3677123                    /usr/lib/x86_64-linux-gnu/libXrender.so.1.3.0
7fc854266000-7fc854267000 rw-p 00009000 08:02 3677123                    /usr/lib/x86_64-linux-gnu/libXrender.so.1.3.0
7fc854267000-7fc854278000 r-xp 00000000 08:02 3677119                    /usr/lib/x86_64-linux-gnu/libXext.so.6.4.0
7fc854278000-7fc854477000 ---p 00011000 08:02 3677119                    /usr/lib/x86_64-linux-gnu/libXext.so.6.4.0
7fc854477000-7fc854478000 r--p 00010000 08:02 3677119                    /usr/lib/x86_64-linux-gnu/libXext.so.6.4.0
7fc854478000-7fc854479000 rw-p 00011000 08:02 3677119                    /usr/lib/x86_64-linux-gnu/libXext.so.6.4.0
7fc854479000-7fc85449a000 r-xp 00000000 08:02 3677112                    /usr/lib/x86_64-linux-gnu/libxcb.so.1.1.0
7fc85449a000-7fc854699000 ---p 00021000 08:02 3677112                    /usr/lib/x86_64-linux-gnu/libxcb.so.1.1.0
7fc854699000-7fc85469a000 r--p 00020000 08:02 3677112                    /usr/lib/x86_64-linux-gnu/libxcb.so.1.1.0
7fc85469a000-7fc85469b000 rw-p 00021000 08:02 3677112                    /usr/lib/x86_64-linux-gnu/libxcb.so.1.1.0
7fc85469b000-7fc8546a5000 r-xp 00000000 08:02 3677697                    /usr/lib/x86_64-linux-gnu/libXcursor.so.1.0.2
7fc8546a5000-7fc8548a4000 ---p 0000a000 08:02 3677697                    /usr/lib/x86_64-linux-gnu/libXcursor.so.1.0.2
7fc8548a4000-7fc8548a5000 r--p 00009000 08:02 3677697                    /usr/lib/x86_64-linux-gnu/libXcursor.so.1.0.2
7fc8548a5000-7fc8548a6000 rw-p 0000a000 08:02 3677697                    /usr/lib/x86_64-linux-gnu/libXcursor.so.1.0.2
7fc8548a6000-7fc8548a8000 r-xp 00000000 08:02 3677121                    /usr/lib/x86_64-linux-gnu/libXinerama.so.1.0.0
7fc8548a8000-7fc854aa7000 ---p 00002000 08:02 3677121                    /usr/lib/x86_64-linux-gnu/libXinerama.so.1.0.0
7fc854aa7000-7fc854aa8000 r--p 00001000 08:02 3677121                    /usr/lib/x86_64-linux-gnu/libXinerama.so.1.0.0
7fc854aa8000-7fc854aa9000 rw-p 00002000 08:02 3677121                    /usr/lib/x86_64-linux-gnu/libXinerama.so.1.0.0
7fc854aa9000-7fc854ab2000 r-xp 00000000 08:02 3677125                    /usr/lib/x86_64-linux-gnu/libXrandr.so.2.2.0
7fc854ab2000-7fc854cb1000 ---p 00009000 08:02 3677125                    /usr/lib/x86_64-linux-gnu/libXrandr.so.2.2.0
7fc854cb1000-7fc854cb2000 r--p 00008000 08:02 3677125                    /usr/lib/x86_64-linux-gnu/libXrandr.so.2.2.0
7fc854cb2000-7fc854cb3000 rw-p 00009000 08:02 3677125                    /usr/lib/x86_64-linux-gnu/libXrandr.so.2.2.0
7fc854cb3000-7fc854def000 r-xp 00000000 08:02 3677116                    /usr/lib/x86_64-linux-gnu/libX11.so.6.3.0
7fc854def000-7fc854fee000 ---p 0013c000 08:02 3677116                    /usr/lib/x86_64-linux-gnu/libX11.so.6.3.0
7fc854fee000-7fc854ff0000 r--p 0013b000 08:02 3677116                    /usr/lib/x86_64-linux-gnu/libX11.so.6.3.0
7fc854ff0000-7fc854ff5000 rw-p 0013d000 08:02 3677116                    /usr/lib/x86_64-linux-gnu/libX11.so.6.3.0
7fc854ff5000-7fc854ff6000 rw-p 00000000 00:00 0 
7fc854ff6000-7fc854ff7000 rw-s 11f3f4000 00:05 16574                     /dev/nvidiactl
7fc854ff7000-7fc854ff9000 rw-p 00000000 00:00 0 
7fc854ff9000-7fc854ffb000 rw-s 00000000 08:02 3538981                    /tmp/.glIoObIX (deleted)
7fc854ffb000-7fc855002000 rw-s 75e9f000 00:05 16574                      /dev/nvidiactl
7fc855002000-7fc855003000 rw-s 75e9e000 00:05 16574                      /dev/nvidiactl
7fc855003000-7fc855007000 rw-s 75dcc000 00:05 16574                      /dev/nvidiactl
7fc855007000-7fc855008000 rw-s eff64000 00:05 16579                      /dev/nvidia0
7fc855008000-7fc855009000 rw-s eff63000 00:05 16579                      /dev/nvidia0
7fc855009000-7fc85500a000 rw-s 6b732000 00:05 16574                      /dev/nvidiactl
7fc85500a000-7fc85500b000 rw-s f6060000 00:05 16579                      /dev/nvidia0
7fc85500b000-7fc855012000 r--s 00000000 08:02 3676607                    /usr/lib/x86_64-linux-gnu/gconv/gconv-modules.cache
7fc855012000-7fc855032000 r-xp 00000000 08:02 3538980                    /tmp/lwjglmourad/3.1.2-build-29/libglfw.so
7fc855032000-7fc855231000 ---p 00020000 08:02 3538980                    /tmp/lwjglmourad/3.1.2-build-29/libglfw.so
7fc855231000-7fc855232000 r--p 0001f000 08:02 3538980                    /tmp/lwjglmourad/3.1.2-build-29/libglfw.so
7fc855232000-7fc855233000 rw-p 00020000 08:02 3538980                    /tmp/lwjglmourad/3.1.2-build-29/libglfw.so
7fc855233000-7fc855234000 rw-p 00000000 00:00 0 
7fc855234000-7fc855236000 r--s 00007000 08:06 5379474                    /home/mourad/dev/Workspaces/JAVALIBS/lwjgl-release-3.1.2-custom/lwjgl-yoga-sources.jar
7fc855236000-7fc855237000 r--s 00028000 08:06 5379472                    /home/mourad/dev/Workspaces/JAVALIBS/lwjgl-release-3.1.2-custom/lwjgl-yoga-natives-windows.jar
7fc855237000-7fc855238000 r--s 0000a000 08:06 5379471                    /home/mourad/dev/Workspaces/JAVALIBS/lwjgl-release-3.1.2-custom/lwjgl-yoga-natives-linux.jar
7fc855238000-7fc85523b000 r--s 00074000 08:06 5379470                    /home/mourad/dev/Workspaces/JAVALIBS/lwjgl-release-3.1.2-custom/lwjgl-yoga-javadoc.jar
7fc85523b000-7fc85523d000 r--s 0000a000 08:06 5379475                    /home/mourad/dev/Workspaces/JAVALIBS/lwjgl-release-3.1.2-custom/lwjgl-yoga.jar
7fc85523d000-7fc85523e000 r--s 00003000 08:06 5379466                    /home/mourad/dev/Workspaces/JAVALIBS/lwjgl-release-3.1.2-custom/lwjgl-xxhash-sources.jar
7fc85523e000-7fc85523f000 r--s 00014000 08:06 5379468                    /home/mourad/dev/Workspaces/JAVALIBS/lwjgl-release-3.1.2-custom/lwjgl-xxhash-natives-windows.jar
7fc85523f000-7fc855240000 r--s 00001000 08:06 5379464                    /home/mourad/dev/Workspaces/JAVALIBS/lwjgl-release-3.1.2-custom/lwjgl-xxhash-natives-linux.jar
7fc855240000-7fc855242000 r--s 00062000 08:06 5379467                    /home/mourad/dev/Workspaces/JAVALIBS/lwjgl-release-3.1.2-custom/lwjgl-xxhash-javadoc.jar
7fc855242000-7fc855243000 r--s 00004000 08:06 5379465                    /home/mourad/dev/Workspaces/JAVALIBS/lwjgl-release-3.1.2-custom/lwjgl-xxhash.jar
7fc855243000-7fc85524b000 r--s 00102000 08:06 5379462                    /home/mourad/dev/Workspaces/JAVALIBS/lwjgl-release-3.1.2-custom/lwjgl-vulkan-sources.jar
7fc85524b000-7fc85525a000 r--s 00356000 08:06 5379473                    /home/mourad/dev/Workspaces/JAVALIBS/lwjgl-release-3.1.2-custom/lwjgl-vulkan-javadoc.jar
7fc85525a000-7fc855268000 r--s 000f3000 08:06 5379463                    /home/mourad/dev/Workspaces/JAVALIBS/lwjgl-release-3.1.2-custom/lwjgl-vulkan.jar
7fc855268000-7fc855269000 r--s 00000000 08:06 5379459                    /home/mourad/dev/Workspaces/JAVALIBS/lwjgl-release-3.1.2-custom/lwjgl-tinyfd-sources.jar
7fc855269000-7fc85526a000 r--s 0002d000 08:06 5379458                    /home/mourad/dev/Workspaces/JAVALIBS/lwjgl-release-3.1.2-custom/lwjgl-tinyfd-natives-windows.jar
7fc85526a000-7fc85526b000 r--s 00008000 08:06 5379456                    /home/mourad/dev/Workspaces/JAVALIBS/lwjgl-release-3.1.2-custom/lwjgl-tinyfd-natives-linux.jar
7fc85526b000-7fc85526d000 r--s 00057000 08:06 5379457                    /home/mourad/dev/Workspaces/JAVALIBS/lwjgl-release-3.1.2-custom/lwjgl-tinyfd-javadoc.jar
7fc85526d000-7fc85526e000 r--s 00001000 08:06 5379460                    /home/mourad/dev/Workspaces/JAVALIBS/lwjgl-release-3.1.2-custom/lwjgl-tinyfd.jar
7fc85526e000-7fc85526f000 r--s 00006000 08:06 5379453                    /home/mourad/dev/Workspaces/JAVALIBS/lwjgl-release-3.1.2-custom/lwjgl-tinyexr-sources.jar
7fc85526f000-7fc855270000 r--s 00044000 08:06 5379452                    /home/mourad/dev/Workspaces/JAVALIBS/lwjgl-release-3.1.2-custom/lwjgl-tinyexr-natives-windows.jar
7fc855270000-7fc855271000 r--s 0000d000 08:06 5379449                    /home/mourad/dev/Workspaces/JAVALIBS/lwjgl-release-3.1.2-custom/lwjgl-tinyexr-natives-linux.jar
7fc855271000-7fc855273000 r--s 0006c000 08:06 5379451                    /home/mourad/dev/Workspaces/JAVALIBS/lwjgl-release-3.1.2-custom/lwjgl-tinyexr-javadoc.jar
7fc855273000-7fc855274000 r--s 00009000 08:06 5379454                    /home/mourad/dev/Workspaces/JAVALIBS/lwjgl-release-3.1.2-custom/lwjgl-tinyexr.jar
7fc855274000-7fc855276000 r--s 00012000 08:06 5379447                    /home/mourad/dev/Workspaces/JAVALIBS/lwjgl-release-3.1.2-custom/lwjgl-stb-sources.jar
7fc855276000-7fc855277000 r--s 0006e000 08:06 5379448                    /home/mourad/dev/Workspaces/JAVALIBS/lwjgl-release-3.1.2-custom/lwjgl-stb-natives-windows.jar
7fc855277000-7fc855278000 r--s 0002d000 08:06 5379446                    /home/mourad/dev/Workspaces/JAVALIBS/lwjgl-release-3.1.2-custom/lwjgl-stb-natives-linux.jar
7fc855278000-7fc85527b000 r--s 0008f000 08:06 5379445                    /home/mourad/dev/Workspaces/JAVALIBS/lwjgl-release-3.1.2-custom/lwjgl-stb-javadoc.jar
7fc85527b000-7fc85527d000 r--s 00013000 08:06 5379450                    /home/mourad/dev/Workspaces/JAVALIBS/lwjgl-release-3.1.2-custom/lwjgl-stb.jar
7fc85527d000-7fc85527e000 r--s 00000000 08:06 5379442                    /home/mourad/dev/Workspaces/JAVALIBS/lwjgl-release-3.1.2-custom/lwjgl-sse-sources.jar
7fc85527e000-7fc85527f000 r--s 00013000 08:06 5379444                    /home/mourad/dev/Workspaces/JAVALIBS/lwjgl-release-3.1.2-custom/lwjgl-sse-natives-windows.jar
7fc85527f000-7fc855280000 r--s 00000000 08:06 5379441                    /home/mourad/dev/Workspaces/JAVALIBS/lwjgl-release-3.1.2-custom/lwjgl-sse-natives-linux.jar
7fc855280000-7fc855282000 r--s 00058000 08:06 5379440                    /home/mourad/dev/Workspaces/JAVALIBS/lwjgl-release-3.1.2-custom/lwjgl-sse-javadoc.jar
7fc855282000-7fc855283000 r--s 00000000 08:06 5379443                    /home/mourad/dev/Workspaces/JAVALIBS/lwjgl-release-3.1.2-custom/lwjgl-sse.jar
7fc855283000-7fc855286000 r--s 00035000 08:06 5379482                    /home/mourad/dev/Workspaces/JAVALIBS/lwjgl-release-3.1.2-custom/lwjgl-sources.jar
7fc855286000-7fc855287000 r--s 00001000 08:06 5379438                    /home/mourad/dev/Workspaces/JAVALIBS/lwjgl-release-3.1.2-custom/lwjgl-par-sources.jar
7fc855287000-7fc855288000 r--s 00031000 08:06 5379437                    /home/mourad/dev/Workspaces/JAVALIBS/lwjgl-release-3.1.2-custom/lwjgl-par-natives-windows.jar
7fc855288000-7fc855289000 r--s 00005000 08:06 5379436                    /home/mourad/dev/Workspaces/JAVALIBS/lwjgl-release-3.1.2-custom/lwjgl-par-natives-linux.jar
7fc855289000-7fc85528b000 r--s 0005a000 08:06 5379435                    /home/mourad/dev/Workspaces/JAVALIBS/lwjgl-release-3.1.2-custom/lwjgl-par-javadoc.jar
7fc85528b000-7fc85528d000 r--s 00001000 08:06 5379439                    /home/mourad/dev/Workspaces/JAVALIBS/lwjgl-release-3.1.2-custom/lwjgl-par.jar
7fc85528d000-7fc85528f000 r--s 00021000 08:06 5379432                    /home/mourad/dev/Workspaces/JAVALIBS/lwjgl-release-3.1.2-custom/lwjgl-ovr-sources.jar
7fc85528f000-7fc855290000 r--s 00021000 08:06 5379431                    /home/mourad/dev/Workspaces/JAVALIBS/lwjgl-release-3.1.2-custom/lwjgl-ovr-natives-windows.jar
7fc855290000-7fc855294000 r--s 000ca000 08:06 5379430                    /home/mourad/dev/Workspaces/JAVALIBS/lwjgl-release-3.1.2-custom/lwjgl-ovr-javadoc.jar
7fc855294000-7fc855297000 r--s 00025000 08:06 5379434                    /home/mourad/dev/Workspaces/JAVALIBS/lwjgl-release-3.1.2-custom/lwjgl-ovr.jar
7fc855297000-7fc855299000 r--s 00036000 08:06 5379425                    /home/mourad/dev/Workspaces/JAVALIBS/lwjgl-release-3.1.2-custom/lwjgl-openvr-sources.jar
7fc855299000-7fc85529a000 r--s 00057000 08:06 5379421                    /home/mourad/dev/Workspaces/JAVALIBS/lwjgl-release-3.1.2-custom/lwjgl-openvr-natives-windows.jar
7fc85529a000-7fc85529c000 r--s 0001b000 08:06 5379422                    /home/mourad/dev/Workspaces/JAVALIBS/lwjgl-release-3.1.2-custom/lwjgl-openvr-natives-linux.jar
7fc85529c000-7fc8552a1000 r--s 0011c000 08:06 5379423                    /home/mourad/dev/Workspaces/JAVALIBS/lwjgl-release-3.1.2-custom/lwjgl-openvr-javadoc.jar
7fc8552a1000-7fc8552a5000 r--s 00046000 08:06 5379426                    /home/mourad/dev/Workspaces/JAVALIBS/lwjgl-release-3.1.2-custom/lwjgl-openvr.jar
7fc8552a5000-7fc8552ae000 r--s 000eb000 08:06 5379417                    /home/mourad/dev/Workspaces/JAVALIBS/lwjgl-release-3.1.2-custom/lwjgl-opengl-sources.jar
7fc8552ae000-7fc8552b0000 r--s 00029000 08:06 5379415                    /home/mourad/dev/Workspaces/JAVALIBS/lwjgl-release-3.1.2-custom/lwjgl-opengl-natives-windows.jar
7fc8552b0000-7fc8552b1000 r--s 00015000 08:06 5379414                    /home/mourad/dev/Workspaces/JAVALIBS/lwjgl-release-3.1.2-custom/lwjgl-opengl-natives-linux.jar
7fc8552b1000-7fc8552bc000 r--s 002ad000 08:06 5379420                    /home/mourad/dev/Workspaces/JAVALIBS/lwjgl-release-3.1.2-custom/lwjgl-opengl-javadoc.jar
7fc8552bc000-7fc8552c2000 r--s 00051000 08:06 5379427                    /home/mourad/dev/Workspaces/JAVALIBS/lwjgl-release-3.1.2-custom/lwjgl-opengles-sources.jar
7fc8552c2000-7fc8552c4000 r--s 0001b000 08:06 5379419                    /home/mourad/dev/Workspaces/JAVALIBS/lwjgl-release-3.1.2-custom/lwjgl-opengles-natives-windows.jar
7fc8552c4000-7fc8552c5000 r--s 00007000 08:06 5379418                    /home/mourad/dev/Workspaces/JAVALIBS/lwjgl-release-3.1.2-custom/lwjgl-opengles-natives-linux.jar
7fc8552c5000-7fc8552cb000 r--s 0014c000 08:06 5379428                    /home/mourad/dev/Workspaces/JAVALIBS/lwjgl-release-3.1.2-custom/lwjgl-opengles-javadoc.jar
7fc8552cb000-7fc8552d1000 r--s 00044000 08:06 5379424                    /home/mourad/dev/Workspaces/JAVALIBS/lwjgl-release-3.1.2-custom/lwjgl-opengles.jar
7fc8552d1000-7fc8552db000 r--s 000ac000 08:06 5379416                    /home/mourad/dev/Workspaces/JAVALIBS/lwjgl-release-3.1.2-custom/lwjgl-opengl.jar
7fc8552db000-7fc8552de000 r--s 00031000 08:06 5379412                    /home/mourad/dev/Workspaces/JAVALIBS/lwjgl-release-3.1.2-custom/lwjgl-opencl-sources.jar
7fc8552de000-7fc8552e2000 r--s 000ce000 08:06 5379411                    /home/mourad/dev/Workspaces/JAVALIBS/lwjgl-release-3.1.2-custom/lwjgl-opencl-javadoc.jar
7fc8552e2000-7fc8552e5000 r--s 00023000 08:06 5379413                    /home/mourad/dev/Workspaces/JAVALIBS/lwjgl-release-3.1.2-custom/lwjgl-opencl.jar
7fc8552e5000-7fc8552e7000 r--s 00010000 08:06 5379409                    /home/mourad/dev/Workspaces/JAVALIBS/lwjgl-release-3.1.2-custom/lwjgl-openal-sources.jar
7fc8552e7000-7fc8552e9000 r--s 00102000 08:06 5379406                    /home/mourad/dev/Workspaces/JAVALIBS/lwjgl-release-3.1.2-custom/lwjgl-openal-natives-windows.jar
7fc8552e9000-7fc8552ea000 r--s 00077000 08:06 5379405                    /home/mourad/dev/Workspaces/JAVALIBS/lwjgl-release-3.1.2-custom/lwjgl-openal-natives-linux.jar
7fc8552ea000-7fc8552ed000 r--s 0008d000 08:06 5379410                    /home/mourad/dev/Workspaces/JAVALIBS/lwjgl-release-3.1.2-custom/lwjgl-openal-javadoc.jar
7fc8552ed000-7fc855303000 r-xp 00000000 08:02 7340036                    /lib/x86_64-linux-gnu/libgcc_s.so.1
7fc855303000-7fc855502000 ---p 00016000 08:02 7340036                    /lib/x86_64-linux-gnu/libgcc_s.so.1
7fc855502000-7fc855503000 rw-p 00015000 08:02 7340036                    /lib/x86_64-linux-gnu/libgcc_s.so.1
7fc855503000-7fc855506000 r--s 00010000 08:06 5379407                    /home/mourad/dev/Workspaces/JAVALIBS/lwjgl-release-3.1.2-custom/lwjgl-openal.jar
7fc855506000-7fc855509000 r--s 0003a000 08:06 5379402                    /home/mourad/dev/Workspaces/JAVALIBS/lwjgl-release-3.1.2-custom/lwjgl-nuklear-sources.jar
7fc855509000-7fc85550a000 r--s 00040000 08:06 5379404                    /home/mourad/dev/Workspaces/JAVALIBS/lwjgl-release-3.1.2-custom/lwjgl-nuklear-natives-windows.jar
7fc85550a000-7fc85550b000 r--s 00021000 08:06 5379400                    /home/mourad/dev/Workspaces/JAVALIBS/lwjgl-release-3.1.2-custom/lwjgl-nuklear-natives-linux.jar
7fc85550b000-7fc855510000 r--s 00112000 08:06 5379401                    /home/mourad/dev/Workspaces/JAVALIBS/lwjgl-release-3.1.2-custom/lwjgl-nuklear-javadoc.jar
7fc855510000-7fc855516000 r--s 00054000 08:06 5379403                    /home/mourad/dev/Workspaces/JAVALIBS/lwjgl-release-3.1.2-custom/lwjgl-nuklear.jar
7fc855516000-7fc855517000 r--s 00001000 08:06 5379397                    /home/mourad/dev/Workspaces/JAVALIBS/lwjgl-release-3.1.2-custom/lwjgl-nfd-sources.jar
7fc855517000-7fc855518000 r--s 0001f000 08:06 5379396                    /home/mourad/dev/Workspaces/JAVALIBS/lwjgl-release-3.1.2-custom/lwjgl-nfd-natives-windows.jar
7fc855518000-7fc855519000 r--s 00001000 08:06 5379395                    /home/mourad/dev/Workspaces/JAVALIBS/lwjgl-release-3.1.2-custom/lwjgl-nfd-natives-linux.jar
7fc855519000-7fc85551c000 r--s 00059000 08:06 5379394                    /home/mourad/dev/Workspaces/JAVALIBS/lwjgl-release-3.1.2-custom/lwjgl-nfd-javadoc.jar
7fc85551c000-7fc85551d000 r--s 00001000 08:06 5379398                    /home/mourad/dev/Workspaces/JAVALIBS/lwjgl-release-3.1.2-custom/lwjgl-nfd.jar
7fc85551d000-7fc85551f000 r--s 00037000 08:06 5379480                    /home/mourad/dev/Workspaces/JAVALIBS/lwjgl-release-3.1.2-custom/lwjgl-natives-windows.jar
7fc85551f000-7fc85556f000 r-xp 00000000 08:02 3538979                    /tmp/lwjglmourad/3.1.2-build-29/liblwjgl.so
7fc85556f000-7fc85576e000 ---p 00050000 08:02 3538979                    /tmp/lwjglmourad/3.1.2-build-29/liblwjgl.so
7fc85576e000-7fc85576f000 r--p 0004f000 08:02 3538979                    /tmp/lwjglmourad/3.1.2-build-29/liblwjgl.so
7fc85576f000-7fc855770000 rw-p 00050000 08:02 3538979                    /tmp/lwjglmourad/3.1.2-build-29/liblwjgl.so
7fc855770000-7fc85577a000 r--s 00116000 08:02 6686222                    /opt/jdk/jdk1.8.0_111/jre/lib/ext/localedata.jar
7fc85577a000-7fc85577b000 r--s 00012000 08:06 5379478                    /home/mourad/dev/Workspaces/JAVALIBS/lwjgl-release-3.1.2-custom/lwjgl-natives-linux.jar
7fc85577b000-7fc85577c000 r--s 00008000 08:06 5379392                    /home/mourad/dev/Workspaces/JAVALIBS/lwjgl-release-3.1.2-custom/lwjgl-nanovg-sources.jar
7fc85577c000-7fc85577d000 r--s 0005d000 08:06 5379390                    /home/mourad/dev/Workspaces/JAVALIBS/lwjgl-release-3.1.2-custom/lwjgl-nanovg-natives-windows.jar
7fc85577d000-7fc85577e000 r--s 00020000 08:06 5379382                    /home/mourad/dev/Workspaces/JAVALIBS/lwjgl-release-3.1.2-custom/lwjgl-nanovg-natives-linux.jar
7fc85577e000-7fc855780000 r--s 0006d000 08:06 5379389                    /home/mourad/dev/Workspaces/JAVALIBS/lwjgl-release-3.1.2-custom/lwjgl-nanovg-javadoc.jar
7fc855780000-7fc855782000 r--s 00008000 08:06 5379391                    /home/mourad/dev/Workspaces/JAVALIBS/lwjgl-release-3.1.2-custom/lwjgl-nanovg.jar
7fc855782000-7fc855783000 r--s 00008000 08:06 5379387                    /home/mourad/dev/Workspaces/JAVALIBS/lwjgl-release-3.1.2-custom/lwjgl-lmdb-sources.jar
7fc855783000-7fc855784000 r--s 0002c000 08:06 5379386                    /home/mourad/dev/Workspaces/JAVALIBS/lwjgl-release-3.1.2-custom/lwjgl-lmdb-natives-windows.jar
7fc855784000-7fc855785000 r--s 0000c000 08:06 5379377                    /home/mourad/dev/Workspaces/JAVALIBS/lwjgl-release-3.1.2-custom/lwjgl-lmdb-natives-linux.jar
7fc855785000-7fc855787000 r--s 0006b000 08:06 5379385                    /home/mourad/dev/Workspaces/JAVALIBS/lwjgl-release-3.1.2-custom/lwjgl-lmdb-javadoc.jar
7fc855787000-7fc855789000 r--s 00005000 08:06 5379388                    /home/mourad/dev/Workspaces/JAVALIBS/lwjgl-release-3.1.2-custom/lwjgl-lmdb.jar
7fc855789000-7fc85578b000 r--s 00005000 08:06 5379381                    /home/mourad/dev/Workspaces/JAVALIBS/lwjgl-release-3.1.2-custom/lwjgl-jemalloc-sources.jar
7fc85578b000-7fc85578c000 r--s 0002c000 08:06 5379380                    /home/mourad/dev/Workspaces/JAVALIBS/lwjgl-release-3.1.2-custom/lwjgl-jemalloc-natives-windows.jar
7fc85578c000-7fc85578d000 r--s 0001a000 08:06 5379379                    /home/mourad/dev/Workspaces/JAVALIBS/lwjgl-release-3.1.2-custom/lwjgl-jemalloc-natives-linux.jar
7fc85578d000-7fc855790000 r--s 0006b000 08:06 5379378                    /home/mourad/dev/Workspaces/JAVALIBS/lwjgl-release-3.1.2-custom/lwjgl-jemalloc-javadoc.jar
7fc855790000-7fc855792000 r--s 00007000 08:06 5379383                    /home/mourad/dev/Workspaces/JAVALIBS/lwjgl-release-3.1.2-custom/lwjgl-jemalloc.jar
7fc855792000-7fc855793000 r--s 00004000 08:06 5379375                    /home/mourad/dev/Workspaces/JAVALIBS/lwjgl-release-3.1.2-custom/lwjgl-jawt-sources.jar
7fc855793000-7fc855795000 r--s 00066000 08:06 5379374                    /home/mourad/dev/Workspaces/JAVALIBS/lwjgl-release-3.1.2-custom/lwjgl-jawt-javadoc.jar
7fc855795000-7fc855796000 r--s 00005000 08:06 5379368                    /home/mourad/dev/Workspaces/JAVALIBS/lwjgl-release-3.1.2-custom/lwjgl-jawt.jar
7fc855796000-7fc85579b000 r--s 0010d000 08:06 5379479                    /home/mourad/dev/Workspaces/JAVALIBS/lwjgl-release-3.1.2-custom/lwjgl-javadoc.jar
7fc85579b000-7fc85579e000 r--s 00012000 08:06 5379370                    /home/mourad/dev/Workspaces/JAVALIBS/lwjgl-release-3.1.2-custom/lwjgl-glfw-sources.jar
7fc85579e000-7fc85579f000 r--s 00037000 08:06 5379363                    /home/mourad/dev/Workspaces/JAVALIBS/lwjgl-release-3.1.2-custom/lwjgl-glfw-natives-windows.jar
7fc85579f000-7fc8557a0000 r--s 0000e000 08:06 5379362                    /home/mourad/dev/Workspaces/JAVALIBS/lwjgl-release-3.1.2-custom/lwjgl-glfw-natives-linux.jar
7fc8557a0000-7fc8557a4000 r--s 00097000 08:06 5379366                    /home/mourad/dev/Workspaces/JAVALIBS/lwjgl-release-3.1.2-custom/lwjgl-glfw-javadoc.jar
7fc8557a4000-7fc855aa5000 rw-p 00000000 00:00 0 
7fc855aa5000-7fc855abb000 r-xp 00000000 08:02 6686148                    /opt/jdk/jdk1.8.0_111/jre/lib/amd64/libnet.so
7fc855abb000-7fc855cbb000 ---p 00016000 08:02 6686148                    /opt/jdk/jdk1.8.0_111/jre/lib/amd64/libnet.so
7fc855cbb000-7fc855cbc000 rw-p 00016000 08:02 6686148                    /opt/jdk/jdk1.8.0_111/jre/lib/amd64/libnet.so
7fc855cbc000-7fc855ccd000 r-xp 00000000 08:02 6686173                    /opt/jdk/jdk1.8.0_111/jre/lib/amd64/libnio.so
7fc855ccd000-7fc855ecc000 ---p 00011000 08:02 6686173                    /opt/jdk/jdk1.8.0_111/jre/lib/amd64/libnio.so
7fc855ecc000-7fc855ecd000 rw-p 00010000 08:02 6686173                    /opt/jdk/jdk1.8.0_111/jre/lib/amd64/libnio.so
7fc855ecd000-7fc855ee0000 r--s 00345000 08:02 6686080                    /opt/jdk/jdk1.8.0_111/jre/lib/resources.jar
7fc855ee0000-7fc855ee3000 r--s 00015000 08:06 5379373                    /home/mourad/dev/Workspaces/JAVALIBS/lwjgl-release-3.1.2-custom/lwjgl-glfw.jar
7fc855ee3000-7fc855ee4000 ---p 00000000 00:00 0 
7fc855ee4000-7fc855fe4000 rw-p 00000000 00:00 0                          [stack:3462]
7fc855fe4000-7fc855fe7000 ---p 00000000 00:00 0 
7fc855fe7000-7fc8560e5000 rw-p 00000000 00:00 0                          [stack:3461]
7fc8560e5000-7fc8560e8000 ---p 00000000 00:00 0 
7fc8560e8000-7fc8561e6000 rw-p 00000000 00:00 0                          [stack:3460]
7fc8561e6000-7fc8561e9000 ---p 00000000 00:00 0 
7fc8561e9000-7fc8562e7000 rw-p 00000000 00:00 0                          [stack:3459]
7fc8562e7000-7fc8562ea000 ---p 00000000 00:00 0 
7fc8562ea000-7fc8563e8000 rw-p 00000000 00:00 0                          [stack:3458]
7fc8563e8000-7fc8563eb000 ---p 00000000 00:00 0 
7fc8563eb000-7fc8564e9000 rw-p 00000000 00:00 0                          [stack:3457]
7fc8564e9000-7fc856672000 r--p 00000000 08:02 3679556                    /usr/lib/locale/locale-archive
7fc856672000-7fc856675000 ---p 00000000 00:00 0 
7fc856675000-7fc856773000 rw-p 00000000 00:00 0                          [stack:3456]
7fc856773000-7fc856776000 ---p 00000000 00:00 0 
7fc856776000-7fc856874000 rw-p 00000000 00:00 0                          [stack:3455]
7fc856874000-7fc856875000 ---p 00000000 00:00 0 
7fc856875000-7fc859000000 rw-p 00000000 00:00 0                          [stack:3454]
7fc859000000-7fc8592d0000 rwxp 00000000 00:00 0 
7fc8592d0000-7fc868000000 ---p 00000000 00:00 0 
7fc868000000-7fc868e65000 rw-p 00000000 00:00 0 
7fc868e65000-7fc86c000000 ---p 00000000 00:00 0 
7fc86c000000-7fc86c003000 r--s 0001f000 08:06 5379365                    /home/mourad/dev/Workspaces/JAVALIBS/lwjgl-release-3.1.2-custom/lwjgl-egl-sources.jar
7fc86c003000-7fc86c008000 r--s 000c1000 08:06 5379369                    /home/mourad/dev/Workspaces/JAVALIBS/lwjgl-release-3.1.2-custom/lwjgl-egl-javadoc.jar
7fc86c008000-7fc86c00c000 r--s 0001b000 08:06 5379361                    /home/mourad/dev/Workspaces/JAVALIBS/lwjgl-release-3.1.2-custom/lwjgl-egl.jar
7fc86c00c000-7fc86c00e000 r--s 00018000 08:06 5379356                    /home/mourad/dev/Workspaces/JAVALIBS/lwjgl-release-3.1.2-custom/lwjgl-bgfx-sources.jar
7fc86c00e000-7fc86c012000 r--s 000ac000 08:06 5379371                    /home/mourad/dev/Workspaces/JAVALIBS/lwjgl-release-3.1.2-custom/lwjgl-bgfx-javadoc.jar
7fc86c012000-7fc86c768000 rw-p 00000000 00:00 0 
7fc86c768000-7fc86c940000 r--s 03d2a000 08:02 6686061                    /opt/jdk/jdk1.8.0_111/jre/lib/rt.jar
7fc86c940000-7fc86d176000 rw-p 00000000 00:00 0 
7fc86d176000-7fc86d1b6000 ---p 00000000 00:00 0 
7fc86d1b6000-7fc86d398000 rw-p 00000000 00:00 0 
7fc86d398000-7fc86d399000 ---p 00000000 00:00 0 
7fc86d399000-7fc86d499000 rw-p 00000000 00:00 0                          [stack:3453]
7fc86d499000-7fc86d49a000 ---p 00000000 00:00 0 
7fc86d49a000-7fc86d59a000 rw-p 00000000 00:00 0                          [stack:3452]
7fc86d59a000-7fc86d59b000 ---p 00000000 00:00 0 
7fc86d59b000-7fc86d69b000 rw-p 00000000 00:00 0                          [stack:3451]
7fc86d69b000-7fc86d69c000 ---p 00000000 00:00 0 
7fc86d69c000-7fc86d7b1000 rw-p 00000000 00:00 0                          [stack:3450]
7fc86d7b1000-7fc86d8de000 ---p 00000000 00:00 0 
7fc86d8de000-7fc86d8f3000 rw-p 00000000 00:00 0 
7fc86d8f3000-7fc86da1f000 ---p 00000000 00:00 0 
7fc86da1f000-7fc86da2a000 rw-p 00000000 00:00 0 
7fc86da2a000-7fc86dac0000 ---p 00000000 00:00 0 
7fc86dac0000-7fc86dacd000 rw-p 00000000 00:00 0 
7fc86dacd000-7fc86de81000 ---p 00000000 00:00 0 
7fc86de81000-7fc86de9b000 r-xp 00000000 08:02 6686171                    /opt/jdk/jdk1.8.0_111/jre/lib/amd64/libzip.so
7fc86de9b000-7fc86e09b000 ---p 0001a000 08:02 6686171                    /opt/jdk/jdk1.8.0_111/jre/lib/amd64/libzip.so
7fc86e09b000-7fc86e09c000 rw-p 0001a000 08:02 6686171                    /opt/jdk/jdk1.8.0_111/jre/lib/amd64/libzip.so
7fc86e09c000-7fc86e0a7000 r-xp 00000000 08:02 7340050                    /lib/x86_64-linux-gnu/libnss_files-2.19.so
7fc86e0a7000-7fc86e2a6000 ---p 0000b000 08:02 7340050                    /lib/x86_64-linux-gnu/libnss_files-2.19.so
7fc86e2a6000-7fc86e2a7000 r--p 0000a000 08:02 7340050                    /lib/x86_64-linux-gnu/libnss_files-2.19.so
7fc86e2a7000-7fc86e2a8000 rw-p 0000b000 08:02 7340050                    /lib/x86_64-linux-gnu/libnss_files-2.19.so
7fc86e2a8000-7fc86e2b2000 r-xp 00000000 08:02 7340052                    /lib/x86_64-linux-gnu/libnss_nis-2.19.so
7fc86e2b2000-7fc86e4b1000 ---p 0000a000 08:02 7340052                    /lib/x86_64-linux-gnu/libnss_nis-2.19.so
7fc86e4b1000-7fc86e4b2000 r--p 00009000 08:02 7340052                    /lib/x86_64-linux-gnu/libnss_nis-2.19.so
7fc86e4b2000-7fc86e4b3000 rw-p 0000a000 08:02 7340052                    /lib/x86_64-linux-gnu/libnss_nis-2.19.so
7fc86e4b3000-7fc86e4c8000 r-xp 00000000 08:02 7340047                    /lib/x86_64-linux-gnu/libnsl-2.19.so
7fc86e4c8000-7fc86e6c7000 ---p 00015000 08:02 7340047                    /lib/x86_64-linux-gnu/libnsl-2.19.so
7fc86e6c7000-7fc86e6c8000 r--p 00014000 08:02 7340047                    /lib/x86_64-linux-gnu/libnsl-2.19.so
7fc86e6c8000-7fc86e6c9000 rw-p 00015000 08:02 7340047                    /lib/x86_64-linux-gnu/libnsl-2.19.so
7fc86e6c9000-7fc86e6cb000 rw-p 00000000 00:00 0 
7fc86e6cb000-7fc86e6d2000 r-xp 00000000 08:02 7340048                    /lib/x86_64-linux-gnu/libnss_compat-2.19.so
7fc86e6d2000-7fc86e8d1000 ---p 00007000 08:02 7340048                    /lib/x86_64-linux-gnu/libnss_compat-2.19.so
7fc86e8d1000-7fc86e8d2000 r--p 00006000 08:02 7340048                    /lib/x86_64-linux-gnu/libnss_compat-2.19.so
7fc86e8d2000-7fc86e8d3000 rw-p 00007000 08:02 7340048                    /lib/x86_64-linux-gnu/libnss_compat-2.19.so
7fc86e8d3000-7fc86e8fe000 r-xp 00000000 08:02 6686198                    /opt/jdk/jdk1.8.0_111/jre/lib/amd64/libjava.so
7fc86e8fe000-7fc86eafd000 ---p 0002b000 08:02 6686198                    /opt/jdk/jdk1.8.0_111/jre/lib/amd64/libjava.so
7fc86eafd000-7fc86eaff000 rw-p 0002a000 08:02 6686198                    /opt/jdk/jdk1.8.0_111/jre/lib/amd64/libjava.so
7fc86eaff000-7fc86eb0c000 r-xp 00000000 08:02 6686149                    /opt/jdk/jdk1.8.0_111/jre/lib/amd64/libverify.so
7fc86eb0c000-7fc86ed0b000 ---p 0000d000 08:02 6686149                    /opt/jdk/jdk1.8.0_111/jre/lib/amd64/libverify.so
7fc86ed0b000-7fc86ed0d000 rw-p 0000c000 08:02 6686149                    /opt/jdk/jdk1.8.0_111/jre/lib/amd64/libverify.so
7fc86ed0d000-7fc86ed14000 r-xp 00000000 08:02 7340056                    /lib/x86_64-linux-gnu/librt-2.19.so
7fc86ed14000-7fc86ef13000 ---p 00007000 08:02 7340056                    /lib/x86_64-linux-gnu/librt-2.19.so
7fc86ef13000-7fc86ef14000 r--p 00006000 08:02 7340056                    /lib/x86_64-linux-gnu/librt-2.19.so
7fc86ef14000-7fc86ef15000 rw-p 00007000 08:02 7340056                    /lib/x86_64-linux-gnu/librt-2.19.so
7fc86ef15000-7fc86f015000 r-xp 00000000 08:02 7340045                    /lib/x86_64-linux-gnu/libm-2.19.so
7fc86f015000-7fc86f214000 ---p 00100000 08:02 7340045                    /lib/x86_64-linux-gnu/libm-2.19.so
7fc86f214000-7fc86f215000 r--p 000ff000 08:02 7340045                    /lib/x86_64-linux-gnu/libm-2.19.so
7fc86f215000-7fc86f216000 rw-p 00100000 08:02 7340045                    /lib/x86_64-linux-gnu/libm-2.19.so
7fc86f216000-7fc86fee3000 r-xp 00000000 08:02 6686202                    /opt/jdk/jdk1.8.0_111/jre/lib/amd64/server/libjvm.so
7fc86fee3000-7fc8700e2000 ---p 00ccd000 08:02 6686202                    /opt/jdk/jdk1.8.0_111/jre/lib/amd64/server/libjvm.so
7fc8700e2000-7fc8701bb000 rw-p 00ccc000 08:02 6686202                    /opt/jdk/jdk1.8.0_111/jre/lib/amd64/server/libjvm.so
7fc8701bb000-7fc870206000 rw-p 00000000 00:00 0 
7fc870206000-7fc8703a7000 r-xp 00000000 08:02 7340041                    /lib/x86_64-linux-gnu/libc-2.19.so
7fc8703a7000-7fc8705a7000 ---p 001a1000 08:02 7340041                    /lib/x86_64-linux-gnu/libc-2.19.so
7fc8705a7000-7fc8705ab000 r--p 001a1000 08:02 7340041                    /lib/x86_64-linux-gnu/libc-2.19.so
7fc8705ab000-7fc8705ad000 rw-p 001a5000 08:02 7340041                    /lib/x86_64-linux-gnu/libc-2.19.so
7fc8705ad000-7fc8705b1000 rw-p 00000000 00:00 0 
7fc8705b1000-7fc8705b4000 r-xp 00000000 08:02 7340044                    /lib/x86_64-linux-gnu/libdl-2.19.so
7fc8705b4000-7fc8707b3000 ---p 00003000 08:02 7340044                    /lib/x86_64-linux-gnu/libdl-2.19.so
7fc8707b3000-7fc8707b4000 r--p 00002000 08:02 7340044                    /lib/x86_64-linux-gnu/libdl-2.19.so
7fc8707b4000-7fc8707b5000 rw-p 00003000 08:02 7340044                    /lib/x86_64-linux-gnu/libdl-2.19.so
7fc8707b5000-7fc8707ca000 r-xp 00000000 08:02 6685308                    /opt/jdk/jdk1.8.0_111/lib/amd64/jli/libjli.so
7fc8707ca000-7fc8709ca000 ---p 00015000 08:02 6685308                    /opt/jdk/jdk1.8.0_111/lib/amd64/jli/libjli.so
7fc8709ca000-7fc8709cb000 rw-p 00015000 08:02 6685308                    /opt/jdk/jdk1.8.0_111/lib/amd64/jli/libjli.so
7fc8709cb000-7fc8709e3000 r-xp 00000000 08:02 7340037                    /lib/x86_64-linux-gnu/libpthread-2.19.so
7fc8709e3000-7fc870be2000 ---p 00018000 08:02 7340037                    /lib/x86_64-linux-gnu/libpthread-2.19.so
7fc870be2000-7fc870be3000 r--p 00017000 08:02 7340037                    /lib/x86_64-linux-gnu/libpthread-2.19.so
7fc870be3000-7fc870be4000 rw-p 00018000 08:02 7340037                    /lib/x86_64-linux-gnu/libpthread-2.19.so
7fc870be4000-7fc870be8000 rw-p 00000000 00:00 0 
7fc870be8000-7fc870c09000 r-xp 00000000 08:02 7340038                    /lib/x86_64-linux-gnu/ld-2.19.so
7fc870c09000-7fc870c0a000 r--s 0009b000 08:06 5379367                    /home/mourad/dev/Workspaces/JAVALIBS/lwjgl-release-3.1.2-custom/lwjgl-bgfx-natives-windows.jar
7fc870c0a000-7fc870c0d000 r--s 0001f000 08:06 5379360                    /home/mourad/dev/Workspaces/JAVALIBS/lwjgl-release-3.1.2-custom/lwjgl-bgfx.jar
7fc870c0d000-7fc870ce5000 rw-p 00000000 00:00 0 
7fc870ce5000-7fc870ce8000 ---p 00000000 00:00 0 
7fc870ce8000-7fc870dea000 rw-p 00000000 00:00 0                          [stack:3449]
7fc870dea000-7fc870dec000 r--s 00046000 08:06 5379352                    /home/mourad/dev/Workspaces/JAVALIBS/lwjgl-release-3.1.2-custom/lwjgl-bgfx-natives-linux.jar
7fc870dec000-7fc870dee000 r--s 00026000 08:06 5379357                    /home/mourad/dev/Workspaces/JAVALIBS/lwjgl-release-3.1.2-custom/lwjgl-assimp-sources.jar
7fc870dee000-7fc870def000 r--s 0037b000 08:06 5379372                    /home/mourad/dev/Workspaces/JAVALIBS/lwjgl-release-3.1.2-custom/lwjgl-assimp-natives-windows.jar
7fc870def000-7fc870df0000 r--s 002ad000 08:06 5379349                    /home/mourad/dev/Workspaces/JAVALIBS/lwjgl-release-3.1.2-custom/lwjgl-assimp-natives-linux.jar
7fc870df0000-7fc870df4000 r--s 000d4000 08:06 5379354                    /home/mourad/dev/Workspaces/JAVALIBS/lwjgl-release-3.1.2-custom/lwjgl-assimp-javadoc.jar
7fc870df4000-7fc870df7000 r--s 0002a000 08:06 5379358                    /home/mourad/dev/Workspaces/JAVALIBS/lwjgl-release-3.1.2-custom/lwjgl-assimp.jar
7fc870df7000-7fc870dfc000 r--s 0003e000 08:06 5379481                    /home/mourad/dev/Workspaces/JAVALIBS/lwjgl-release-3.1.2-custom/lwjgl.jar
7fc870dfc000-7fc870e04000 rw-s 00000000 08:02 3538971                    /tmp/hsperfdata_mourad/3444
7fc870e04000-7fc870e05000 rw-p 00000000 00:00 0 
7fc870e05000-7fc870e06000 r--p 00000000 00:00 0 
7fc870e06000-7fc870e08000 rw-p 00000000 00:00 0 
7fc870e08000-7fc870e09000 r--p 00020000 08:02 7340038                    /lib/x86_64-linux-gnu/ld-2.19.so
7fc870e09000-7fc870e0a000 rw-p 00021000 08:02 7340038                    /lib/x86_64-linux-gnu/ld-2.19.so
7fc870e0a000-7fc870e0b000 rw-p 00000000 00:00 0 
7ffe6ef12000-7ffe6ef36000 rw-p 00000000 00:00 0                          [stack]
7ffe6efe9000-7ffe6efeb000 r-xp 00000000 00:00 0                          [vdso]
7ffe6efeb000-7ffe6efed000 r--p 00000000 00:00 0                          [vvar]
ffffffffff600000-ffffffffff601000 r-xp 00000000 00:00 0                  [vsyscall]

VM Arguments:
jvm_args: -Dfile.encoding=UTF-8 
java_command: com.base.engine.MainComponent
java_class_path (initial): /home/mourad/dev/Workspaces/git-space/GameEngine/bin:/home/mourad/dev/Workspaces/JAVALIBS/lwjgl-release-3.1.2-custom/lwjgl.jar:/home/mourad/dev/Workspaces/JAVALIBS/lwjgl-release-3.1.2-custom/lwjgl-assimp.jar:/home/mourad/dev/Workspaces/JAVALIBS/lwjgl-release-3.1.2-custom/lwjgl-assimp-javadoc.jar:/home/mourad/dev/Workspaces/JAVALIBS/lwjgl-release-3.1.2-custom/lwjgl-assimp-natives-linux.jar:/home/mourad/dev/Workspaces/JAVALIBS/lwjgl-release-3.1.2-custom/lwjgl-assimp-natives-windows.jar:/home/mourad/dev/Workspaces/JAVALIBS/lwjgl-release-3.1.2-custom/lwjgl-assimp-sources.jar:/home/mourad/dev/Workspaces/JAVALIBS/lwjgl-release-3.1.2-custom/lwjgl-bgfx.jar:/home/mourad/dev/Workspaces/JAVALIBS/lwjgl-release-3.1.2-custom/lwjgl-bgfx-javadoc.jar:/home/mourad/dev/Workspaces/JAVALIBS/lwjgl-release-3.1.2-custom/lwjgl-bgfx-natives-linux.jar:/home/mourad/dev/Workspaces/JAVALIBS/lwjgl-release-3.1.2-custom/lwjgl-bgfx-natives-windows.jar:/home/mourad/dev/Workspaces/JAVALIBS/lwjgl-release-3.1.2-custom/lwjgl-bgfx-sources.jar:/home/mourad/dev/Workspaces/JAVALIBS/lwjgl-release-3.1.2-custom/lwjgl-egl.jar:/home/mourad/dev/Workspaces/JAVALIBS/lwjgl-release-3.1.2-custom/lwjgl-egl-javadoc.jar:/home/mourad/dev/Workspaces/JAVALIBS/lwjgl-release-3.1.2-custom/lwjgl-egl-sources.jar:/home/mourad/dev/Workspaces/JAVALIBS/lwjgl-release-3.1.2-custom/lwjgl-glfw.jar:/home/mourad/dev/Workspaces/JAVALIBS/lwjgl-release-3.1.2-custom/lwjgl-glfw-javadoc.jar:/home/mourad/dev/Workspaces/JAVALIBS/lwjgl-release-3.1.2-custom/lwjgl-glfw-natives-linux.jar:/home/mourad/dev/Workspaces/JAVALIBS/lwjgl-release-3.1.2-custom/lwjgl-glfw-natives-windows.jar:/home/mourad/dev/Workspaces/JAVALIBS/lwjgl-release-3.1.2-custom/lwjgl-glfw-sources.jar:/home/mourad/dev/Workspaces/JAVALIBS/lwjgl-release-3.1.2-custom/lwjgl-javadoc.jar:/home/mourad/dev/Workspaces/JAVALIBS/lwjgl-release-3.1.2-custom/lwjgl-jawt.jar:/home/mourad/dev/Workspaces/JAVALIBS/lwjgl-release-3.1.2-custom/lwjgl-jawt-javadoc.jar:/home/mourad/
Launcher Type: SUN_STANDARD

Environment Variables:
PATH=/usr/local/bin:/usr/bin:/bin:/usr/local/games:/usr/games
USERNAME=mourad
LD_LIBRARY_PATH=/usr/lib/x86_64-linux-gnu/primus:/usr/lib/i386-linux-gnu/primus:/usr/lib/primus:/usr/lib32/primus:/usr/lib/x86_64-linux-gnu/nvidia:/usr/lib/i386-linux-gnu/nvidia:/usr/lib/nvidia
SHELL=/bin/bash
DISPLAY=:0

Signal Handlers:
SIGSEGV: [libjvm.so+0xac64b0], sa_mask[0]=11111111011111111101111111111110, sa_flags=SA_RESTART|SA_SIGINFO
SIGBUS: [libjvm.so+0xac64b0], sa_mask[0]=11111111011111111101111111111110, sa_flags=SA_RESTART|SA_SIGINFO
SIGFPE: [libjvm.so+0x91f950], sa_mask[0]=11111111011111111101111111111110, sa_flags=SA_RESTART|SA_SIGINFO
SIGPIPE: [libjvm.so+0x91f950], sa_mask[0]=11111111011111111101111111111110, sa_flags=SA_RESTART|SA_SIGINFO
SIGXFSZ: [libjvm.so+0x91f950], sa_mask[0]=11111111011111111101111111111110, sa_flags=SA_RESTART|SA_SIGINFO
SIGILL: [libjvm.so+0x91f950], sa_mask[0]=11111111011111111101111111111110, sa_flags=SA_RESTART|SA_SIGINFO
SIGUSR1: SIG_DFL, sa_mask[0]=00000000000000000000000000000000, sa_flags=none
SIGUSR2: [libjvm.so+0x920f80], sa_mask[0]=00100000000000000000000000000000, sa_flags=SA_RESTART|SA_SIGINFO
SIGHUP: [libjvm.so+0x922380], sa_mask[0]=11111111011111111101111111111110, sa_flags=SA_RESTART|SA_SIGINFO
SIGINT: [libjvm.so+0x922380], sa_mask[0]=11111111011111111101111111111110, sa_flags=SA_RESTART|SA_SIGINFO
SIGTERM: [libjvm.so+0x922380], sa_mask[0]=11111111011111111101111111111110, sa_flags=SA_RESTART|SA_SIGINFO
SIGQUIT: [libjvm.so+0x922380], sa_mask[0]=11111111011111111101111111111110, sa_flags=SA_RESTART|SA_SIGINFO


---------------  S Y S T E M  ---------------

OS:PRETTY_NAME="Debian GNU/Linux 8 (jessie)"
NAME="Debian GNU/Linux"
VERSION_ID="8"
VERSION="8 (jessie)"
ID=debian
HOME_URL="http://www.debian.org/"
SUPPORT_URL="http://www.debian.org/support"
BUG_REPORT_URL="https://bugs.debian.org/"

uname:Linux 3.16.0-4-amd64 #1 SMP Debian 3.16.43-2+deb8u2 (2017-06-26) x86_64
libc:glibc 2.19 NPTL 2.19 
rlimit: STACK 8192k, CORE 0k, NPROC 14624, NOFILE 65536, AS infinity
load average:0,81 0,61 0,51

/proc/meminfo:
MemTotal:        3941940 kB
MemFree:         1373848 kB
MemAvailable:    2061260 kB
Buffers:           70260 kB
Cached:           943592 kB
SwapCached:            0 kB
Active:          1722588 kB
Inactive:         668432 kB
Active(anon):    1378132 kB
Inactive(anon):   181136 kB
Active(file):     344456 kB
Inactive(file):   487296 kB
Unevictable:           0 kB
Mlocked:               0 kB
SwapTotal:       4076540 kB
SwapFree:        4076540 kB
Dirty:               228 kB
Writeback:             4 kB
AnonPages:       1377144 kB
Mapped:           331732 kB
Shmem:            182108 kB
Slab:              82744 kB
SReclaimable:      49208 kB
SUnreclaim:        33536 kB
KernelStack:        9008 kB
PageTables:        26916 kB
NFS_Unstable:          0 kB
Bounce:                0 kB
WritebackTmp:          0 kB
CommitLimit:     6047508 kB
Committed_AS:    4646648 kB
VmallocTotal:   34359738367 kB
VmallocUsed:      384620 kB
VmallocChunk:   34359330472 kB
HardwareCorrupted:     0 kB
AnonHugePages:         0 kB
HugePages_Total:       0
HugePages_Free:        0
HugePages_Rsvd:        0
HugePages_Surp:        0
Hugepagesize:       2048 kB
DirectMap4k:      145376 kB
DirectMap2M:     3932160 kB


CPU:total 4 (2 cores per cpu, 2 threads per core) family 6 model 58 stepping 9, cmov, cx8, fxsr, mmx, sse, sse2, sse3, ssse3, sse4.1, sse4.2, popcnt, avx, clmul, erms, ht, tsc, tscinvbit, tscinv

/proc/cpuinfo:
processor	: 0
vendor_id	: GenuineIntel
cpu family	: 6
model		: 58
model name	: Intel(R) Core(TM) i3-3217U CPU @ 1.80GHz
stepping	: 9
microcode	: 0x12
cpu MHz		: 1796.203
cache size	: 3072 KB
physical id	: 0
siblings	: 4
core id		: 0
cpu cores	: 2
apicid		: 0
initial apicid	: 0
fpu		: yes
fpu_exception	: yes
cpuid level	: 13
wp		: yes
flags		: fpu vme de pse tsc msr pae mce cx8 apic sep mtrr pge mca cmov pat pse36 clflush dts acpi mmx fxsr sse sse2 ss ht tm pbe syscall nx rdtscp lm constant_tsc arch_perfmon pebs bts rep_good nopl xtopology nonstop_tsc aperfmperf eagerfpu pni pclmulqdq dtes64 monitor ds_cpl vmx est tm2 ssse3 cx16 xtpr pdcm pcid sse4_1 sse4_2 x2apic popcnt tsc_deadline_timer xsave avx f16c lahf_lm ida arat epb xsaveopt pln pts dtherm tpr_shadow vnmi flexpriority ept vpid fsgsbase smep erms
bogomips	: 3591.75
clflush size	: 64
cache_alignment	: 64
address sizes	: 36 bits physical, 48 bits virtual
power management:

processor	: 1
vendor_id	: GenuineIntel
cpu family	: 6
model		: 58
model name	: Intel(R) Core(TM) i3-3217U CPU @ 1.80GHz
stepping	: 9
microcode	: 0x12
cpu MHz		: 1793.882
cache size	: 3072 KB
physical id	: 0
siblings	: 4
core id		: 1
cpu cores	: 2
apicid		: 2
initial apicid	: 2
fpu		: yes
fpu_exception	: yes
cpuid level	: 13
wp		: yes
flags		: fpu vme de pse tsc msr pae mce cx8 apic sep mtrr pge mca cmov pat pse36 clflush dts acpi mmx fxsr sse sse2 ss ht tm pbe syscall nx rdtscp lm constant_tsc arch_perfmon pebs bts rep_good nopl xtopology nonstop_tsc aperfmperf eagerfpu pni pclmulqdq dtes64 monitor ds_cpl vmx est tm2 ssse3 cx16 xtpr pdcm pcid sse4_1 sse4_2 x2apic popcnt tsc_deadline_timer xsave avx f16c lahf_lm ida arat epb xsaveopt pln pts dtherm tpr_shadow vnmi flexpriority ept vpid fsgsbase smep erms
bogomips	: 3591.75
clflush size	: 64
cache_alignment	: 64
address sizes	: 36 bits physical, 48 bits virtual
power management:

processor	: 2
vendor_id	: GenuineIntel
cpu family	: 6
model		: 58
model name	: Intel(R) Core(TM) i3-3217U CPU @ 1.80GHz
stepping	: 9
microcode	: 0x12
cpu MHz		: 1799.859
cache size	: 3072 KB
physical id	: 0
siblings	: 4
core id		: 0
cpu cores	: 2
apicid		: 1
initial apicid	: 1
fpu		: yes
fpu_exception	: yes
cpuid level	: 13
wp		: yes
flags		: fpu vme de pse tsc msr pae mce cx8 apic sep mtrr pge mca cmov pat pse36 clflush dts acpi mmx fxsr sse sse2 ss ht tm pbe syscall nx rdtscp lm constant_tsc arch_perfmon pebs bts rep_good nopl xtopology nonstop_tsc aperfmperf eagerfpu pni pclmulqdq dtes64 monitor ds_cpl vmx est tm2 ssse3 cx16 xtpr pdcm pcid sse4_1 sse4_2 x2apic popcnt tsc_deadline_timer xsave avx f16c lahf_lm ida arat epb xsaveopt pln pts dtherm tpr_shadow vnmi flexpriority ept vpid fsgsbase smep erms
bogomips	: 3591.75
clflush size	: 64
cache_alignment	: 64
address sizes	: 36 bits physical, 48 bits virtual
power management:

processor	: 3
vendor_id	: GenuineIntel
cpu family	: 6
model		: 58
model name	: Intel(R) Core(TM) i3-3217U CPU @ 1.80GHz
stepping	: 9
microcode	: 0x12
cpu MHz		: 1792.406
cache size	: 3072 KB
physical id	: 0
siblings	: 4
core id		: 1
cpu cores	: 2
apicid		: 3
initial apicid	: 3
fpu		: yes
fpu_exception	: yes
cpuid level	: 13
wp		: yes
flags		: fpu vme de pse tsc msr pae mce cx8 apic sep mtrr pge mca cmov pat pse36 clflush dts acpi mmx fxsr sse sse2 ss ht tm pbe syscall nx rdtscp lm constant_tsc arch_perfmon pebs bts rep_good nopl xtopology nonstop_tsc aperfmperf eagerfpu pni pclmulqdq dtes64 monitor ds_cpl vmx est tm2 ssse3 cx16 xtpr pdcm pcid sse4_1 sse4_2 x2apic popcnt tsc_deadline_timer xsave avx f16c lahf_lm ida arat epb xsaveopt pln pts dtherm tpr_shadow vnmi flexpriority ept vpid fsgsbase smep erms
bogomips	: 3591.75
clflush size	: 64
cache_alignment	: 64
address sizes	: 36 bits physical, 48 bits virtual
power management:



Memory: 4k page, physical 3941940k(1373848k free), swap 4076540k(4076540k free)

vm_info: Java HotSpot(TM) 64-Bit Server VM (25.111-b14) for linux-amd64 JRE (1.8.0_111-b14), built on Sep 22 2016 16:14:03 by "java_re" with gcc 4.3.0 20080428 (Red Hat 4.3.0-8)

time: Thu Jul 27 19:20:50 2017
elapsed time: 1 seconds (0d 0h 0m 1s)

