#
# A fatal error has been detected by the Java Runtime Environment:
#
#  SIGSEGV (0xb) at pc=0x00007fa4793e8e79, pid=8202, tid=0x00007fa4c9c17700
#
# JRE version: Java(TM) SE Runtime Environment (8.0_101-b13) (build 1.8.0_101-b13)
# Java VM: Java HotSpot(TM) 64-Bit Server VM (25.101-b13 mixed mode linux-amd64 compressed oops)
# Problematic frame:
# C  [liblwjgl_opengl.so+0x52e79]  Java_org_lwjgl_opengl_GL11_glClear+0x9
#
# Failed to write core dump. Core dumps have been disabled. To enable core dumping, try "ulimit -c unlimited" before starting Java again
#
# If you would like to submit a bug report, please visit:
#   http://bugreport.java.com/bugreport/crash.jsp
# The crash happened outside the Java Virtual Machine in native code.
# See problematic frame for where to report the bug.
#

---------------  T H R E A D  ---------------

Current thread (0x00007fa4c000e800):  JavaThread "main" [_thread_in_native, id=8207, stack(0x00007fa4c9b17000,0x00007fa4c9c18000)]

siginfo: si_signo: 11 (SIGSEGV), si_code: 1 (SEGV_MAPERR), si_addr: 0x0000000000000350

Registers:
RAX=0x0000000000000000, RBX=0x00007fa4c469c310, RCX=0x00007fa4c000a9b0, RDX=0x0000000000004100
RSP=0x00007fa4c9c166e8, RBP=0x00007fa4c9c16738, RSI=0x00007fa4c9c16748, RDI=0x0000000000004100
R8 =0x0000000000000000, R9 =0x0000000000000004, R10=0x00007fa4b1015528, R11=0x00007fa4c8a2ec50
R12=0x0000000000000000, R13=0x00007fa4c469c310, R14=0x00007fa4c9c16758, R15=0x00007fa4c000e800
RIP=0x00007fa4793e8e79, EFLAGS=0x0000000000010283, CSGSFS=0x0000000000000033, ERR=0x0000000000000004
  TRAPNO=0x000000000000000e

Top of Stack: (sp=0x00007fa4c9c166e8)
0x00007fa4c9c166e8:   00007fa4b1015554 00007fa4b10152a2
0x00007fa4c9c166f8:   00007fa4c9c166f8 00007fa4c469c310
0x00007fa4c9c16708:   00007fa4c9c16758 00007fa4c46bf240
0x00007fa4c9c16718:   0000000000000000 00007fa4c469c310
0x00007fa4c9c16728:   0000000000000000 00007fa4c9c16758
0x00007fa4c9c16738:   00007fa4c9c167a0 00007fa4b1007ffd
0x00007fa4c9c16748:   00000000f0a670d0 00007fa4b1011278
0x00007fa4c9c16758:   0000000000004100 00007fa4c9c16760
0x00007fa4c9c16768:   00007fa4c46901bb 00007fa4c9c167a8
0x00007fa4c9c16778:   00007fa4c46902d8 0000000000000000
0x00007fa4c9c16788:   00007fa4c46901c8 00007fa4c9c16758
0x00007fa4c9c16798:   00007fa4c9c167b0 00007fa4c9c167f0
0x00007fa4c9c167a8:   00007fa4b1007ffd 00007fa4c9c167b0
0x00007fa4c9c167b8:   00007fa4c4582c40 00007fa4c9c16800
0x00007fa4c9c167c8:   00007fa4c4583028 0000000000000000
0x00007fa4c9c167d8:   00007fa4c4582c68 00007fa4c9c167b0
0x00007fa4c9c167e8:   00007fa4c9c16800 00007fa4c9c16848
0x00007fa4c9c167f8:   00007fa4b1007ffd 00000000f04b1918
0x00007fa4c9c16808:   00007fa4c9c16808 00007fa4c4582a0a
0x00007fa4c9c16818:   00007fa4c9c168d0 00007fa4c4583028
0x00007fa4c9c16828:   0000000000000000 00007fa4c4582ae8
0x00007fa4c9c16838:   00007fa4c9c16800 00007fa4c9c168d0
0x00007fa4c9c16848:   00007fa4c9c16918 00007fa4b1007ffd
0x00007fa4c9c16858:   0000000000000000 0000000000104f89
0x00007fa4c9c16868:   0000000000000000 0000088cbb1c7656
0x00007fa4c9c16878:   0000000000000000 0000000000000001
0x00007fa4c9c16888:   3f12681db1d2dca6 0000000000000000
0x00007fa4c9c16898:   0000088cbb1c7656 0000000000000000
0x00007fa4c9c168a8:   3f2a36e2eb1c432d 0000000000000000
0x00007fa4c9c168b8:   0000000000105488 0000000000000000
0x00007fa4c9c168c8:   0000000000000000 00000000f04b1918
0x00007fa4c9c168d8:   00007fa4c9c168d8 00007fa4c458288c 

Instructions: (pc=0x00007fa4793e8e79)
0x00007fa4793e8e59:   90 03 00 00 0f 1f 00 48 8b 07 48 8b 40 18 ff a0
0x00007fa4793e8e69:   58 03 00 00 0f 1f 00 48 8b 07 89 d7 48 8b 40 18
0x00007fa4793e8e79:   48 8b 80 50 03 00 00 ff e0 66 66 66 66 66 2e 0f
0x00007fa4793e8e89:   1f 84 00 00 00 00 00 48 8b 07 41 89 d1 89 ce 4c 

Register to memory mapping:

RAX=0x0000000000000000 is an unknown value
RBX={method} {0x00007fa4c469c310} 'glClear' '(I)V' in 'org/lwjgl/opengl/GL11'
RCX=0x00007fa4c000a9b0 is an unknown value
RDX=0x0000000000004100 is an unknown value
RSP=0x00007fa4c9c166e8 is pointing into the stack for thread: 0x00007fa4c000e800
RBP=0x00007fa4c9c16738 is pointing into the stack for thread: 0x00007fa4c000e800
RSI=0x00007fa4c9c16748 is pointing into the stack for thread: 0x00007fa4c000e800
RDI=0x0000000000004100 is an unknown value
R8 =0x0000000000000000 is an unknown value
R9 =0x0000000000000004 is an unknown value
R10=0x00007fa4b1015528 is at code_begin+808 in an Interpreter codelet
method entry point (kind = native)  [0x00007fa4b1015200, 0x00007fa4b1015b00]  2304 bytes
R11=0x00007fa4c8a2ec50: <offset 0x9c1c50> in /usr/java/jdk1.8.0_101/jre/lib/amd64/server/libjvm.so at 0x00007fa4c806d000
R12=0x0000000000000000 is an unknown value
R13={method} {0x00007fa4c469c310} 'glClear' '(I)V' in 'org/lwjgl/opengl/GL11'
R14=0x00007fa4c9c16758 is pointing into the stack for thread: 0x00007fa4c000e800
R15=0x00007fa4c000e800 is a thread


Stack: [0x00007fa4c9b17000,0x00007fa4c9c18000],  sp=0x00007fa4c9c166e8,  free space=1021k
Native frames: (J=compiled Java code, j=interpreted, Vv=VM code, C=native code)
C  [liblwjgl_opengl.so+0x52e79]  Java_org_lwjgl_opengl_GL11_glClear+0x9
j  com.base.engine.RenderUtil.clearScreen()V+3
j  com.base.engine.MainComponent.render()V+0
j  com.base.engine.MainComponent.run()V+194
j  com.base.engine.MainComponent.start()V+12
j  com.base.engine.MainComponent.main([Ljava/lang/String;)V+9
v  ~StubRoutines::call_stub
V  [libjvm.so+0x68f6b6]  JavaCalls::call_helper(JavaValue*, methodHandle*, JavaCallArguments*, Thread*)+0x1056
V  [libjvm.so+0x6d0d42]  jni_invoke_static(JNIEnv_*, JavaValue*, _jobject*, JNICallType, _jmethodID*, JNI_ArgumentPusher*, Thread*)+0x362
V  [libjvm.so+0x6ed5aa]  jni_CallStaticVoidMethod+0x17a
C  [libjli.so+0x7bdf]  JavaMain+0x81f
C  [libpthread.so.0+0x8064]  start_thread+0xc4

Java frames: (J=compiled Java code, j=interpreted, Vv=VM code)
j  org.lwjgl.opengl.GL11.glClear(I)V+0
j  com.base.engine.RenderUtil.clearScreen()V+3
j  com.base.engine.MainComponent.render()V+0
j  com.base.engine.MainComponent.run()V+194
j  com.base.engine.MainComponent.start()V+12
j  com.base.engine.MainComponent.main([Ljava/lang/String;)V+9
v  ~StubRoutines::call_stub

---------------  P R O C E S S  ---------------

Java Threads: ( => current thread )
  0x00007fa4c0925000 JavaThread "Game Engine" [_thread_in_native, id=8221, stack(0x00007fa479827000,0x00007fa479928000)]
  0x00007fa4c00cd000 JavaThread "Service Thread" daemon [_thread_blocked, id=8219, stack(0x00007fa4ab56e000,0x00007fa4ab66f000)]
  0x00007fa4c00c2000 JavaThread "C1 CompilerThread2" daemon [_thread_blocked, id=8218, stack(0x00007fa4ab66f000,0x00007fa4ab770000)]
  0x00007fa4c00c0000 JavaThread "C2 CompilerThread1" daemon [_thread_blocked, id=8217, stack(0x00007fa4ab770000,0x00007fa4ab871000)]
  0x00007fa4c00bd000 JavaThread "C2 CompilerThread0" daemon [_thread_blocked, id=8216, stack(0x00007fa4ab871000,0x00007fa4ab972000)]
  0x00007fa4c00bb800 JavaThread "Signal Dispatcher" daemon [_thread_blocked, id=8215, stack(0x00007fa4ab972000,0x00007fa4aba73000)]
  0x00007fa4c0088800 JavaThread "Finalizer" daemon [_thread_blocked, id=8214, stack(0x00007fa4abbfc000,0x00007fa4abcfd000)]
  0x00007fa4c0084000 JavaThread "Reference Handler" daemon [_thread_blocked, id=8213, stack(0x00007fa4abcfd000,0x00007fa4abdfe000)]
=>0x00007fa4c000e800 JavaThread "main" [_thread_in_native, id=8207, stack(0x00007fa4c9b17000,0x00007fa4c9c18000)]

Other Threads:
  0x00007fa4c007c800 VMThread [stack: 0x00007fa4abdfe000,0x00007fa4abeff000] [id=8212]
  0x00007fa4c00d0000 WatcherThread [stack: 0x00007fa4ab46d000,0x00007fa4ab56e000] [id=8220]

VM state:not at safepoint (normal execution)

VM Mutex/Monitor currently owned by a thread: None

Heap:
 PSYoungGen      total 14336K, used 7428K [0x00000000f0400000, 0x00000000f1400000, 0x0000000100000000)
  eden space 12288K, 60% used [0x00000000f0400000,0x00000000f0b41310,0x00000000f1000000)
  from space 2048K, 0% used [0x00000000f1200000,0x00000000f1200000,0x00000000f1400000)
  to   space 2048K, 0% used [0x00000000f1000000,0x00000000f1000000,0x00000000f1200000)
 ParOldGen       total 32768K, used 0K [0x00000000d0c00000, 0x00000000d2c00000, 0x00000000f0400000)
  object space 32768K, 0% used [0x00000000d0c00000,0x00000000d0c00000,0x00000000d2c00000)
 Metaspace       used 5963K, capacity 6274K, committed 6400K, reserved 1056768K
  class space    used 636K, capacity 741K, committed 768K, reserved 1048576K

Card table byte_map: [0x00007fa4c679c000,0x00007fa4c6917000] byte_map_base: 0x00007fa4c6116000

Marking Bits: (ParMarkBitMap*) 0x00007fa4c902e120
 Begin Bits: [0x00007fa4c4afc000, 0x00007fa4c56cc000)
 End Bits:   [0x00007fa4c56cc000, 0x00007fa4c629c000)

Polling page: 0x00007fa4c9c5a000

CodeCache: size=245760Kb used=2183Kb max_used=2183Kb free=243576Kb
 bounds [0x00007fa4b1000000, 0x00007fa4b1270000, 0x00007fa4c0000000]
 total_blobs=1156 nmethods=455 adapters=617
 compilation: enabled

Compilation events (10 events):
Event: 0,782 Thread 0x00007fa4c00c2000 nmethod 450 0x00007fa4b121e410 code [0x00007fa4b121e5a0, 0x00007fa4b121e930]
Event: 0,782 Thread 0x00007fa4c00c2000  451       3       java.util.zip.InflaterInputStream::ensureOpen (18 bytes)
Event: 0,782 Thread 0x00007fa4c00c2000 nmethod 451 0x00007fa4b121ea90 code [0x00007fa4b121ec00, 0x00007fa4b121ee48]
Event: 0,782 Thread 0x00007fa4c00c2000  453       3       java.util.WeakHashMap::remove (133 bytes)
Event: 0,783 Thread 0x00007fa4c00c2000 nmethod 453 0x00007fa4b121ef10 code [0x00007fa4b121f100, 0x00007fa4b121fbc8]
Event: 0,783 Thread 0x00007fa4c00c2000  454       3       sun.misc.JarIndex::get (49 bytes)
Event: 0,785 Thread 0x00007fa4c00c2000 nmethod 454 0x00007fa4b1220050 code [0x00007fa4b1220220, 0x00007fa4b1220a78]
Event: 0,785 Thread 0x00007fa4c00c2000  455       3       java.lang.String::concat (47 bytes)
Event: 0,785 Thread 0x00007fa4c00c2000 nmethod 455 0x00007fa4b1220d90 code [0x00007fa4b1220f60, 0x00007fa4b12216f8]
Event: 0,785 Thread 0x00007fa4c00c2000  452   !   3       java.util.zip.ZipFile$ZipFileInputStream::close (110 bytes)

GC Heap History (0 events):
No events

Deoptimization events (1 events):
Event: 0,114 Thread 0x00007fa4c000e800 Uncommon trap: reason=unstable_if action=reinterpret pc=0x00007fa4b110865c method=java.lang.String.hashCode()I @ 14

Internal exceptions (10 events):
Event: 0,035 Thread 0x00007fa4c000e800 Exception <a 'java/lang/NoSuchMethodError': Method sun.misc.Unsafe.defineClass(Ljava/lang/String;[BII)Ljava/lang/Class; name or signature does not match> (0x00000000f0407cc0) thrown at [/HUDSON3/workspace/8-2-build-linux-amd64/jdk8u101/7261/hotspot/src/sh
Event: 0,036 Thread 0x00007fa4c000e800 Exception <a 'java/lang/NoSuchMethodError': Method sun.misc.Unsafe.prefetchRead(Ljava/lang/Object;J)V name or signature does not match> (0x00000000f0407fa8) thrown at [/HUDSON3/workspace/8-2-build-linux-amd64/jdk8u101/7261/hotspot/src/share/vm/prims/jni.c
Event: 0,188 Thread 0x00007fa4c000e800 Exception <a 'java/lang/NoSuchMethodError': java.lang.Object.lambda$static$0(Ljava/lang/String;)Ljava/lang/Boolean;> (0x00000000f05cc058) thrown at [/HUDSON3/workspace/8-2-build-linux-amd64/jdk8u101/7261/hotspot/src/share/vm/interpreter/linkResolver.cpp, 
Event: 0,207 Thread 0x00007fa4c000e800 Exception <a 'java/lang/NoSuchFieldError': method resolution failed> (0x00000000f0644080) thrown at [/HUDSON3/workspace/8-2-build-linux-amd64/jdk8u101/7261/hotspot/src/share/vm/prims/methodHandles.cpp, line 1146]
Event: 0,210 Thread 0x00007fa4c000e800 Exception <a 'java/lang/NoSuchFieldError': method resolution failed> (0x00000000f0651490) thrown at [/HUDSON3/workspace/8-2-build-linux-amd64/jdk8u101/7261/hotspot/src/share/vm/prims/methodHandles.cpp, line 1146]
Event: 0,292 Thread 0x00007fa4c000e800 Exception <a 'java/security/PrivilegedActionException'> (0x00000000f0796228) thrown at [/HUDSON3/workspace/8-2-build-linux-amd64/jdk8u101/7261/hotspot/src/share/vm/prims/jvm.cpp, line 1386]
Event: 0,292 Thread 0x00007fa4c000e800 Exception <a 'java/security/PrivilegedActionException'> (0x00000000f0796438) thrown at [/HUDSON3/workspace/8-2-build-linux-amd64/jdk8u101/7261/hotspot/src/share/vm/prims/jvm.cpp, line 1386]
Event: 0,292 Thread 0x00007fa4c000e800 Exception <a 'java/security/PrivilegedActionException'> (0x00000000f07986e8) thrown at [/HUDSON3/workspace/8-2-build-linux-amd64/jdk8u101/7261/hotspot/src/share/vm/prims/jvm.cpp, line 1386]
Event: 0,292 Thread 0x00007fa4c000e800 Exception <a 'java/security/PrivilegedActionException'> (0x00000000f07988f8) thrown at [/HUDSON3/workspace/8-2-build-linux-amd64/jdk8u101/7261/hotspot/src/share/vm/prims/jvm.cpp, line 1386]
Event: 0,783 Thread 0x00007fa4c000e800 Exception <a 'sun/nio/fs/UnixException'> (0x00000000f0b094e8) thrown at [/HUDSON3/workspace/8-2-build-linux-amd64/jdk8u101/7261/hotspot/src/share/vm/prims/jni.cpp, line 709]

Events (10 events):
Event: 0,783 loading class java/nio/file/NoSuchFileException
Event: 0,783 loading class java/nio/file/FileSystemException
Event: 0,783 loading class java/nio/file/FileSystemException done
Event: 0,783 loading class java/nio/file/NoSuchFileException done
Event: 0,784 loading class org/lwjgl/opengl/GL$2
Event: 0,784 loading class org/lwjgl/opengl/GL$2 done
Event: 0,784 loading class org/lwjgl/opengl/GL$SharedLibraryGL
Event: 0,784 loading class org/lwjgl/opengl/GL$SharedLibraryGL done
Event: 0,785 loading class org/lwjgl/system/SharedLibrary$Delegate
Event: 0,785 loading class org/lwjgl/system/SharedLibrary$Delegate done


Dynamic libraries:
00400000-00401000 r-xp 00000000 08:05 3945047                            /usr/java/jdk1.8.0_101/bin/java
00600000-00601000 rw-p 00000000 08:05 3945047                            /usr/java/jdk1.8.0_101/bin/java
01144000-01165000 rw-p 00000000 00:00 0                                  [heap]
41310000-413b0000 rw-p 00000000 00:00 0 
41988000-4198a000 r-xs 00000000 08:05 3939291                            /tmp/.glUKBALX (deleted)
d0c00000-d2c00000 rw-p 00000000 00:00 0 
d2c00000-f0400000 ---p 00000000 00:00 0 
f0400000-f1400000 rw-p 00000000 00:00 0 
f1400000-100000000 ---p 00000000 00:00 0 
100000000-1000c0000 rw-p 00000000 00:00 0 
1000c0000-140000000 ---p 00000000 00:00 0 
7fa470000000-7fa470021000 rw-p 00000000 00:00 0 
7fa470021000-7fa474000000 ---p 00000000 00:00 0 
7fa474000000-7fa474021000 rw-p 00000000 00:00 0 
7fa474021000-7fa478000000 ---p 00000000 00:00 0 
7fa479396000-7fa4793ff000 r-xp 00000000 08:05 4590182                    /tmp/lwjglmourad/3.1.2-build-29/liblwjgl_opengl.so
7fa4793ff000-7fa4795fe000 ---p 00069000 08:05 4590182                    /tmp/lwjglmourad/3.1.2-build-29/liblwjgl_opengl.so
7fa4795fe000-7fa4795ff000 r--p 00068000 08:05 4590182                    /tmp/lwjglmourad/3.1.2-build-29/liblwjgl_opengl.so
7fa4795ff000-7fa479600000 rw-p 00069000 08:05 4590182                    /tmp/lwjglmourad/3.1.2-build-29/liblwjgl_opengl.so
7fa479600000-7fa479800000 rw-p 00000000 00:00 0 
7fa479827000-7fa47982a000 ---p 00000000 00:00 0 
7fa47982a000-7fa479928000 rw-p 00000000 00:00 0                          [stack:8221]
7fa479928000-7fa479963000 r-xp 00000000 08:05 4590181                    /tmp/lwjglmourad/3.1.2-build-29/libjemalloc.so
7fa479963000-7fa479b62000 ---p 0003b000 08:05 4590181                    /tmp/lwjglmourad/3.1.2-build-29/libjemalloc.so
7fa479b62000-7fa479b65000 r--p 0003a000 08:05 4590181                    /tmp/lwjglmourad/3.1.2-build-29/libjemalloc.so
7fa479b65000-7fa479b66000 rw-p 0003d000 08:05 4590181                    /tmp/lwjglmourad/3.1.2-build-29/libjemalloc.so
7fa479b66000-7fa479b67000 rw-p 00000000 00:00 0 
7fa479b67000-7fa479be7000 rw-s 5317f000 00:05 18161                      /dev/nvidiactl
7fa479be7000-7fa479c67000 rw-s 05769000 00:05 18161                      /dev/nvidiactl
7fa479c67000-7fa479ce7000 rw-s 168a5000 00:05 18161                      /dev/nvidiactl
7fa479ce7000-7fa479de7000 rw-s 16a0d000 00:05 18161                      /dev/nvidiactl
7fa479de7000-7fa479e07000 rw-s e81c0000 00:05 18163                      /dev/nvidia0
7fa479e07000-7fa479e47000 rw-s 53146000 00:05 18161                      /dev/nvidiactl
7fa479e47000-7fa479e87000 rw-s b9cae000 00:05 18161                      /dev/nvidiactl
7fa479e87000-7fa479f8b000 rw-s a4e50000 00:05 18161                      /dev/nvidiactl
7fa479f8b000-7fa47b322000 r-xp 00000000 08:05 3412554                    /usr/lib/x86_64-linux-gnu/libnvidia-glcore.so.367.35
7fa47b322000-7fa47b342000 rwxp 01397000 08:05 3412554                    /usr/lib/x86_64-linux-gnu/libnvidia-glcore.so.367.35
7fa47b342000-7fa47b6e2000 r-xp 013b7000 08:05 3412554                    /usr/lib/x86_64-linux-gnu/libnvidia-glcore.so.367.35
7fa47b6e2000-7fa47b8e2000 ---p 01757000 08:05 3412554                    /usr/lib/x86_64-linux-gnu/libnvidia-glcore.so.367.35
7fa47b8e2000-7fa47bcaa000 rw-p 01757000 08:05 3412554                    /usr/lib/x86_64-linux-gnu/libnvidia-glcore.so.367.35
7fa47bcaa000-7fa47bcc2000 rw-p 00000000 00:00 0 
7fa47bcc2000-7fa47bd8a000 r-xp 00000000 08:05 3415696                    /usr/lib/x86_64-linux-gnu/libGLX_nvidia.so.367.35
7fa47bd8a000-7fa47bdbe000 rwxp 000c8000 08:05 3415696                    /usr/lib/x86_64-linux-gnu/libGLX_nvidia.so.367.35
7fa47bdbe000-7fa47bdd1000 r-xp 000fc000 08:05 3415696                    /usr/lib/x86_64-linux-gnu/libGLX_nvidia.so.367.35
7fa47bdd1000-7fa47bfd1000 ---p 0010f000 08:05 3415696                    /usr/lib/x86_64-linux-gnu/libGLX_nvidia.so.367.35
7fa47bfd1000-7fa47bff9000 rw-p 0010f000 08:05 3415696                    /usr/lib/x86_64-linux-gnu/libGLX_nvidia.so.367.35
7fa47bff9000-7fa47c000000 rw-p 00000000 00:00 0 
7fa47c000000-7fa47c025000 rw-p 00000000 00:00 0 
7fa47c025000-7fa480000000 ---p 00000000 00:00 0 
7fa480000000-7fa4801bf000 rw-p 00000000 00:00 0 
7fa4801bf000-7fa484000000 ---p 00000000 00:00 0 
7fa484000000-7fa484021000 rw-p 00000000 00:00 0 
7fa484021000-7fa488000000 ---p 00000000 00:00 0 
7fa488000000-7fa4880a7000 rw-p 00000000 00:00 0 
7fa4880a7000-7fa48c000000 ---p 00000000 00:00 0 
7fa48c000000-7fa48c021000 rw-p 00000000 00:00 0 
7fa48c021000-7fa490000000 ---p 00000000 00:00 0 
7fa490000000-7fa490021000 rw-p 00000000 00:00 0 
7fa490021000-7fa494000000 ---p 00000000 00:00 0 
7fa494000000-7fa494021000 rw-p 00000000 00:00 0 
7fa494021000-7fa498000000 ---p 00000000 00:00 0 
7fa498000000-7fa498021000 rw-p 00000000 00:00 0 
7fa498021000-7fa49c000000 ---p 00000000 00:00 0 
7fa49c000000-7fa49c021000 rw-p 00000000 00:00 0 
7fa49c021000-7fa4a0000000 ---p 00000000 00:00 0 
7fa4a0000000-7fa4a0021000 rw-p 00000000 00:00 0 
7fa4a0021000-7fa4a4000000 ---p 00000000 00:00 0 
7fa4a4000000-7fa4a4021000 rw-p 00000000 00:00 0 
7fa4a4021000-7fa4a8000000 ---p 00000000 00:00 0 
7fa4a8018000-7fa4a801b000 r-xp 00000000 08:05 4337939                    /usr/lib/x86_64-linux-gnu/tls/libnvidia-tls.so.367.35
7fa4a801b000-7fa4a821b000 ---p 00003000 08:05 4337939                    /usr/lib/x86_64-linux-gnu/tls/libnvidia-tls.so.367.35
7fa4a821b000-7fa4a821c000 rw-p 00003000 08:05 4337939                    /usr/lib/x86_64-linux-gnu/tls/libnvidia-tls.so.367.35
7fa4a821c000-7fa4a826a000 r-xp 00000000 08:05 3415719                    /usr/lib/x86_64-linux-gnu/libGLdispatch.so.0
7fa4a826a000-7fa4a829c000 r-xp 0004e000 08:05 3415719                    /usr/lib/x86_64-linux-gnu/libGLdispatch.so.0
7fa4a829c000-7fa4a82d6000 r-xp 00080000 08:05 3415719                    /usr/lib/x86_64-linux-gnu/libGLdispatch.so.0
7fa4a82d6000-7fa4a84d6000 ---p 000ba000 08:05 3415719                    /usr/lib/x86_64-linux-gnu/libGLdispatch.so.0
7fa4a84d6000-7fa4a84e5000 rw-p 000ba000 08:05 3415719                    /usr/lib/x86_64-linux-gnu/libGLdispatch.so.0
7fa4a84e5000-7fa4a8505000 rw-p 00000000 00:00 0 
7fa4a8505000-7fa4a8515000 r-xp 00000000 08:05 3419656                    /usr/lib/x86_64-linux-gnu/libGLX.so.0
7fa4a8515000-7fa4a8714000 ---p 00010000 08:05 3419656                    /usr/lib/x86_64-linux-gnu/libGLX.so.0
7fa4a8714000-7fa4a8715000 rw-p 0000f000 08:05 3419656                    /usr/lib/x86_64-linux-gnu/libGLX.so.0
7fa4a8715000-7fa4a8735000 rw-p 00000000 00:00 0 
7fa4a8735000-7fa4a8766000 r-xp 00000000 08:05 3419657                    /usr/lib/x86_64-linux-gnu/libGL.so.1.0.0
7fa4a8766000-7fa4a8798000 r-xp 00031000 08:05 3419657                    /usr/lib/x86_64-linux-gnu/libGL.so.1.0.0
7fa4a8798000-7fa4a87c2000 r-xp 00063000 08:05 3419657                    /usr/lib/x86_64-linux-gnu/libGL.so.1.0.0
7fa4a87c2000-7fa4a89c2000 ---p 0008d000 08:05 3419657                    /usr/lib/x86_64-linux-gnu/libGL.so.1.0.0
7fa4a89c2000-7fa4a89c3000 rw-p 0008d000 08:05 3419657                    /usr/lib/x86_64-linux-gnu/libGL.so.1.0.0
7fa4a89c3000-7fa4a89c4000 rw-p 00000000 00:00 0 
7fa4a89d0000-7fa4a89e3000 rw-s 16a9d000 00:05 18161                      /dev/nvidiactl
7fa4a89e3000-7fa4a8a03000 rw-s 58476000 00:05 18161                      /dev/nvidiactl
7fa4a8a03000-7fa4a8a04000 r-xp 00000000 08:05 3415688                    /usr/lib/x86_64-linux-gnu/libX11-xcb.so.1.0.0
7fa4a8a04000-7fa4a8c03000 ---p 00001000 08:05 3415688                    /usr/lib/x86_64-linux-gnu/libX11-xcb.so.1.0.0
7fa4a8c03000-7fa4a8c04000 r--p 00000000 08:05 3415688                    /usr/lib/x86_64-linux-gnu/libX11-xcb.so.1.0.0
7fa4a8c04000-7fa4a8c05000 rw-p 00001000 08:05 3415688                    /usr/lib/x86_64-linux-gnu/libX11-xcb.so.1.0.0
7fa4a8c05000-7fa4a8c14000 r-xp 00000000 08:05 3415740                    /usr/lib/x86_64-linux-gnu/libXi.so.6.1.0
7fa4a8c14000-7fa4a8e13000 ---p 0000f000 08:05 3415740                    /usr/lib/x86_64-linux-gnu/libXi.so.6.1.0
7fa4a8e13000-7fa4a8e14000 r--p 0000e000 08:05 3415740                    /usr/lib/x86_64-linux-gnu/libXi.so.6.1.0
7fa4a8e14000-7fa4a8e15000 rw-p 0000f000 08:05 3415740                    /usr/lib/x86_64-linux-gnu/libXi.so.6.1.0
7fa4a8e15000-7fa4a8e1a000 r-xp 00000000 08:05 3415306                    /usr/lib/x86_64-linux-gnu/libXxf86vm.so.1.0.0
7fa4a8e1a000-7fa4a9019000 ---p 00005000 08:05 3415306                    /usr/lib/x86_64-linux-gnu/libXxf86vm.so.1.0.0
7fa4a9019000-7fa4a901a000 r--p 00004000 08:05 3415306                    /usr/lib/x86_64-linux-gnu/libXxf86vm.so.1.0.0
7fa4a901a000-7fa4a901b000 rw-p 00005000 08:05 3415306                    /usr/lib/x86_64-linux-gnu/libXxf86vm.so.1.0.0
7fa4a901b000-7fa4a9020000 r-xp 00000000 08:05 3415281                    /usr/lib/x86_64-linux-gnu/libXdmcp.so.6.0.0
7fa4a9020000-7fa4a921f000 ---p 00005000 08:05 3415281                    /usr/lib/x86_64-linux-gnu/libXdmcp.so.6.0.0
7fa4a921f000-7fa4a9220000 rw-p 00004000 08:05 3415281                    /usr/lib/x86_64-linux-gnu/libXdmcp.so.6.0.0
7fa4a9220000-7fa4a9223000 r-xp 00000000 08:05 3415279                    /usr/lib/x86_64-linux-gnu/libXau.so.6.0.0
7fa4a9223000-7fa4a9422000 ---p 00003000 08:05 3415279                    /usr/lib/x86_64-linux-gnu/libXau.so.6.0.0
7fa4a9422000-7fa4a9423000 r--p 00002000 08:05 3415279                    /usr/lib/x86_64-linux-gnu/libXau.so.6.0.0
7fa4a9423000-7fa4a9424000 rw-p 00003000 08:05 3415279                    /usr/lib/x86_64-linux-gnu/libXau.so.6.0.0
7fa4a9424000-7fa4a9429000 r-xp 00000000 08:05 3415703                    /usr/lib/x86_64-linux-gnu/libXfixes.so.3.1.0
7fa4a9429000-7fa4a9628000 ---p 00005000 08:05 3415703                    /usr/lib/x86_64-linux-gnu/libXfixes.so.3.1.0
7fa4a9628000-7fa4a9629000 r--p 00004000 08:05 3415703                    /usr/lib/x86_64-linux-gnu/libXfixes.so.3.1.0
7fa4a9629000-7fa4a962a000 rw-p 00005000 08:05 3415703                    /usr/lib/x86_64-linux-gnu/libXfixes.so.3.1.0
7fa4a962a000-7fa4a9633000 r-xp 00000000 08:05 3415294                    /usr/lib/x86_64-linux-gnu/libXrender.so.1.3.0
7fa4a9633000-7fa4a9832000 ---p 00009000 08:05 3415294                    /usr/lib/x86_64-linux-gnu/libXrender.so.1.3.0
7fa4a9832000-7fa4a9833000 r--p 00008000 08:05 3415294                    /usr/lib/x86_64-linux-gnu/libXrender.so.1.3.0
7fa4a9833000-7fa4a9834000 rw-p 00009000 08:05 3415294                    /usr/lib/x86_64-linux-gnu/libXrender.so.1.3.0
7fa4a9834000-7fa4a9845000 r-xp 00000000 08:05 3415290                    /usr/lib/x86_64-linux-gnu/libXext.so.6.4.0
7fa4a9845000-7fa4a9a44000 ---p 00011000 08:05 3415290                    /usr/lib/x86_64-linux-gnu/libXext.so.6.4.0
7fa4a9a44000-7fa4a9a45000 r--p 00010000 08:05 3415290                    /usr/lib/x86_64-linux-gnu/libXext.so.6.4.0
7fa4a9a45000-7fa4a9a46000 rw-p 00011000 08:05 3415290                    /usr/lib/x86_64-linux-gnu/libXext.so.6.4.0
7fa4a9a46000-7fa4a9a67000 r-xp 00000000 08:05 3415283                    /usr/lib/x86_64-linux-gnu/libxcb.so.1.1.0
7fa4a9a67000-7fa4a9c66000 ---p 00021000 08:05 3415283                    /usr/lib/x86_64-linux-gnu/libxcb.so.1.1.0
7fa4a9c66000-7fa4a9c67000 r--p 00020000 08:05 3415283                    /usr/lib/x86_64-linux-gnu/libxcb.so.1.1.0
7fa4a9c67000-7fa4a9c68000 rw-p 00021000 08:05 3415283                    /usr/lib/x86_64-linux-gnu/libxcb.so.1.1.0
7fa4a9c68000-7fa4a9c72000 r-xp 00000000 08:05 3415738                    /usr/lib/x86_64-linux-gnu/libXcursor.so.1.0.2
7fa4a9c72000-7fa4a9e71000 ---p 0000a000 08:05 3415738                    /usr/lib/x86_64-linux-gnu/libXcursor.so.1.0.2
7fa4a9e71000-7fa4a9e72000 r--p 00009000 08:05 3415738                    /usr/lib/x86_64-linux-gnu/libXcursor.so.1.0.2
7fa4a9e72000-7fa4a9e73000 rw-p 0000a000 08:05 3415738                    /usr/lib/x86_64-linux-gnu/libXcursor.so.1.0.2
7fa4a9e73000-7fa4a9e75000 r-xp 00000000 08:05 3415292                    /usr/lib/x86_64-linux-gnu/libXinerama.so.1.0.0
7fa4a9e75000-7fa4aa074000 ---p 00002000 08:05 3415292                    /usr/lib/x86_64-linux-gnu/libXinerama.so.1.0.0
7fa4aa074000-7fa4aa075000 r--p 00001000 08:05 3415292                    /usr/lib/x86_64-linux-gnu/libXinerama.so.1.0.0
7fa4aa075000-7fa4aa076000 rw-p 00002000 08:05 3415292                    /usr/lib/x86_64-linux-gnu/libXinerama.so.1.0.0
7fa4aa076000-7fa4aa07f000 r-xp 00000000 08:05 3415296                    /usr/lib/x86_64-linux-gnu/libXrandr.so.2.2.0
7fa4aa07f000-7fa4aa27e000 ---p 00009000 08:05 3415296                    /usr/lib/x86_64-linux-gnu/libXrandr.so.2.2.0
7fa4aa27e000-7fa4aa27f000 r--p 00008000 08:05 3415296                    /usr/lib/x86_64-linux-gnu/libXrandr.so.2.2.0
7fa4aa27f000-7fa4aa280000 rw-p 00009000 08:05 3415296                    /usr/lib/x86_64-linux-gnu/libXrandr.so.2.2.0
7fa4aa280000-7fa4aa3bc000 r-xp 00000000 08:05 3415287                    /usr/lib/x86_64-linux-gnu/libX11.so.6.3.0
7fa4aa3bc000-7fa4aa5bb000 ---p 0013c000 08:05 3415287                    /usr/lib/x86_64-linux-gnu/libX11.so.6.3.0
7fa4aa5bb000-7fa4aa5bd000 r--p 0013b000 08:05 3415287                    /usr/lib/x86_64-linux-gnu/libX11.so.6.3.0
7fa4aa5bd000-7fa4aa5c2000 rw-p 0013d000 08:05 3415287                    /usr/lib/x86_64-linux-gnu/libX11.so.6.3.0
7fa4aa5c2000-7fa4aa5c3000 rw-p 00000000 00:00 0 
7fa4aa5c9000-7fa4aa5cc000 rw-p 00000000 00:00 0 
7fa4aa5cc000-7fa4aa5ce000 r-xp 00000000 00:00 0 
7fa4aa5ce000-7fa4aa5d0000 rw-p 00000000 00:00 0 
7fa4aa5d0000-7fa4aa5d2000 rw-s 00000000 08:05 3939291                    /tmp/.glUKBALX (deleted)
7fa4aa5d2000-7fa4aa5d3000 rw-s 58763000 00:05 18161                      /dev/nvidiactl
7fa4aa5d3000-7fa4aa5d7000 rw-s 586cf000 00:05 18161                      /dev/nvidiactl
7fa4aa5d7000-7fa4aa5d8000 rw-s eff66000 00:05 18163                      /dev/nvidia0
7fa4aa5d8000-7fa4aa5d9000 rw-s eff65000 00:05 18163                      /dev/nvidia0
7fa4aa5d9000-7fa4aa5f9000 rw-s 16a08000 00:05 18161                      /dev/nvidiactl
7fa4aa5f9000-7fa4aa5fa000 rw-s 53323000 00:05 18161                      /dev/nvidiactl
7fa4aa5fa000-7fa4aa5fb000 rw-s fc060000 00:05 18163                      /dev/nvidia0
7fa4aa5fb000-7fa4aa602000 r--s 00000000 08:05 3452435                    /usr/lib/x86_64-linux-gnu/gconv/gconv-modules.cache
7fa4aa602000-7fa4aa622000 r-xp 00000000 08:05 4590178                    /tmp/lwjglmourad/3.1.2-build-29/libglfw.so
7fa4aa622000-7fa4aa821000 ---p 00020000 08:05 4590178                    /tmp/lwjglmourad/3.1.2-build-29/libglfw.so
7fa4aa821000-7fa4aa822000 r--p 0001f000 08:05 4590178                    /tmp/lwjglmourad/3.1.2-build-29/libglfw.so
7fa4aa822000-7fa4aa823000 rw-p 00020000 08:05 4590178                    /tmp/lwjglmourad/3.1.2-build-29/libglfw.so
7fa4aa823000-7fa4aa824000 rw-p 00000000 00:00 0 
7fa4aa824000-7fa4aa826000 r--s 00007000 08:07 5383833                    /home/mourad/dev/Workspaces/JAVALIBS/lwjgl-release-3.1.2-custom/lwjgl-yoga-sources.jar
7fa4aa826000-7fa4aa827000 r--s 00028000 08:07 5383855                    /home/mourad/dev/Workspaces/JAVALIBS/lwjgl-release-3.1.2-custom/lwjgl-yoga-natives-windows.jar
7fa4aa827000-7fa4aa828000 r--s 0000a000 08:07 5383926                    /home/mourad/dev/Workspaces/JAVALIBS/lwjgl-release-3.1.2-custom/lwjgl-yoga-natives-linux.jar
7fa4aa828000-7fa4aa82b000 r--s 00074000 08:07 5383826                    /home/mourad/dev/Workspaces/JAVALIBS/lwjgl-release-3.1.2-custom/lwjgl-yoga-javadoc.jar
7fa4aa82b000-7fa4aa82d000 r--s 0000a000 08:07 5383841                    /home/mourad/dev/Workspaces/JAVALIBS/lwjgl-release-3.1.2-custom/lwjgl-yoga.jar
7fa4aa82d000-7fa4aa82e000 r--s 00003000 08:07 5383840                    /home/mourad/dev/Workspaces/JAVALIBS/lwjgl-release-3.1.2-custom/lwjgl-xxhash-sources.jar
7fa4aa82e000-7fa4aa82f000 r--s 00014000 08:07 5383867                    /home/mourad/dev/Workspaces/JAVALIBS/lwjgl-release-3.1.2-custom/lwjgl-xxhash-natives-windows.jar
7fa4aa82f000-7fa4aa830000 r--s 00001000 08:07 5383851                    /home/mourad/dev/Workspaces/JAVALIBS/lwjgl-release-3.1.2-custom/lwjgl-xxhash-natives-linux.jar
7fa4aa830000-7fa4aa832000 r--s 00062000 08:07 5383949                    /home/mourad/dev/Workspaces/JAVALIBS/lwjgl-release-3.1.2-custom/lwjgl-xxhash-javadoc.jar
7fa4aa832000-7fa4aa833000 r--s 00004000 08:07 5383918                    /home/mourad/dev/Workspaces/JAVALIBS/lwjgl-release-3.1.2-custom/lwjgl-xxhash.jar
7fa4aa833000-7fa4aa83b000 r--s 00102000 08:07 5383897                    /home/mourad/dev/Workspaces/JAVALIBS/lwjgl-release-3.1.2-custom/lwjgl-vulkan-sources.jar
7fa4aa83b000-7fa4aa84a000 r--s 00356000 08:07 5383862                    /home/mourad/dev/Workspaces/JAVALIBS/lwjgl-release-3.1.2-custom/lwjgl-vulkan-javadoc.jar
7fa4aa84a000-7fa4aa858000 r--s 000f3000 08:07 5383858                    /home/mourad/dev/Workspaces/JAVALIBS/lwjgl-release-3.1.2-custom/lwjgl-vulkan.jar
7fa4aa858000-7fa4aa859000 r--s 00000000 08:07 5383846                    /home/mourad/dev/Workspaces/JAVALIBS/lwjgl-release-3.1.2-custom/lwjgl-tinyfd-sources.jar
7fa4aa859000-7fa4aa85a000 r--s 0002d000 08:07 5383823                    /home/mourad/dev/Workspaces/JAVALIBS/lwjgl-release-3.1.2-custom/lwjgl-tinyfd-natives-windows.jar
7fa4aa85a000-7fa4aa85b000 r--s 00008000 08:07 5383883                    /home/mourad/dev/Workspaces/JAVALIBS/lwjgl-release-3.1.2-custom/lwjgl-tinyfd-natives-linux.jar
7fa4aa85b000-7fa4aa85d000 r--s 00057000 08:07 5383835                    /home/mourad/dev/Workspaces/JAVALIBS/lwjgl-release-3.1.2-custom/lwjgl-tinyfd-javadoc.jar
7fa4aa85d000-7fa4aa85e000 r--s 00001000 08:07 5383844                    /home/mourad/dev/Workspaces/JAVALIBS/lwjgl-release-3.1.2-custom/lwjgl-tinyfd.jar
7fa4aa85e000-7fa4aa85f000 r--s 00006000 08:07 5383878                    /home/mourad/dev/Workspaces/JAVALIBS/lwjgl-release-3.1.2-custom/lwjgl-tinyexr-sources.jar
7fa4aa85f000-7fa4aa860000 r--s 00044000 08:07 5383951                    /home/mourad/dev/Workspaces/JAVALIBS/lwjgl-release-3.1.2-custom/lwjgl-tinyexr-natives-windows.jar
7fa4aa860000-7fa4aa861000 r--s 0000d000 08:07 5383915                    /home/mourad/dev/Workspaces/JAVALIBS/lwjgl-release-3.1.2-custom/lwjgl-tinyexr-natives-linux.jar
7fa4aa861000-7fa4aa863000 r--s 0006c000 08:07 5383839                    /home/mourad/dev/Workspaces/JAVALIBS/lwjgl-release-3.1.2-custom/lwjgl-tinyexr-javadoc.jar
7fa4aa863000-7fa4aa864000 r--s 00009000 08:07 5383908                    /home/mourad/dev/Workspaces/JAVALIBS/lwjgl-release-3.1.2-custom/lwjgl-tinyexr.jar
7fa4aa864000-7fa4aa866000 r--s 00012000 08:07 5383866                    /home/mourad/dev/Workspaces/JAVALIBS/lwjgl-release-3.1.2-custom/lwjgl-stb-sources.jar
7fa4aa866000-7fa4aa867000 r--s 0006e000 08:07 5383904                    /home/mourad/dev/Workspaces/JAVALIBS/lwjgl-release-3.1.2-custom/lwjgl-stb-natives-windows.jar
7fa4aa867000-7fa4aa868000 r--s 0002d000 08:07 5383885                    /home/mourad/dev/Workspaces/JAVALIBS/lwjgl-release-3.1.2-custom/lwjgl-stb-natives-linux.jar
7fa4aa868000-7fa4aa86b000 r--s 0008f000 08:07 5383919                    /home/mourad/dev/Workspaces/JAVALIBS/lwjgl-release-3.1.2-custom/lwjgl-stb-javadoc.jar
7fa4aa86b000-7fa4aa86d000 r--s 00013000 08:07 5383861                    /home/mourad/dev/Workspaces/JAVALIBS/lwjgl-release-3.1.2-custom/lwjgl-stb.jar
7fa4aa86d000-7fa4aa86e000 r--s 00000000 08:07 5383937                    /home/mourad/dev/Workspaces/JAVALIBS/lwjgl-release-3.1.2-custom/lwjgl-sse-sources.jar
7fa4aa86e000-7fa4aa86f000 r--s 00013000 08:07 5383952                    /home/mourad/dev/Workspaces/JAVALIBS/lwjgl-release-3.1.2-custom/lwjgl-sse-natives-windows.jar
7fa4aa86f000-7fa4aa870000 r--s 00000000 08:07 5383903                    /home/mourad/dev/Workspaces/JAVALIBS/lwjgl-release-3.1.2-custom/lwjgl-sse-natives-linux.jar
7fa4aa870000-7fa4aa872000 r--s 00058000 08:07 5383944                    /home/mourad/dev/Workspaces/JAVALIBS/lwjgl-release-3.1.2-custom/lwjgl-sse-javadoc.jar
7fa4aa872000-7fa4aa873000 r--s 00000000 08:07 5383859                    /home/mourad/dev/Workspaces/JAVALIBS/lwjgl-release-3.1.2-custom/lwjgl-sse.jar
7fa4aa873000-7fa4aa876000 r--s 00035000 08:07 5383931                    /home/mourad/dev/Workspaces/JAVALIBS/lwjgl-release-3.1.2-custom/lwjgl-sources.jar
7fa4aa876000-7fa4aa877000 r--s 00001000 08:07 5383843                    /home/mourad/dev/Workspaces/JAVALIBS/lwjgl-release-3.1.2-custom/lwjgl-par-sources.jar
7fa4aa877000-7fa4aa878000 r--s 00031000 08:07 5383828                    /home/mourad/dev/Workspaces/JAVALIBS/lwjgl-release-3.1.2-custom/lwjgl-par-natives-windows.jar
7fa4aa878000-7fa4aa879000 r--s 00005000 08:07 5383886                    /home/mourad/dev/Workspaces/JAVALIBS/lwjgl-release-3.1.2-custom/lwjgl-par-natives-linux.jar
7fa4aa879000-7fa4aa87b000 r--s 0005a000 08:07 5383909                    /home/mourad/dev/Workspaces/JAVALIBS/lwjgl-release-3.1.2-custom/lwjgl-par-javadoc.jar
7fa4aa87b000-7fa4aa87d000 r--s 00001000 08:07 5383911                    /home/mourad/dev/Workspaces/JAVALIBS/lwjgl-release-3.1.2-custom/lwjgl-par.jar
7fa4aa87d000-7fa4aa87f000 r--s 00021000 08:07 5383888                    /home/mourad/dev/Workspaces/JAVALIBS/lwjgl-release-3.1.2-custom/lwjgl-ovr-sources.jar
7fa4aa87f000-7fa4aa880000 r--s 00021000 08:07 5383877                    /home/mourad/dev/Workspaces/JAVALIBS/lwjgl-release-3.1.2-custom/lwjgl-ovr-natives-windows.jar
7fa4aa880000-7fa4aa884000 r--s 000ca000 08:07 5383928                    /home/mourad/dev/Workspaces/JAVALIBS/lwjgl-release-3.1.2-custom/lwjgl-ovr-javadoc.jar
7fa4aa884000-7fa4aa887000 r--s 00025000 08:07 5383891                    /home/mourad/dev/Workspaces/JAVALIBS/lwjgl-release-3.1.2-custom/lwjgl-ovr.jar
7fa4aa887000-7fa4aa889000 r--s 00036000 08:07 5383921                    /home/mourad/dev/Workspaces/JAVALIBS/lwjgl-release-3.1.2-custom/lwjgl-openvr-sources.jar
7fa4aa889000-7fa4aa88a000 r--s 00057000 08:07 5383913                    /home/mourad/dev/Workspaces/JAVALIBS/lwjgl-release-3.1.2-custom/lwjgl-openvr-natives-windows.jar
7fa4aa88a000-7fa4aa88c000 r--s 0001b000 08:07 5383894                    /home/mourad/dev/Workspaces/JAVALIBS/lwjgl-release-3.1.2-custom/lwjgl-openvr-natives-linux.jar
7fa4aa88c000-7fa4aa891000 r--s 0011c000 08:07 5383882                    /home/mourad/dev/Workspaces/JAVALIBS/lwjgl-release-3.1.2-custom/lwjgl-openvr-javadoc.jar
7fa4aa891000-7fa4aa895000 r--s 00046000 08:07 5383875                    /home/mourad/dev/Workspaces/JAVALIBS/lwjgl-release-3.1.2-custom/lwjgl-openvr.jar
7fa4aa895000-7fa4aa89e000 r--s 000eb000 08:07 5383940                    /home/mourad/dev/Workspaces/JAVALIBS/lwjgl-release-3.1.2-custom/lwjgl-opengl-sources.jar
7fa4aa89e000-7fa4aa8b4000 r-xp 00000000 08:05 2490372                    /lib/x86_64-linux-gnu/libgcc_s.so.1
7fa4aa8b4000-7fa4aaab3000 ---p 00016000 08:05 2490372                    /lib/x86_64-linux-gnu/libgcc_s.so.1
7fa4aaab3000-7fa4aaab4000 rw-p 00015000 08:05 2490372                    /lib/x86_64-linux-gnu/libgcc_s.so.1
7fa4aaab4000-7fa4aaab6000 r--s 00029000 08:07 5383863                    /home/mourad/dev/Workspaces/JAVALIBS/lwjgl-release-3.1.2-custom/lwjgl-opengl-natives-windows.jar
7fa4aaab6000-7fa4aaab7000 r--s 00015000 08:07 5383923                    /home/mourad/dev/Workspaces/JAVALIBS/lwjgl-release-3.1.2-custom/lwjgl-opengl-natives-linux.jar
7fa4aaab7000-7fa4aaac2000 r--s 002ad000 08:07 5383930                    /home/mourad/dev/Workspaces/JAVALIBS/lwjgl-release-3.1.2-custom/lwjgl-opengl-javadoc.jar
7fa4aaac2000-7fa4aaac8000 r--s 00051000 08:07 5383900                    /home/mourad/dev/Workspaces/JAVALIBS/lwjgl-release-3.1.2-custom/lwjgl-opengles-sources.jar
7fa4aaac8000-7fa4aaaca000 r--s 0001b000 08:07 5383910                    /home/mourad/dev/Workspaces/JAVALIBS/lwjgl-release-3.1.2-custom/lwjgl-opengles-natives-windows.jar
7fa4aaaca000-7fa4aaacb000 r--s 00007000 08:07 5383950                    /home/mourad/dev/Workspaces/JAVALIBS/lwjgl-release-3.1.2-custom/lwjgl-opengles-natives-linux.jar
7fa4aaacb000-7fa4aaad1000 r--s 0014c000 08:07 5383822                    /home/mourad/dev/Workspaces/JAVALIBS/lwjgl-release-3.1.2-custom/lwjgl-opengles-javadoc.jar
7fa4aaad1000-7fa4aaad7000 r--s 00044000 08:07 5383948                    /home/mourad/dev/Workspaces/JAVALIBS/lwjgl-release-3.1.2-custom/lwjgl-opengles.jar
7fa4aaad7000-7fa4aaae1000 r--s 000ac000 08:07 5383845                    /home/mourad/dev/Workspaces/JAVALIBS/lwjgl-release-3.1.2-custom/lwjgl-opengl.jar
7fa4aaae1000-7fa4aaae4000 r--s 00031000 08:07 5383936                    /home/mourad/dev/Workspaces/JAVALIBS/lwjgl-release-3.1.2-custom/lwjgl-opencl-sources.jar
7fa4aaae4000-7fa4aaae8000 r--s 000ce000 08:07 5383865                    /home/mourad/dev/Workspaces/JAVALIBS/lwjgl-release-3.1.2-custom/lwjgl-opencl-javadoc.jar
7fa4aaae8000-7fa4aaaeb000 r--s 00023000 08:07 5383907                    /home/mourad/dev/Workspaces/JAVALIBS/lwjgl-release-3.1.2-custom/lwjgl-opencl.jar
7fa4aaaeb000-7fa4aaaed000 r--s 00010000 08:07 5383898                    /home/mourad/dev/Workspaces/JAVALIBS/lwjgl-release-3.1.2-custom/lwjgl-openal-sources.jar
7fa4aaaed000-7fa4aaaef000 r--s 00102000 08:07 5383932                    /home/mourad/dev/Workspaces/JAVALIBS/lwjgl-release-3.1.2-custom/lwjgl-openal-natives-windows.jar
7fa4aaaef000-7fa4aaaf0000 r--s 00077000 08:07 5383945                    /home/mourad/dev/Workspaces/JAVALIBS/lwjgl-release-3.1.2-custom/lwjgl-openal-natives-linux.jar
7fa4aaaf0000-7fa4aaaf3000 r--s 0008d000 08:07 5383827                    /home/mourad/dev/Workspaces/JAVALIBS/lwjgl-release-3.1.2-custom/lwjgl-openal-javadoc.jar
7fa4aaaf3000-7fa4aab43000 r-xp 00000000 08:05 4590177                    /tmp/lwjglmourad/3.1.2-build-29/liblwjgl.so
7fa4aab43000-7fa4aad42000 ---p 00050000 08:05 4590177                    /tmp/lwjglmourad/3.1.2-build-29/liblwjgl.so
7fa4aad42000-7fa4aad43000 r--p 0004f000 08:05 4590177                    /tmp/lwjglmourad/3.1.2-build-29/liblwjgl.so
7fa4aad43000-7fa4aad44000 rw-p 00050000 08:05 4590177                    /tmp/lwjglmourad/3.1.2-build-29/liblwjgl.so
7fa4aad44000-7fa4ab045000 rw-p 00000000 00:00 0 
7fa4ab045000-7fa4ab05b000 r-xp 00000000 08:05 4329604                    /usr/java/jdk1.8.0_101/jre/lib/amd64/libnet.so
7fa4ab05b000-7fa4ab25b000 ---p 00016000 08:05 4329604                    /usr/java/jdk1.8.0_101/jre/lib/amd64/libnet.so
7fa4ab25b000-7fa4ab25c000 rw-p 00016000 08:05 4329604                    /usr/java/jdk1.8.0_101/jre/lib/amd64/libnet.so
7fa4ab25c000-7fa4ab26d000 r-xp 00000000 08:05 4329627                    /usr/java/jdk1.8.0_101/jre/lib/amd64/libnio.so
7fa4ab26d000-7fa4ab46c000 ---p 00011000 08:05 4329627                    /usr/java/jdk1.8.0_101/jre/lib/amd64/libnio.so
7fa4ab46c000-7fa4ab46d000 rw-p 00010000 08:05 4329627                    /usr/java/jdk1.8.0_101/jre/lib/amd64/libnio.so
7fa4ab46d000-7fa4ab46e000 ---p 00000000 00:00 0 
7fa4ab46e000-7fa4ab56e000 rw-p 00000000 00:00 0                          [stack:8220]
7fa4ab56e000-7fa4ab571000 ---p 00000000 00:00 0 
7fa4ab571000-7fa4ab66f000 rw-p 00000000 00:00 0                          [stack:8219]
7fa4ab66f000-7fa4ab672000 ---p 00000000 00:00 0 
7fa4ab672000-7fa4ab770000 rw-p 00000000 00:00 0                          [stack:8218]
7fa4ab770000-7fa4ab773000 ---p 00000000 00:00 0 
7fa4ab773000-7fa4ab871000 rw-p 00000000 00:00 0                          [stack:8217]
7fa4ab871000-7fa4ab874000 ---p 00000000 00:00 0 
7fa4ab874000-7fa4ab972000 rw-p 00000000 00:00 0                          [stack:8216]
7fa4ab972000-7fa4ab975000 ---p 00000000 00:00 0 
7fa4ab975000-7fa4aba73000 rw-p 00000000 00:00 0                          [stack:8215]
7fa4aba73000-7fa4abbfc000 r--p 00000000 08:05 3410760                    /usr/lib/locale/locale-archive
7fa4abbfc000-7fa4abbff000 ---p 00000000 00:00 0 
7fa4abbff000-7fa4abcfd000 rw-p 00000000 00:00 0                          [stack:8214]
7fa4abcfd000-7fa4abd00000 ---p 00000000 00:00 0 
7fa4abd00000-7fa4abdfe000 rw-p 00000000 00:00 0                          [stack:8213]
7fa4abdfe000-7fa4abdff000 ---p 00000000 00:00 0 
7fa4abdff000-7fa4ac000000 rw-p 00000000 00:00 0                          [stack:8212]
7fa4ac000000-7fa4ac021000 rw-p 00000000 00:00 0 
7fa4ac021000-7fa4b0000000 ---p 00000000 00:00 0 
7fa4b0000000-7fa4b0003000 r--s 00010000 08:07 5383916                    /home/mourad/dev/Workspaces/JAVALIBS/lwjgl-release-3.1.2-custom/lwjgl-openal.jar
7fa4b0003000-7fa4b0006000 r--s 0003a000 08:07 5383953                    /home/mourad/dev/Workspaces/JAVALIBS/lwjgl-release-3.1.2-custom/lwjgl-nuklear-sources.jar
7fa4b0006000-7fa4b0007000 r--s 00040000 08:07 5383857                    /home/mourad/dev/Workspaces/JAVALIBS/lwjgl-release-3.1.2-custom/lwjgl-nuklear-natives-windows.jar
7fa4b0007000-7fa4b0008000 r--s 00021000 08:07 5383854                    /home/mourad/dev/Workspaces/JAVALIBS/lwjgl-release-3.1.2-custom/lwjgl-nuklear-natives-linux.jar
7fa4b0008000-7fa4b000d000 r--s 00112000 08:07 5383943                    /home/mourad/dev/Workspaces/JAVALIBS/lwjgl-release-3.1.2-custom/lwjgl-nuklear-javadoc.jar
7fa4b000d000-7fa4b0013000 r--s 00054000 08:07 5383869                    /home/mourad/dev/Workspaces/JAVALIBS/lwjgl-release-3.1.2-custom/lwjgl-nuklear.jar
7fa4b0013000-7fa4b0014000 r--s 00001000 08:07 5383879                    /home/mourad/dev/Workspaces/JAVALIBS/lwjgl-release-3.1.2-custom/lwjgl-nfd-sources.jar
7fa4b0014000-7fa4b0015000 r--s 0001f000 08:07 5383832                    /home/mourad/dev/Workspaces/JAVALIBS/lwjgl-release-3.1.2-custom/lwjgl-nfd-natives-windows.jar
7fa4b0015000-7fa4b0016000 r--s 00001000 08:07 5383871                    /home/mourad/dev/Workspaces/JAVALIBS/lwjgl-release-3.1.2-custom/lwjgl-nfd-natives-linux.jar
7fa4b0016000-7fa4b0019000 r--s 00059000 08:07 5383887                    /home/mourad/dev/Workspaces/JAVALIBS/lwjgl-release-3.1.2-custom/lwjgl-nfd-javadoc.jar
7fa4b0019000-7fa4b0e27000 rw-p 00000000 00:00 0 
7fa4b0e27000-7fa4b1000000 r--s 03d29000 08:05 4329596                    /usr/java/jdk1.8.0_101/jre/lib/rt.jar
7fa4b1000000-7fa4b1270000 rwxp 00000000 00:00 0 
7fa4b1270000-7fa4c0000000 ---p 00000000 00:00 0 
7fa4c0000000-7fa4c0c00000 rw-p 00000000 00:00 0 
7fa4c0c00000-7fa4c4000000 ---p 00000000 00:00 0 
7fa4c4000000-7fa4c4001000 r--s 00001000 08:07 5383892                    /home/mourad/dev/Workspaces/JAVALIBS/lwjgl-release-3.1.2-custom/lwjgl-nfd.jar
7fa4c4001000-7fa4c4003000 r--s 00037000 08:07 5383856                    /home/mourad/dev/Workspaces/JAVALIBS/lwjgl-release-3.1.2-custom/lwjgl-natives-windows.jar
7fa4c4003000-7fa4c400d000 r--s 00116000 08:05 4329439                    /usr/java/jdk1.8.0_101/jre/lib/ext/localedata.jar
7fa4c400d000-7fa4c400e000 r--s 00012000 08:07 5383912                    /home/mourad/dev/Workspaces/JAVALIBS/lwjgl-release-3.1.2-custom/lwjgl-natives-linux.jar
7fa4c400e000-7fa4c400f000 r--s 00008000 08:07 5383842                    /home/mourad/dev/Workspaces/JAVALIBS/lwjgl-release-3.1.2-custom/lwjgl-nanovg-sources.jar
7fa4c400f000-7fa4c4010000 r--s 0005d000 08:07 5383906                    /home/mourad/dev/Workspaces/JAVALIBS/lwjgl-release-3.1.2-custom/lwjgl-nanovg-natives-windows.jar
7fa4c4010000-7fa4c4011000 r--s 00020000 08:07 5383941                    /home/mourad/dev/Workspaces/JAVALIBS/lwjgl-release-3.1.2-custom/lwjgl-nanovg-natives-linux.jar
7fa4c4011000-7fa4c4013000 r--s 0006d000 08:07 5383946                    /home/mourad/dev/Workspaces/JAVALIBS/lwjgl-release-3.1.2-custom/lwjgl-nanovg-javadoc.jar
7fa4c4013000-7fa4c4015000 r--s 00008000 08:07 5383947                    /home/mourad/dev/Workspaces/JAVALIBS/lwjgl-release-3.1.2-custom/lwjgl-nanovg.jar
7fa4c4015000-7fa4c4016000 r--s 00008000 08:07 5383890                    /home/mourad/dev/Workspaces/JAVALIBS/lwjgl-release-3.1.2-custom/lwjgl-lmdb-sources.jar
7fa4c4016000-7fa4c4017000 r--s 0002c000 08:07 5383927                    /home/mourad/dev/Workspaces/JAVALIBS/lwjgl-release-3.1.2-custom/lwjgl-lmdb-natives-windows.jar
7fa4c4017000-7fa4c4018000 r--s 0000c000 08:07 5383876                    /home/mourad/dev/Workspaces/JAVALIBS/lwjgl-release-3.1.2-custom/lwjgl-lmdb-natives-linux.jar
7fa4c4018000-7fa4c401a000 r--s 0006b000 08:07 5383901                    /home/mourad/dev/Workspaces/JAVALIBS/lwjgl-release-3.1.2-custom/lwjgl-lmdb-javadoc.jar
7fa4c401a000-7fa4c401c000 r--s 00005000 08:07 5383868                    /home/mourad/dev/Workspaces/JAVALIBS/lwjgl-release-3.1.2-custom/lwjgl-lmdb.jar
7fa4c401c000-7fa4c401e000 r--s 00005000 08:07 5383831                    /home/mourad/dev/Workspaces/JAVALIBS/lwjgl-release-3.1.2-custom/lwjgl-jemalloc-sources.jar
7fa4c401e000-7fa4c401f000 r--s 0002c000 08:07 5383889                    /home/mourad/dev/Workspaces/JAVALIBS/lwjgl-release-3.1.2-custom/lwjgl-jemalloc-natives-windows.jar
7fa4c401f000-7fa4c4020000 r--s 0001a000 08:07 5383847                    /home/mourad/dev/Workspaces/JAVALIBS/lwjgl-release-3.1.2-custom/lwjgl-jemalloc-natives-linux.jar
7fa4c4020000-7fa4c4023000 r--s 0006b000 08:07 5383874                    /home/mourad/dev/Workspaces/JAVALIBS/lwjgl-release-3.1.2-custom/lwjgl-jemalloc-javadoc.jar
7fa4c4023000-7fa4c4025000 r--s 00007000 08:07 5383954                    /home/mourad/dev/Workspaces/JAVALIBS/lwjgl-release-3.1.2-custom/lwjgl-jemalloc.jar
7fa4c4025000-7fa4c4026000 r--s 00004000 08:07 5383933                    /home/mourad/dev/Workspaces/JAVALIBS/lwjgl-release-3.1.2-custom/lwjgl-jawt-sources.jar
7fa4c4026000-7fa4c4028000 r--s 00066000 08:07 5383905                    /home/mourad/dev/Workspaces/JAVALIBS/lwjgl-release-3.1.2-custom/lwjgl-jawt-javadoc.jar
7fa4c4028000-7fa4c4029000 r--s 00005000 08:07 5383848                    /home/mourad/dev/Workspaces/JAVALIBS/lwjgl-release-3.1.2-custom/lwjgl-jawt.jar
7fa4c4029000-7fa4c402e000 r--s 0010d000 08:07 5383925                    /home/mourad/dev/Workspaces/JAVALIBS/lwjgl-release-3.1.2-custom/lwjgl-javadoc.jar
7fa4c402e000-7fa4c4031000 r--s 00012000 08:07 5383934                    /home/mourad/dev/Workspaces/JAVALIBS/lwjgl-release-3.1.2-custom/lwjgl-glfw-sources.jar
7fa4c4031000-7fa4c4032000 r--s 00037000 08:07 5383929                    /home/mourad/dev/Workspaces/JAVALIBS/lwjgl-release-3.1.2-custom/lwjgl-glfw-natives-windows.jar
7fa4c4032000-7fa4c4036000 r--s 00097000 08:07 5383922                    /home/mourad/dev/Workspaces/JAVALIBS/lwjgl-release-3.1.2-custom/lwjgl-glfw-javadoc.jar
7fa4c4036000-7fa4c4049000 r--s 00345000 08:05 4329698                    /usr/java/jdk1.8.0_101/jre/lib/resources.jar
7fa4c4049000-7fa4c404c000 r--s 00015000 08:07 5383838                    /home/mourad/dev/Workspaces/JAVALIBS/lwjgl-release-3.1.2-custom/lwjgl-glfw.jar
7fa4c404c000-7fa4c404f000 r--s 0001f000 08:07 5383849                    /home/mourad/dev/Workspaces/JAVALIBS/lwjgl-release-3.1.2-custom/lwjgl-egl-sources.jar
7fa4c404f000-7fa4c4054000 r--s 000c1000 08:07 5383939                    /home/mourad/dev/Workspaces/JAVALIBS/lwjgl-release-3.1.2-custom/lwjgl-egl-javadoc.jar
7fa4c4054000-7fa4c4058000 r--s 0001b000 08:07 5383853                    /home/mourad/dev/Workspaces/JAVALIBS/lwjgl-release-3.1.2-custom/lwjgl-egl.jar
7fa4c4058000-7fa4c405a000 r--s 00018000 08:07 5383920                    /home/mourad/dev/Workspaces/JAVALIBS/lwjgl-release-3.1.2-custom/lwjgl-bgfx-sources.jar
7fa4c405a000-7fa4c4702000 rw-p 00000000 00:00 0 
7fa4c4702000-7fa4c4982000 ---p 00000000 00:00 0 
7fa4c4982000-7fa4c629c000 rw-p 00000000 00:00 0 
7fa4c629c000-7fa4c629d000 ---p 00000000 00:00 0 
7fa4c629d000-7fa4c639d000 rw-p 00000000 00:00 0                          [stack:8211]
7fa4c639d000-7fa4c639e000 ---p 00000000 00:00 0 
7fa4c639e000-7fa4c649e000 rw-p 00000000 00:00 0                          [stack:8210]
7fa4c649e000-7fa4c649f000 ---p 00000000 00:00 0 
7fa4c649f000-7fa4c659f000 rw-p 00000000 00:00 0                          [stack:8209]
7fa4c659f000-7fa4c65a0000 ---p 00000000 00:00 0 
7fa4c65a0000-7fa4c66b0000 rw-p 00000000 00:00 0                          [stack:8208]
7fa4c66b0000-7fa4c679c000 ---p 00000000 00:00 0 
7fa4c679c000-7fa4c67ac000 rw-p 00000000 00:00 0 
7fa4c67ac000-7fa4c6898000 ---p 00000000 00:00 0 
7fa4c6898000-7fa4c68a0000 rw-p 00000000 00:00 0 
7fa4c68a0000-7fa4c6916000 ---p 00000000 00:00 0 
7fa4c6916000-7fa4c6921000 rw-p 00000000 00:00 0 
7fa4c6921000-7fa4c6cd7000 ---p 00000000 00:00 0 
7fa4c6cd7000-7fa4c6cf1000 r-xp 00000000 08:05 4329625                    /usr/java/jdk1.8.0_101/jre/lib/amd64/libzip.so
7fa4c6cf1000-7fa4c6ef1000 ---p 0001a000 08:05 4329625                    /usr/java/jdk1.8.0_101/jre/lib/amd64/libzip.so
7fa4c6ef1000-7fa4c6ef2000 rw-p 0001a000 08:05 4329625                    /usr/java/jdk1.8.0_101/jre/lib/amd64/libzip.so
7fa4c6ef2000-7fa4c6efd000 r-xp 00000000 08:05 2490591                    /lib/x86_64-linux-gnu/libnss_files-2.19.so
7fa4c6efd000-7fa4c70fc000 ---p 0000b000 08:05 2490591                    /lib/x86_64-linux-gnu/libnss_files-2.19.so
7fa4c70fc000-7fa4c70fd000 r--p 0000a000 08:05 2490591                    /lib/x86_64-linux-gnu/libnss_files-2.19.so
7fa4c70fd000-7fa4c70fe000 rw-p 0000b000 08:05 2490591                    /lib/x86_64-linux-gnu/libnss_files-2.19.so
7fa4c70fe000-7fa4c7108000 r-xp 00000000 08:05 2490664                    /lib/x86_64-linux-gnu/libnss_nis-2.19.so
7fa4c7108000-7fa4c7307000 ---p 0000a000 08:05 2490664                    /lib/x86_64-linux-gnu/libnss_nis-2.19.so
7fa4c7307000-7fa4c7308000 r--p 00009000 08:05 2490664                    /lib/x86_64-linux-gnu/libnss_nis-2.19.so
7fa4c7308000-7fa4c7309000 rw-p 0000a000 08:05 2490664                    /lib/x86_64-linux-gnu/libnss_nis-2.19.so
7fa4c7309000-7fa4c731e000 r-xp 00000000 08:05 2490584                    /lib/x86_64-linux-gnu/libnsl-2.19.so
7fa4c731e000-7fa4c751d000 ---p 00015000 08:05 2490584                    /lib/x86_64-linux-gnu/libnsl-2.19.so
7fa4c751d000-7fa4c751e000 r--p 00014000 08:05 2490584                    /lib/x86_64-linux-gnu/libnsl-2.19.so
7fa4c751e000-7fa4c751f000 rw-p 00015000 08:05 2490584                    /lib/x86_64-linux-gnu/libnsl-2.19.so
7fa4c751f000-7fa4c7521000 rw-p 00000000 00:00 0 
7fa4c7521000-7fa4c7528000 r-xp 00000000 08:05 2490587                    /lib/x86_64-linux-gnu/libnss_compat-2.19.so
7fa4c7528000-7fa4c7727000 ---p 00007000 08:05 2490587                    /lib/x86_64-linux-gnu/libnss_compat-2.19.so
7fa4c7727000-7fa4c7728000 r--p 00006000 08:05 2490587                    /lib/x86_64-linux-gnu/libnss_compat-2.19.so
7fa4c7728000-7fa4c7729000 rw-p 00007000 08:05 2490587                    /lib/x86_64-linux-gnu/libnss_compat-2.19.so
7fa4c7729000-7fa4c7753000 r-xp 00000000 08:05 4329649                    /usr/java/jdk1.8.0_101/jre/lib/amd64/libjava.so
7fa4c7753000-7fa4c7953000 ---p 0002a000 08:05 4329649                    /usr/java/jdk1.8.0_101/jre/lib/amd64/libjava.so
7fa4c7953000-7fa4c7955000 rw-p 0002a000 08:05 4329649                    /usr/java/jdk1.8.0_101/jre/lib/amd64/libjava.so
7fa4c7955000-7fa4c7962000 r-xp 00000000 08:05 4329605                    /usr/java/jdk1.8.0_101/jre/lib/amd64/libverify.so
7fa4c7962000-7fa4c7b62000 ---p 0000d000 08:05 4329605                    /usr/java/jdk1.8.0_101/jre/lib/amd64/libverify.so
7fa4c7b62000-7fa4c7b64000 rw-p 0000d000 08:05 4329605                    /usr/java/jdk1.8.0_101/jre/lib/amd64/libverify.so
7fa4c7b64000-7fa4c7b6b000 r-xp 00000000 08:05 2490933                    /lib/x86_64-linux-gnu/librt-2.19.so
7fa4c7b6b000-7fa4c7d6a000 ---p 00007000 08:05 2490933                    /lib/x86_64-linux-gnu/librt-2.19.so
7fa4c7d6a000-7fa4c7d6b000 r--p 00006000 08:05 2490933                    /lib/x86_64-linux-gnu/librt-2.19.so
7fa4c7d6b000-7fa4c7d6c000 rw-p 00007000 08:05 2490933                    /lib/x86_64-linux-gnu/librt-2.19.so
7fa4c7d6c000-7fa4c7e6c000 r-xp 00000000 08:05 2490564                    /lib/x86_64-linux-gnu/libm-2.19.so
7fa4c7e6c000-7fa4c806b000 ---p 00100000 08:05 2490564                    /lib/x86_64-linux-gnu/libm-2.19.so
7fa4c806b000-7fa4c806c000 r--p 000ff000 08:05 2490564                    /lib/x86_64-linux-gnu/libm-2.19.so
7fa4c806c000-7fa4c806d000 rw-p 00100000 08:05 2490564                    /lib/x86_64-linux-gnu/libm-2.19.so
7fa4c806d000-7fa4c8d38000 r-xp 00000000 08:05 4329663                    /usr/java/jdk1.8.0_101/jre/lib/amd64/server/libjvm.so
7fa4c8d38000-7fa4c8f37000 ---p 00ccb000 08:05 4329663                    /usr/java/jdk1.8.0_101/jre/lib/amd64/server/libjvm.so
7fa4c8f37000-7fa4c9010000 rw-p 00cca000 08:05 4329663                    /usr/java/jdk1.8.0_101/jre/lib/amd64/server/libjvm.so
7fa4c9010000-7fa4c905b000 rw-p 00000000 00:00 0 
7fa4c905b000-7fa4c91fc000 r-xp 00000000 08:05 2490544                    /lib/x86_64-linux-gnu/libc-2.19.so
7fa4c91fc000-7fa4c93fc000 ---p 001a1000 08:05 2490544                    /lib/x86_64-linux-gnu/libc-2.19.so
7fa4c93fc000-7fa4c9400000 r--p 001a1000 08:05 2490544                    /lib/x86_64-linux-gnu/libc-2.19.so
7fa4c9400000-7fa4c9402000 rw-p 001a5000 08:05 2490544                    /lib/x86_64-linux-gnu/libc-2.19.so
7fa4c9402000-7fa4c9406000 rw-p 00000000 00:00 0 
7fa4c9406000-7fa4c9409000 r-xp 00000000 08:05 2490562                    /lib/x86_64-linux-gnu/libdl-2.19.so
7fa4c9409000-7fa4c9608000 ---p 00003000 08:05 2490562                    /lib/x86_64-linux-gnu/libdl-2.19.so
7fa4c9608000-7fa4c9609000 r--p 00002000 08:05 2490562                    /lib/x86_64-linux-gnu/libdl-2.19.so
7fa4c9609000-7fa4c960a000 rw-p 00003000 08:05 2490562                    /lib/x86_64-linux-gnu/libdl-2.19.so
7fa4c960a000-7fa4c961f000 r-xp 00000000 08:05 4215874                    /usr/java/jdk1.8.0_101/lib/amd64/jli/libjli.so
7fa4c961f000-7fa4c981f000 ---p 00015000 08:05 4215874                    /usr/java/jdk1.8.0_101/lib/amd64/jli/libjli.so
7fa4c981f000-7fa4c9820000 rw-p 00015000 08:05 4215874                    /usr/java/jdk1.8.0_101/lib/amd64/jli/libjli.so
7fa4c9820000-7fa4c9838000 r-xp 00000000 08:05 2490378                    /lib/x86_64-linux-gnu/libpthread-2.19.so
7fa4c9838000-7fa4c9a37000 ---p 00018000 08:05 2490378                    /lib/x86_64-linux-gnu/libpthread-2.19.so
7fa4c9a37000-7fa4c9a38000 r--p 00017000 08:05 2490378                    /lib/x86_64-linux-gnu/libpthread-2.19.so
7fa4c9a38000-7fa4c9a39000 rw-p 00018000 08:05 2490378                    /lib/x86_64-linux-gnu/libpthread-2.19.so
7fa4c9a39000-7fa4c9a3d000 rw-p 00000000 00:00 0 
7fa4c9a3d000-7fa4c9a5d000 r-xp 00000000 08:05 2490383                    /lib/x86_64-linux-gnu/ld-2.19.so
7fa4c9a5d000-7fa4c9a5e000 r--s 0000e000 08:07 5383935                    /home/mourad/dev/Workspaces/JAVALIBS/lwjgl-release-3.1.2-custom/lwjgl-glfw-natives-linux.jar
7fa4c9a5e000-7fa4c9a5f000 r--s 0009b000 08:07 5383870                    /home/mourad/dev/Workspaces/JAVALIBS/lwjgl-release-3.1.2-custom/lwjgl-bgfx-natives-windows.jar
7fa4c9a5f000-7fa4c9a61000 r--s 00046000 08:07 5383860                    /home/mourad/dev/Workspaces/JAVALIBS/lwjgl-release-3.1.2-custom/lwjgl-bgfx-natives-linux.jar
7fa4c9a61000-7fa4c9a65000 r--s 000ac000 08:07 5383864                    /home/mourad/dev/Workspaces/JAVALIBS/lwjgl-release-3.1.2-custom/lwjgl-bgfx-javadoc.jar
7fa4c9a65000-7fa4c9a68000 r--s 0001f000 08:07 5383834                    /home/mourad/dev/Workspaces/JAVALIBS/lwjgl-release-3.1.2-custom/lwjgl-bgfx.jar
7fa4c9a68000-7fa4c9a6a000 r--s 00026000 08:07 5383852                    /home/mourad/dev/Workspaces/JAVALIBS/lwjgl-release-3.1.2-custom/lwjgl-assimp-sources.jar
7fa4c9a6a000-7fa4c9a6b000 r--s 0037b000 08:07 5383873                    /home/mourad/dev/Workspaces/JAVALIBS/lwjgl-release-3.1.2-custom/lwjgl-assimp-natives-windows.jar
7fa4c9a6b000-7fa4c9a6c000 r--s 002ad000 08:07 5383880                    /home/mourad/dev/Workspaces/JAVALIBS/lwjgl-release-3.1.2-custom/lwjgl-assimp-natives-linux.jar
7fa4c9a6c000-7fa4c9a70000 r--s 000d4000 08:07 5383942                    /home/mourad/dev/Workspaces/JAVALIBS/lwjgl-release-3.1.2-custom/lwjgl-assimp-javadoc.jar
7fa4c9a70000-7fa4c9a73000 r--s 0002a000 08:07 5383881                    /home/mourad/dev/Workspaces/JAVALIBS/lwjgl-release-3.1.2-custom/lwjgl-assimp.jar
7fa4c9a73000-7fa4c9b17000 rw-p 00000000 00:00 0 
7fa4c9b17000-7fa4c9b1a000 ---p 00000000 00:00 0 
7fa4c9b1a000-7fa4c9c1c000 rw-p 00000000 00:00 0                          [stack:8207]
7fa4c9c1c000-7fa4c9c21000 r--s 0003e000 08:07 5383821                    /home/mourad/dev/Workspaces/JAVALIBS/lwjgl-release-3.1.2-custom/lwjgl.jar
7fa4c9c21000-7fa4c9c51000 rw-p 00000000 00:00 0 
7fa4c9c51000-7fa4c9c59000 rw-s 00000000 08:05 4458818                    /tmp/hsperfdata_mourad/8202
7fa4c9c59000-7fa4c9c5a000 rw-p 00000000 00:00 0 
7fa4c9c5a000-7fa4c9c5b000 r--p 00000000 00:00 0 
7fa4c9c5b000-7fa4c9c5d000 rw-p 00000000 00:00 0 
7fa4c9c5d000-7fa4c9c5e000 r--p 00020000 08:05 2490383                    /lib/x86_64-linux-gnu/ld-2.19.so
7fa4c9c5e000-7fa4c9c5f000 rw-p 00021000 08:05 2490383                    /lib/x86_64-linux-gnu/ld-2.19.so
7fa4c9c5f000-7fa4c9c60000 rw-p 00000000 00:00 0 
7fffdc838000-7fffdc85b000 rw-p 00000000 00:00 0                          [stack]
7fffdc8f3000-7fffdc8f5000 r-xp 00000000 00:00 0                          [vdso]
7fffdc8f5000-7fffdc8f7000 r--p 00000000 00:00 0                          [vvar]
ffffffffff600000-ffffffffff601000 r-xp 00000000 00:00 0                  [vsyscall]

VM Arguments:
jvm_args: -Dfile.encoding=UTF-8 
java_command: com.base.engine.MainComponent
java_class_path (initial): /home/mourad/git/GameEngine/bin:/home/mourad/dev/Workspaces/JAVALIBS/lwjgl-release-3.1.2-custom/lwjgl.jar:/home/mourad/dev/Workspaces/JAVALIBS/lwjgl-release-3.1.2-custom/lwjgl-assimp.jar:/home/mourad/dev/Workspaces/JAVALIBS/lwjgl-release-3.1.2-custom/lwjgl-assimp-javadoc.jar:/home/mourad/dev/Workspaces/JAVALIBS/lwjgl-release-3.1.2-custom/lwjgl-assimp-natives-linux.jar:/home/mourad/dev/Workspaces/JAVALIBS/lwjgl-release-3.1.2-custom/lwjgl-assimp-natives-windows.jar:/home/mourad/dev/Workspaces/JAVALIBS/lwjgl-release-3.1.2-custom/lwjgl-assimp-sources.jar:/home/mourad/dev/Workspaces/JAVALIBS/lwjgl-release-3.1.2-custom/lwjgl-bgfx.jar:/home/mourad/dev/Workspaces/JAVALIBS/lwjgl-release-3.1.2-custom/lwjgl-bgfx-javadoc.jar:/home/mourad/dev/Workspaces/JAVALIBS/lwjgl-release-3.1.2-custom/lwjgl-bgfx-natives-linux.jar:/home/mourad/dev/Workspaces/JAVALIBS/lwjgl-release-3.1.2-custom/lwjgl-bgfx-natives-windows.jar:/home/mourad/dev/Workspaces/JAVALIBS/lwjgl-release-3.1.2-custom/lwjgl-bgfx-sources.jar:/home/mourad/dev/Workspaces/JAVALIBS/lwjgl-release-3.1.2-custom/lwjgl-egl.jar:/home/mourad/dev/Workspaces/JAVALIBS/lwjgl-release-3.1.2-custom/lwjgl-egl-javadoc.jar:/home/mourad/dev/Workspaces/JAVALIBS/lwjgl-release-3.1.2-custom/lwjgl-egl-sources.jar:/home/mourad/dev/Workspaces/JAVALIBS/lwjgl-release-3.1.2-custom/lwjgl-glfw.jar:/home/mourad/dev/Workspaces/JAVALIBS/lwjgl-release-3.1.2-custom/lwjgl-glfw-javadoc.jar:/home/mourad/dev/Workspaces/JAVALIBS/lwjgl-release-3.1.2-custom/lwjgl-glfw-natives-linux.jar:/home/mourad/dev/Workspaces/JAVALIBS/lwjgl-release-3.1.2-custom/lwjgl-glfw-natives-windows.jar:/home/mourad/dev/Workspaces/JAVALIBS/lwjgl-release-3.1.2-custom/lwjgl-glfw-sources.jar:/home/mourad/dev/Workspaces/JAVALIBS/lwjgl-release-3.1.2-custom/lwjgl-javadoc.jar:/home/mourad/dev/Workspaces/JAVALIBS/lwjgl-release-3.1.2-custom/lwjgl-jawt.jar:/home/mourad/dev/Workspaces/JAVALIBS/lwjgl-release-3.1.2-custom/lwjgl-jawt-javadoc.jar:/home/mourad/dev/Workspaces/JAVALI
Launcher Type: SUN_STANDARD

Environment Variables:
PATH=/usr/local/bin:/usr/bin:/bin:/usr/local/games:/usr/games:/usr/local/cuda/bin
USERNAME=mourad
SHELL=/bin/bash
DISPLAY=:0.0

Signal Handlers:
SIGSEGV: [libjvm.so+0xac4790], sa_mask[0]=11111111011111111101111111111110, sa_flags=SA_RESTART|SA_SIGINFO
SIGBUS: [libjvm.so+0xac4790], sa_mask[0]=11111111011111111101111111111110, sa_flags=SA_RESTART|SA_SIGINFO
SIGFPE: [libjvm.so+0x91f140], sa_mask[0]=11111111011111111101111111111110, sa_flags=SA_RESTART|SA_SIGINFO
SIGPIPE: [libjvm.so+0x91f140], sa_mask[0]=11111111011111111101111111111110, sa_flags=SA_RESTART|SA_SIGINFO
SIGXFSZ: [libjvm.so+0x91f140], sa_mask[0]=11111111011111111101111111111110, sa_flags=SA_RESTART|SA_SIGINFO
SIGILL: [libjvm.so+0x91f140], sa_mask[0]=11111111011111111101111111111110, sa_flags=SA_RESTART|SA_SIGINFO
SIGUSR1: SIG_DFL, sa_mask[0]=00000000000000000000000000000000, sa_flags=none
SIGUSR2: [libjvm.so+0x920770], sa_mask[0]=00100000000000000000000000000000, sa_flags=SA_RESTART|SA_SIGINFO
SIGHUP: [libjvm.so+0x921b70], sa_mask[0]=11111111011111111101111111111110, sa_flags=SA_RESTART|SA_SIGINFO
SIGINT: [libjvm.so+0x921b70], sa_mask[0]=11111111011111111101111111111110, sa_flags=SA_RESTART|SA_SIGINFO
SIGTERM: [libjvm.so+0x921b70], sa_mask[0]=11111111011111111101111111111110, sa_flags=SA_RESTART|SA_SIGINFO
SIGQUIT: [libjvm.so+0x921b70], sa_mask[0]=11111111011111111101111111111110, sa_flags=SA_RESTART|SA_SIGINFO


---------------  S Y S T E M  ---------------

OS:PRETTY_NAME="Debian GNU/Linux 8 (jessie)"
NAME="Debian GNU/Linux"
VERSION_ID="8"
VERSION="8 (jessie)"
ID=debian
HOME_URL="http://www.debian.org/"
SUPPORT_URL="http://www.debian.org/support"
BUG_REPORT_URL="https://bugs.debian.org/"

uname:Linux 3.16.0-4-amd64 #1 SMP Debian 3.16.39-1 (2016-12-30) x86_64
libc:glibc 2.19 NPTL 2.19 
rlimit: STACK 8192k, CORE 0k, NPROC 12006, NOFILE 65536, AS infinity
load average:0,27 0,32 0,32

/proc/meminfo:
MemTotal:        3092180 kB
MemFree:          193900 kB
MemAvailable:    1163196 kB
Buffers:          258216 kB
Cached:           767748 kB
SwapCached:          304 kB
Active:          2006384 kB
Inactive:         619728 kB
Active(anon):    1457632 kB
Inactive(anon):   162352 kB
Active(file):     548752 kB
Inactive(file):   457376 kB
Unevictable:          16 kB
Mlocked:              16 kB
SwapTotal:       4881404 kB
SwapFree:        4880756 kB
Dirty:               828 kB
Writeback:             0 kB
AnonPages:       1599896 kB
Mapped:           357888 kB
Shmem:             19988 kB
Slab:             164104 kB
SReclaimable:     132104 kB
SUnreclaim:        32000 kB
KernelStack:        7616 kB
PageTables:        31988 kB
NFS_Unstable:          0 kB
Bounce:                0 kB
WritebackTmp:          0 kB
CommitLimit:     6427492 kB
Committed_AS:    4546068 kB
VmallocTotal:   34359738367 kB
VmallocUsed:      112908 kB
VmallocChunk:   34359622780 kB
HardwareCorrupted:     0 kB
AnonHugePages:         0 kB
HugePages_Total:       0
HugePages_Free:        0
HugePages_Rsvd:        0
HugePages_Surp:        0
Hugepagesize:       2048 kB
DirectMap4k:      157248 kB
DirectMap2M:     2988032 kB


CPU:total 4 (4 cores per cpu, 1 threads per core) family 6 model 15 stepping 11, cmov, cx8, fxsr, mmx, sse, sse2, sse3, ssse3, tsc

/proc/cpuinfo:
processor	: 0
vendor_id	: GenuineIntel
cpu family	: 6
model		: 15
model name	: Intel(R) Core(TM)2 Quad CPU    Q6600  @ 2.40GHz
stepping	: 11
microcode	: 0xb6
cpu MHz		: 2394.000
cache size	: 4096 KB
physical id	: 0
siblings	: 4
core id		: 0
cpu cores	: 4
apicid		: 0
initial apicid	: 0
fpu		: yes
fpu_exception	: yes
cpuid level	: 10
wp		: yes
flags		: fpu vme de pse tsc msr pae mce cx8 apic sep mtrr pge mca cmov pat pse36 clflush dts acpi mmx fxsr sse sse2 ss ht tm pbe syscall nx lm constant_tsc arch_perfmon pebs bts rep_good nopl aperfmperf pni dtes64 monitor ds_cpl vmx est tm2 ssse3 cx16 xtpr pdcm lahf_lm dtherm tpr_shadow vnmi flexpriority
bogomips	: 4799.66
clflush size	: 64
cache_alignment	: 64
address sizes	: 36 bits physical, 48 bits virtual
power management:

processor	: 1
vendor_id	: GenuineIntel
cpu family	: 6
model		: 15
model name	: Intel(R) Core(TM)2 Quad CPU    Q6600  @ 2.40GHz
stepping	: 11
microcode	: 0xb6
cpu MHz		: 2394.000
cache size	: 4096 KB
physical id	: 0
siblings	: 4
core id		: 2
cpu cores	: 4
apicid		: 2
initial apicid	: 2
fpu		: yes
fpu_exception	: yes
cpuid level	: 10
wp		: yes
flags		: fpu vme de pse tsc msr pae mce cx8 apic sep mtrr pge mca cmov pat pse36 clflush dts acpi mmx fxsr sse sse2 ss ht tm pbe syscall nx lm constant_tsc arch_perfmon pebs bts rep_good nopl aperfmperf pni dtes64 monitor ds_cpl vmx est tm2 ssse3 cx16 xtpr pdcm lahf_lm dtherm tpr_shadow vnmi flexpriority
bogomips	: 4799.66
clflush size	: 64
cache_alignment	: 64
address sizes	: 36 bits physical, 48 bits virtual
power management:

processor	: 2
vendor_id	: GenuineIntel
cpu family	: 6
model		: 15
model name	: Intel(R) Core(TM)2 Quad CPU    Q6600  @ 2.40GHz
stepping	: 11
microcode	: 0xb6
cpu MHz		: 2394.000
cache size	: 4096 KB
physical id	: 0
siblings	: 4
core id		: 1
cpu cores	: 4
apicid		: 1
initial apicid	: 1
fpu		: yes
fpu_exception	: yes
cpuid level	: 10
wp		: yes
flags		: fpu vme de pse tsc msr pae mce cx8 apic sep mtrr pge mca cmov pat pse36 clflush dts acpi mmx fxsr sse sse2 ss ht tm pbe syscall nx lm constant_tsc arch_perfmon pebs bts rep_good nopl aperfmperf pni dtes64 monitor ds_cpl vmx est tm2 ssse3 cx16 xtpr pdcm lahf_lm dtherm tpr_shadow vnmi flexpriority
bogomips	: 4799.66
clflush size	: 64
cache_alignment	: 64
address sizes	: 36 bits physical, 48 bits virtual
power management:

processor	: 3
vendor_id	: GenuineIntel
cpu family	: 6
model		: 15
model name	: Intel(R) Core(TM)2 Quad CPU    Q6600  @ 2.40GHz
stepping	: 11
microcode	: 0xb6
cpu MHz		: 2394.000
cache size	: 4096 KB
physical id	: 0
siblings	: 4
core id		: 3
cpu cores	: 4
apicid		: 3
initial apicid	: 3
fpu		: yes
fpu_exception	: yes
cpuid level	: 10
wp		: yes
flags		: fpu vme de pse tsc msr pae mce cx8 apic sep mtrr pge mca cmov pat pse36 clflush dts acpi mmx fxsr sse sse2 ss ht tm pbe syscall nx lm constant_tsc arch_perfmon pebs bts rep_good nopl aperfmperf pni dtes64 monitor ds_cpl vmx est tm2 ssse3 cx16 xtpr pdcm lahf_lm dtherm tpr_shadow vnmi flexpriority
bogomips	: 4799.66
clflush size	: 64
cache_alignment	: 64
address sizes	: 36 bits physical, 48 bits virtual
power management:



Memory: 4k page, physical 3092180k(193900k free), swap 4881404k(4880756k free)

vm_info: Java HotSpot(TM) 64-Bit Server VM (25.101-b13) for linux-amd64 JRE (1.8.0_101-b13), built on Jun 22 2016 02:59:44 by "java_re" with gcc 4.3.0 20080428 (Red Hat 4.3.0-8)

time: Sat Jul 15 23:09:25 2017
elapsed time: 0 seconds (0d 0h 0m 0s)

