#
# A fatal error has been detected by the Java Runtime Environment:
#
#  SIGSEGV (0xb) at pc=0x00007f0269dd9c7c, pid=9586, tid=0x00007f02ba5a5700
#
# JRE version: Java(TM) SE Runtime Environment (8.0_101-b13) (build 1.8.0_101-b13)
# Java VM: Java HotSpot(TM) 64-Bit Server VM (25.101-b13 mixed mode linux-amd64 compressed oops)
# Problematic frame:
# C  [liblwjgl_opengl.so+0x43c7c]  Java_org_lwjgl_opengl_GL15_nglGenBuffers__IJ+0xc
#
# Failed to write core dump. Core dumps have been disabled. To enable core dumping, try "ulimit -c unlimited" before starting Java again
#
# If you would like to submit a bug report, please visit:
#   http://bugreport.java.com/bugreport/crash.jsp
# The crash happened outside the Java Virtual Machine in native code.
# See problematic frame for where to report the bug.
#

---------------  T H R E A D  ---------------

Current thread (0x00007f02b400e800):  JavaThread "main" [_thread_in_native, id=9592, stack(0x00007f02ba4a5000,0x00007f02ba5a6000)]

siginfo: si_signo: 11 (SIGSEGV), si_code: 1 (SEGV_MAPERR), si_addr: 0x0000000000000e88

Registers:
RAX=0x0000000000000000, RBX=0x00007f02a1f68818, RCX=0x00007f02b447385c, RDX=0x0000000000000001
RSP=0x00007f02ba5a46d8, RBP=0x00007f02ba5a4740, RSI=0x00007f02b447385c, RDI=0x0000000000000001
R8 =0x0000000000000000, R9 =0x0000000000000004, R10=0x00007f02a45c3528, R11=0x00007f02b93bcc50
R12=0x0000000000000000, R13=0x00007f02a1f68818, R14=0x00007f02ba5a4770, R15=0x00007f02b400e800
RIP=0x00007f0269dd9c7c, EFLAGS=0x0000000000010283, CSGSFS=0x0000000000000033, ERR=0x0000000000000004
  TRAPNO=0x000000000000000e

Top of Stack: (sp=0x00007f02ba5a46d8)
0x00007f02ba5a46d8:   00007f02a45c3554 00007f02ba5a4740
0x00007f02ba5a46e8:   00007f02a45c32d9 00007f02b400e800
0x00007f02ba5a46f8:   00007f02a45c32a2 00007f02ba5a4700
0x00007f02ba5a4708:   00007f02a1f68818 00007f02ba5a4770
0x00007f02ba5a4718:   00007f02a1f6c538 0000000000000000
0x00007f02ba5a4728:   00007f02a1f68818 0000000000000000
0x00007f02ba5a4738:   00007f02ba5a4760 00007f02ba5a47b8
0x00007f02ba5a4748:   00007f02a45b5ffd 00000000f0a4f8b8
0x00007f02ba5a4758:   00007f02a45bf278 00007f02b447385c
0x00007f02ba5a4768:   00000000f0aaea40 0000000000000001
0x00007f02ba5a4778:   00007f02ba5a4778 00007f02a1f6896c
0x00007f02ba5a4788:   00007f02ba5a47e8 00007f02a1f6c538
0x00007f02ba5a4798:   0000000000000000 00007f02a1f689d0
0x00007f02ba5a47a8:   00007f02ba5a4760 00007f02ba5a47f0
0x00007f02ba5a47b8:   00007f02ba5a4838 00007f02a45b5a40
0x00007f02ba5a47c8:   0000000000000000 0000000000000000
0x00007f02ba5a47d8:   00000000f0aaea40 0000000000010000
0x00007f02ba5a47e8:   00000000f093f358 00000000f0a3ca78
0x00007f02ba5a47f8:   00007f02ba5a47f8 00007f02a1f66a75
0x00007f02ba5a4808:   00007f02ba5a4848 00007f02a1f66c80
0x00007f02ba5a4818:   0000000000000000 00007f02a1f66a98
0x00007f02ba5a4828:   00007f02ba5a47f0 00007f02ba5a4848
0x00007f02ba5a4838:   00007f02ba5a48a0 00007f02a45b5ffd
0x00007f02ba5a4848:   00000000f0a3ca78 00000000f0a3ca78
0x00007f02ba5a4858:   00000000f0a3af38 00007f02ba5a4860
0x00007f02ba5a4868:   00007f02a1f660b9 00007f02ba5a48b8
0x00007f02ba5a4878:   00007f02a1f66470 0000000000000000
0x00007f02ba5a4888:   00007f02a1f66138 00007f02ba5a4848
0x00007f02ba5a4898:   00007f02ba5a48b8 00007f02ba5a4910
0x00007f02ba5a48a8:   00007f02a45b5ffd 0000000000000000
0x00007f02ba5a48b8:   00000000f0a3af38 00000000f0a3af38
0x00007f02ba5a48c8:   00000000f04b1938 00007f02ba5a48d0 

Instructions: (pc=0x00007f0269dd9c7c)
0x00007f0269dd9c5c:   b0 1a 00 00 ff e0 66 66 66 66 66 2e 0f 1f 84 00
0x00007f0269dd9c6c:   00 00 00 00 48 8b 07 48 89 ce 89 d7 48 8b 40 18
0x00007f0269dd9c7c:   48 8b 80 88 0e 00 00 ff e0 66 66 2e 0f 1f 84 00
0x00007f0269dd9c8c:   00 00 00 00 48 8b 07 48 89 ce 89 d7 48 8b 40 18 

Register to memory mapping:

RAX=0x0000000000000000 is an unknown value
RBX={method} {0x00007f02a1f68818} 'nglGenBuffers' '(IJ)V' in 'org/lwjgl/opengl/GL15'
RCX=0x00007f02b447385c is an unknown value
RDX=0x0000000000000001 is an unknown value
RSP=0x00007f02ba5a46d8 is pointing into the stack for thread: 0x00007f02b400e800
RBP=0x00007f02ba5a4740 is pointing into the stack for thread: 0x00007f02b400e800
RSI=0x00007f02b447385c is an unknown value
RDI=0x0000000000000001 is an unknown value
R8 =0x0000000000000000 is an unknown value
R9 =0x0000000000000004 is an unknown value
R10=0x00007f02a45c3528 is at code_begin+808 in an Interpreter codelet
method entry point (kind = native)  [0x00007f02a45c3200, 0x00007f02a45c3b00]  2304 bytes
R11=0x00007f02b93bcc50: <offset 0x9c1c50> in /usr/java/jdk1.8.0_101/jre/lib/amd64/server/libjvm.so at 0x00007f02b89fb000
R12=0x0000000000000000 is an unknown value
R13={method} {0x00007f02a1f68818} 'nglGenBuffers' '(IJ)V' in 'org/lwjgl/opengl/GL15'
R14=0x00007f02ba5a4770 is pointing into the stack for thread: 0x00007f02b400e800
R15=0x00007f02b400e800 is a thread


Stack: [0x00007f02ba4a5000,0x00007f02ba5a6000],  sp=0x00007f02ba5a46d8,  free space=1021k
Native frames: (J=compiled Java code, j=interpreted, Vv=VM code, C=native code)
C  [liblwjgl_opengl.so+0x43c7c]  Java_org_lwjgl_opengl_GL15_nglGenBuffers__IJ+0xc
j  org.lwjgl.opengl.GL15.glGenBuffers()I+20
j  com.base.engine.Mesh.<init>()V+5
j  com.base.engine.Game.<init>()V+9
j  com.base.engine.MainComponent.<init>()V+55
j  com.base.engine.MainComponent.main([Ljava/lang/String;)V+4
v  ~StubRoutines::call_stub
V  [libjvm.so+0x68f6b6]  JavaCalls::call_helper(JavaValue*, methodHandle*, JavaCallArguments*, Thread*)+0x1056
V  [libjvm.so+0x6d0d42]  jni_invoke_static(JNIEnv_*, JavaValue*, _jobject*, JNICallType, _jmethodID*, JNI_ArgumentPusher*, Thread*)+0x362
V  [libjvm.so+0x6ed5aa]  jni_CallStaticVoidMethod+0x17a
C  [libjli.so+0x7bdf]  JavaMain+0x81f
C  [libpthread.so.0+0x8064]  start_thread+0xc4

Java frames: (J=compiled Java code, j=interpreted, Vv=VM code)
j  org.lwjgl.opengl.GL15.nglGenBuffers(IJ)V+0
j  org.lwjgl.opengl.GL15.glGenBuffers()I+20
j  com.base.engine.Mesh.<init>()V+5
j  com.base.engine.Game.<init>()V+9
j  com.base.engine.MainComponent.<init>()V+55
j  com.base.engine.MainComponent.main([Ljava/lang/String;)V+4
v  ~StubRoutines::call_stub

---------------  P R O C E S S  ---------------

Java Threads: ( => current thread )
  0x00007f02b40c5000 JavaThread "Service Thread" daemon [_thread_blocked, id=9604, stack(0x00007f0273eff000,0x00007f0274000000)]
  0x00007f02b40c2000 JavaThread "C1 CompilerThread2" daemon [_thread_blocked, id=9603, stack(0x00007f02a0050000,0x00007f02a0151000)]
  0x00007f02b40c0000 JavaThread "C2 CompilerThread1" daemon [_thread_blocked, id=9602, stack(0x00007f02a0151000,0x00007f02a0252000)]
  0x00007f02b40bd000 JavaThread "C2 CompilerThread0" daemon [_thread_blocked, id=9601, stack(0x00007f02a0252000,0x00007f02a0353000)]
  0x00007f02b40bb800 JavaThread "Signal Dispatcher" daemon [_thread_blocked, id=9600, stack(0x00007f02a0353000,0x00007f02a0454000)]
  0x00007f02b4088800 JavaThread "Finalizer" daemon [_thread_blocked, id=9599, stack(0x00007f02a05dd000,0x00007f02a06de000)]
  0x00007f02b4084000 JavaThread "Reference Handler" daemon [_thread_blocked, id=9598, stack(0x00007f02a06de000,0x00007f02a07df000)]
=>0x00007f02b400e800 JavaThread "main" [_thread_in_native, id=9592, stack(0x00007f02ba4a5000,0x00007f02ba5a6000)]

Other Threads:
  0x00007f02b407c800 VMThread [stack: 0x00007f02a07df000,0x00007f02a08e0000] [id=9597]
  0x00007f02b40c7800 WatcherThread [stack: 0x00007f0273dfe000,0x00007f0273eff000] [id=9605]

VM state:not at safepoint (normal execution)

VM Mutex/Monitor currently owned by a thread: None

Heap:
 PSYoungGen      total 14336K, used 7073K [0x00000000f0400000, 0x00000000f1400000, 0x0000000100000000)
  eden space 12288K, 57% used [0x00000000f0400000,0x00000000f0ae8678,0x00000000f1000000)
  from space 2048K, 0% used [0x00000000f1200000,0x00000000f1200000,0x00000000f1400000)
  to   space 2048K, 0% used [0x00000000f1000000,0x00000000f1000000,0x00000000f1200000)
 ParOldGen       total 32768K, used 0K [0x00000000d0c00000, 0x00000000d2c00000, 0x00000000f0400000)
  object space 32768K, 0% used [0x00000000d0c00000,0x00000000d0c00000,0x00000000d2c00000)
 Metaspace       used 5789K, capacity 6082K, committed 6144K, reserved 1056768K
  class space    used 635K, capacity 741K, committed 768K, reserved 1048576K

Card table byte_map: [0x00007f02a4073000,0x00007f02a41ee000] byte_map_base: 0x00007f02a39ed000

Marking Bits: (ParMarkBitMap*) 0x00007f02b99bc120
 Begin Bits: [0x00007f02a23d3000, 0x00007f02a2fa3000)
 End Bits:   [0x00007f02a2fa3000, 0x00007f02a3b73000)

Polling page: 0x00007f02ba5e8000

CodeCache: size=245760Kb used=2171Kb max_used=2171Kb free=243588Kb
 bounds [0x00007f02a45ae000, 0x00007f02a481e000, 0x00007f02b35ae000]
 total_blobs=1122 nmethods=447 adapters=591
 compilation: enabled

Compilation events (10 events):
Event: 0,711 Thread 0x00007f02b40c2000  443       1       java.nio.HeapByteBuffer::isReadOnly (2 bytes)
Event: 0,711 Thread 0x00007f02b40c2000 nmethod 443 0x00007f02a47c7650 code [0x00007f02a47c77a0, 0x00007f02a47c78b0]
Event: 0,711 Thread 0x00007f02b40c2000  444       1       java.nio.DirectByteBuffer::isDirect (2 bytes)
Event: 0,711 Thread 0x00007f02b40c2000 nmethod 444 0x00007f02a47cbcd0 code [0x00007f02a47cbe20, 0x00007f02a47cbf30]
Event: 0,711 Thread 0x00007f02b40c2000  437  s    3       sun.misc.URLClassPath::knownToNotExist (24 bytes)
Event: 0,711 Thread 0x00007f02b40c2000 nmethod 437 0x00007f02a47cbf90 code [0x00007f02a47cc100, 0x00007f02a47cc4c8]
Event: 0,712 Thread 0x00007f02b40c2000  446       3       java.lang.String::concat (47 bytes)
Event: 0,712 Thread 0x00007f02b40c2000 nmethod 446 0x00007f02a47cc590 code [0x00007f02a47cc760, 0x00007f02a47ccef8]
Event: 0,712 Thread 0x00007f02b40c2000  447       3       java.lang.String::getChars (16 bytes)
Event: 0,713 Thread 0x00007f02b40c2000 nmethod 447 0x00007f02a47cd290 code [0x00007f02a47cd400, 0x00007f02a47cd608]

GC Heap History (0 events):
No events

Deoptimization events (1 events):
Event: 0,302 Thread 0x00007f02b400e800 Uncommon trap: reason=unstable_if action=reinterpret pc=0x00007f02a46ebd5c method=java.lang.String.hashCode()I @ 14

Internal exceptions (10 events):
Event: 0,046 Thread 0x00007f02b400e800 Exception <a 'java/lang/NoSuchMethodError': Method sun.misc.Unsafe.defineClass(Ljava/lang/String;[BII)Ljava/lang/Class; name or signature does not match> (0x00000000f0407cc0) thrown at [/HUDSON3/workspace/8-2-build-linux-amd64/jdk8u101/7261/hotspot/src/sh
Event: 0,046 Thread 0x00007f02b400e800 Exception <a 'java/lang/NoSuchMethodError': Method sun.misc.Unsafe.prefetchRead(Ljava/lang/Object;J)V name or signature does not match> (0x00000000f0407fa8) thrown at [/HUDSON3/workspace/8-2-build-linux-amd64/jdk8u101/7261/hotspot/src/share/vm/prims/jni.c
Event: 0,168 Thread 0x00007f02b400e800 Exception <a 'java/lang/NoSuchMethodError': java.lang.Object.lambda$static$0(Ljava/lang/String;)Ljava/lang/Boolean;> (0x00000000f05cc058) thrown at [/HUDSON3/workspace/8-2-build-linux-amd64/jdk8u101/7261/hotspot/src/share/vm/interpreter/linkResolver.cpp, 
Event: 0,186 Thread 0x00007f02b400e800 Exception <a 'java/lang/NoSuchFieldError': method resolution failed> (0x00000000f0644080) thrown at [/HUDSON3/workspace/8-2-build-linux-amd64/jdk8u101/7261/hotspot/src/share/vm/prims/methodHandles.cpp, line 1146]
Event: 0,188 Thread 0x00007f02b400e800 Exception <a 'java/lang/NoSuchFieldError': method resolution failed> (0x00000000f0651490) thrown at [/HUDSON3/workspace/8-2-build-linux-amd64/jdk8u101/7261/hotspot/src/share/vm/prims/methodHandles.cpp, line 1146]
Event: 0,263 Thread 0x00007f02b400e800 Exception <a 'java/security/PrivilegedActionException'> (0x00000000f0796228) thrown at [/HUDSON3/workspace/8-2-build-linux-amd64/jdk8u101/7261/hotspot/src/share/vm/prims/jvm.cpp, line 1386]
Event: 0,263 Thread 0x00007f02b400e800 Exception <a 'java/security/PrivilegedActionException'> (0x00000000f0796438) thrown at [/HUDSON3/workspace/8-2-build-linux-amd64/jdk8u101/7261/hotspot/src/share/vm/prims/jvm.cpp, line 1386]
Event: 0,264 Thread 0x00007f02b400e800 Exception <a 'java/security/PrivilegedActionException'> (0x00000000f07986e8) thrown at [/HUDSON3/workspace/8-2-build-linux-amd64/jdk8u101/7261/hotspot/src/share/vm/prims/jvm.cpp, line 1386]
Event: 0,264 Thread 0x00007f02b400e800 Exception <a 'java/security/PrivilegedActionException'> (0x00000000f07988f8) thrown at [/HUDSON3/workspace/8-2-build-linux-amd64/jdk8u101/7261/hotspot/src/share/vm/prims/jvm.cpp, line 1386]
Event: 0,711 Thread 0x00007f02b400e800 Exception <a 'sun/nio/fs/UnixException'> (0x00000000f0a9c308) thrown at [/HUDSON3/workspace/8-2-build-linux-amd64/jdk8u101/7261/hotspot/src/share/vm/prims/jni.cpp, line 709]

Events (10 events):
Event: 0,711 loading class java/nio/file/NoSuchFileException
Event: 0,711 loading class java/nio/file/FileSystemException
Event: 0,711 loading class java/nio/file/FileSystemException done
Event: 0,711 loading class java/nio/file/NoSuchFileException done
Event: 0,711 loading class org/lwjgl/opengl/GL$2
Event: 0,711 loading class org/lwjgl/opengl/GL$2 done
Event: 0,712 loading class org/lwjgl/opengl/GL$SharedLibraryGL
Event: 0,712 loading class org/lwjgl/opengl/GL$SharedLibraryGL done
Event: 0,712 loading class org/lwjgl/system/SharedLibrary$Delegate
Event: 0,712 loading class org/lwjgl/system/SharedLibrary$Delegate done


Dynamic libraries:
00400000-00401000 r-xp 00000000 08:05 3945047                            /usr/java/jdk1.8.0_101/bin/java
00600000-00601000 rw-p 00000000 08:05 3945047                            /usr/java/jdk1.8.0_101/bin/java
01633000-01654000 rw-p 00000000 00:00 0                                  [heap]
40332000-40334000 r-xs 00000000 08:05 3939291                            /tmp/.glrPEwa0 (deleted)
40412000-404b2000 rw-p 00000000 00:00 0 
d0c00000-d2c00000 rw-p 00000000 00:00 0 
d2c00000-f0400000 ---p 00000000 00:00 0 
f0400000-f1400000 rw-p 00000000 00:00 0 
f1400000-100000000 ---p 00000000 00:00 0 
100000000-1000c0000 rw-p 00000000 00:00 0 
1000c0000-140000000 ---p 00000000 00:00 0 
7f0264000000-7f0264021000 rw-p 00000000 00:00 0 
7f0264021000-7f0268000000 ---p 00000000 00:00 0 
7f0269d96000-7f0269dff000 r-xp 00000000 08:05 4590182                    /tmp/lwjglmourad/3.1.2-build-29/liblwjgl_opengl.so
7f0269dff000-7f0269ffe000 ---p 00069000 08:05 4590182                    /tmp/lwjglmourad/3.1.2-build-29/liblwjgl_opengl.so
7f0269ffe000-7f0269fff000 r--p 00068000 08:05 4590182                    /tmp/lwjglmourad/3.1.2-build-29/liblwjgl_opengl.so
7f0269fff000-7f026a000000 rw-p 00069000 08:05 4590182                    /tmp/lwjglmourad/3.1.2-build-29/liblwjgl_opengl.so
7f026a000000-7f026a200000 rw-p 00000000 00:00 0 
7f026a2c9000-7f026b660000 r-xp 00000000 08:05 3412554                    /usr/lib/x86_64-linux-gnu/libnvidia-glcore.so.367.35
7f026b660000-7f026b680000 rwxp 01397000 08:05 3412554                    /usr/lib/x86_64-linux-gnu/libnvidia-glcore.so.367.35
7f026b680000-7f026ba20000 r-xp 013b7000 08:05 3412554                    /usr/lib/x86_64-linux-gnu/libnvidia-glcore.so.367.35
7f026ba20000-7f026bc20000 ---p 01757000 08:05 3412554                    /usr/lib/x86_64-linux-gnu/libnvidia-glcore.so.367.35
7f026bc20000-7f026bfe8000 rw-p 01757000 08:05 3412554                    /usr/lib/x86_64-linux-gnu/libnvidia-glcore.so.367.35
7f026bfe8000-7f026c000000 rw-p 00000000 00:00 0 
7f026c000000-7f026c021000 rw-p 00000000 00:00 0 
7f026c021000-7f0270000000 ---p 00000000 00:00 0 
7f0270005000-7f0270040000 r-xp 00000000 08:05 4590181                    /tmp/lwjglmourad/3.1.2-build-29/libjemalloc.so
7f0270040000-7f027023f000 ---p 0003b000 08:05 4590181                    /tmp/lwjglmourad/3.1.2-build-29/libjemalloc.so
7f027023f000-7f0270242000 r--p 0003a000 08:05 4590181                    /tmp/lwjglmourad/3.1.2-build-29/libjemalloc.so
7f0270242000-7f0270243000 rw-p 0003d000 08:05 4590181                    /tmp/lwjglmourad/3.1.2-build-29/libjemalloc.so
7f0270243000-7f0270244000 rw-p 00000000 00:00 0 
7f0270244000-7f02702c4000 rw-s 05613000 00:05 18161                      /dev/nvidiactl
7f02702c4000-7f0270344000 rw-s 16a92000 00:05 18161                      /dev/nvidiactl
7f0270344000-7f02703c4000 rw-s 168a0000 00:05 18161                      /dev/nvidiactl
7f02703c4000-7f02704c4000 rw-s 16a70000 00:05 18161                      /dev/nvidiactl
7f02704c4000-7f02704e4000 rw-s e81c0000 00:05 18163                      /dev/nvidia0
7f02704e4000-7f0270524000 rw-s 168bf000 00:05 18161                      /dev/nvidiactl
7f0270524000-7f0270564000 rw-s 53185000 00:05 18161                      /dev/nvidiactl
7f0270564000-7f0270668000 rw-s a4e50000 00:05 18161                      /dev/nvidiactl
7f0270668000-7f027066b000 r-xp 00000000 08:05 4337939                    /usr/lib/x86_64-linux-gnu/tls/libnvidia-tls.so.367.35
7f027066b000-7f027086b000 ---p 00003000 08:05 4337939                    /usr/lib/x86_64-linux-gnu/tls/libnvidia-tls.so.367.35
7f027086b000-7f027086c000 rw-p 00003000 08:05 4337939                    /usr/lib/x86_64-linux-gnu/tls/libnvidia-tls.so.367.35
7f027086c000-7f0270934000 r-xp 00000000 08:05 3415696                    /usr/lib/x86_64-linux-gnu/libGLX_nvidia.so.367.35
7f0270934000-7f0270968000 rwxp 000c8000 08:05 3415696                    /usr/lib/x86_64-linux-gnu/libGLX_nvidia.so.367.35
7f0270968000-7f027097b000 r-xp 000fc000 08:05 3415696                    /usr/lib/x86_64-linux-gnu/libGLX_nvidia.so.367.35
7f027097b000-7f0270b7b000 ---p 0010f000 08:05 3415696                    /usr/lib/x86_64-linux-gnu/libGLX_nvidia.so.367.35
7f0270b7b000-7f0270ba3000 rw-p 0010f000 08:05 3415696                    /usr/lib/x86_64-linux-gnu/libGLX_nvidia.so.367.35
7f0270ba3000-7f0270baa000 rw-p 00000000 00:00 0 
7f0270baa000-7f0270bf8000 r-xp 00000000 08:05 3415719                    /usr/lib/x86_64-linux-gnu/libGLdispatch.so.0
7f0270bf8000-7f0270c2a000 r-xp 0004e000 08:05 3415719                    /usr/lib/x86_64-linux-gnu/libGLdispatch.so.0
7f0270c2a000-7f0270c64000 r-xp 00080000 08:05 3415719                    /usr/lib/x86_64-linux-gnu/libGLdispatch.so.0
7f0270c64000-7f0270e64000 ---p 000ba000 08:05 3415719                    /usr/lib/x86_64-linux-gnu/libGLdispatch.so.0
7f0270e64000-7f0270e73000 rw-p 000ba000 08:05 3415719                    /usr/lib/x86_64-linux-gnu/libGLdispatch.so.0
7f0270e73000-7f0270e93000 rw-p 00000000 00:00 0 
7f0270e93000-7f0270ea3000 r-xp 00000000 08:05 3419656                    /usr/lib/x86_64-linux-gnu/libGLX.so.0
7f0270ea3000-7f02710a2000 ---p 00010000 08:05 3419656                    /usr/lib/x86_64-linux-gnu/libGLX.so.0
7f02710a2000-7f02710a3000 rw-p 0000f000 08:05 3419656                    /usr/lib/x86_64-linux-gnu/libGLX.so.0
7f02710a3000-7f02710c3000 rw-p 00000000 00:00 0 
7f02710c3000-7f02710f4000 r-xp 00000000 08:05 3419657                    /usr/lib/x86_64-linux-gnu/libGL.so.1.0.0
7f02710f4000-7f0271126000 r-xp 00031000 08:05 3419657                    /usr/lib/x86_64-linux-gnu/libGL.so.1.0.0
7f0271126000-7f0271150000 r-xp 00063000 08:05 3419657                    /usr/lib/x86_64-linux-gnu/libGL.so.1.0.0
7f0271150000-7f0271350000 ---p 0008d000 08:05 3419657                    /usr/lib/x86_64-linux-gnu/libGL.so.1.0.0
7f0271350000-7f0271351000 rw-p 0008d000 08:05 3419657                    /usr/lib/x86_64-linux-gnu/libGL.so.1.0.0
7f0271351000-7f0271352000 rw-p 00000000 00:00 0 
7f027135e000-7f0271371000 rw-s 16945000 00:05 18161                      /dev/nvidiactl
7f0271371000-7f0271391000 rw-s 8c6ba000 00:05 18161                      /dev/nvidiactl
7f0271391000-7f0271392000 r-xp 00000000 08:05 3415688                    /usr/lib/x86_64-linux-gnu/libX11-xcb.so.1.0.0
7f0271392000-7f0271591000 ---p 00001000 08:05 3415688                    /usr/lib/x86_64-linux-gnu/libX11-xcb.so.1.0.0
7f0271591000-7f0271592000 r--p 00000000 08:05 3415688                    /usr/lib/x86_64-linux-gnu/libX11-xcb.so.1.0.0
7f0271592000-7f0271593000 rw-p 00001000 08:05 3415688                    /usr/lib/x86_64-linux-gnu/libX11-xcb.so.1.0.0
7f0271593000-7f02715a2000 r-xp 00000000 08:05 3415740                    /usr/lib/x86_64-linux-gnu/libXi.so.6.1.0
7f02715a2000-7f02717a1000 ---p 0000f000 08:05 3415740                    /usr/lib/x86_64-linux-gnu/libXi.so.6.1.0
7f02717a1000-7f02717a2000 r--p 0000e000 08:05 3415740                    /usr/lib/x86_64-linux-gnu/libXi.so.6.1.0
7f02717a2000-7f02717a3000 rw-p 0000f000 08:05 3415740                    /usr/lib/x86_64-linux-gnu/libXi.so.6.1.0
7f02717a3000-7f02717a8000 r-xp 00000000 08:05 3415306                    /usr/lib/x86_64-linux-gnu/libXxf86vm.so.1.0.0
7f02717a8000-7f02719a7000 ---p 00005000 08:05 3415306                    /usr/lib/x86_64-linux-gnu/libXxf86vm.so.1.0.0
7f02719a7000-7f02719a8000 r--p 00004000 08:05 3415306                    /usr/lib/x86_64-linux-gnu/libXxf86vm.so.1.0.0
7f02719a8000-7f02719a9000 rw-p 00005000 08:05 3415306                    /usr/lib/x86_64-linux-gnu/libXxf86vm.so.1.0.0
7f02719a9000-7f02719ae000 r-xp 00000000 08:05 3415281                    /usr/lib/x86_64-linux-gnu/libXdmcp.so.6.0.0
7f02719ae000-7f0271bad000 ---p 00005000 08:05 3415281                    /usr/lib/x86_64-linux-gnu/libXdmcp.so.6.0.0
7f0271bad000-7f0271bae000 rw-p 00004000 08:05 3415281                    /usr/lib/x86_64-linux-gnu/libXdmcp.so.6.0.0
7f0271bae000-7f0271bb1000 r-xp 00000000 08:05 3415279                    /usr/lib/x86_64-linux-gnu/libXau.so.6.0.0
7f0271bb1000-7f0271db0000 ---p 00003000 08:05 3415279                    /usr/lib/x86_64-linux-gnu/libXau.so.6.0.0
7f0271db0000-7f0271db1000 r--p 00002000 08:05 3415279                    /usr/lib/x86_64-linux-gnu/libXau.so.6.0.0
7f0271db1000-7f0271db2000 rw-p 00003000 08:05 3415279                    /usr/lib/x86_64-linux-gnu/libXau.so.6.0.0
7f0271db2000-7f0271db7000 r-xp 00000000 08:05 3415703                    /usr/lib/x86_64-linux-gnu/libXfixes.so.3.1.0
7f0271db7000-7f0271fb6000 ---p 00005000 08:05 3415703                    /usr/lib/x86_64-linux-gnu/libXfixes.so.3.1.0
7f0271fb6000-7f0271fb7000 r--p 00004000 08:05 3415703                    /usr/lib/x86_64-linux-gnu/libXfixes.so.3.1.0
7f0271fb7000-7f0271fb8000 rw-p 00005000 08:05 3415703                    /usr/lib/x86_64-linux-gnu/libXfixes.so.3.1.0
7f0271fb8000-7f0271fc1000 r-xp 00000000 08:05 3415294                    /usr/lib/x86_64-linux-gnu/libXrender.so.1.3.0
7f0271fc1000-7f02721c0000 ---p 00009000 08:05 3415294                    /usr/lib/x86_64-linux-gnu/libXrender.so.1.3.0
7f02721c0000-7f02721c1000 r--p 00008000 08:05 3415294                    /usr/lib/x86_64-linux-gnu/libXrender.so.1.3.0
7f02721c1000-7f02721c2000 rw-p 00009000 08:05 3415294                    /usr/lib/x86_64-linux-gnu/libXrender.so.1.3.0
7f02721c2000-7f02721d3000 r-xp 00000000 08:05 3415290                    /usr/lib/x86_64-linux-gnu/libXext.so.6.4.0
7f02721d3000-7f02723d2000 ---p 00011000 08:05 3415290                    /usr/lib/x86_64-linux-gnu/libXext.so.6.4.0
7f02723d2000-7f02723d3000 r--p 00010000 08:05 3415290                    /usr/lib/x86_64-linux-gnu/libXext.so.6.4.0
7f02723d3000-7f02723d4000 rw-p 00011000 08:05 3415290                    /usr/lib/x86_64-linux-gnu/libXext.so.6.4.0
7f02723d4000-7f02723f5000 r-xp 00000000 08:05 3415283                    /usr/lib/x86_64-linux-gnu/libxcb.so.1.1.0
7f02723f5000-7f02725f4000 ---p 00021000 08:05 3415283                    /usr/lib/x86_64-linux-gnu/libxcb.so.1.1.0
7f02725f4000-7f02725f5000 r--p 00020000 08:05 3415283                    /usr/lib/x86_64-linux-gnu/libxcb.so.1.1.0
7f02725f5000-7f02725f6000 rw-p 00021000 08:05 3415283                    /usr/lib/x86_64-linux-gnu/libxcb.so.1.1.0
7f02725f6000-7f0272600000 r-xp 00000000 08:05 3415738                    /usr/lib/x86_64-linux-gnu/libXcursor.so.1.0.2
7f0272600000-7f02727ff000 ---p 0000a000 08:05 3415738                    /usr/lib/x86_64-linux-gnu/libXcursor.so.1.0.2
7f02727ff000-7f0272800000 r--p 00009000 08:05 3415738                    /usr/lib/x86_64-linux-gnu/libXcursor.so.1.0.2
7f0272800000-7f0272801000 rw-p 0000a000 08:05 3415738                    /usr/lib/x86_64-linux-gnu/libXcursor.so.1.0.2
7f0272801000-7f0272803000 r-xp 00000000 08:05 3415292                    /usr/lib/x86_64-linux-gnu/libXinerama.so.1.0.0
7f0272803000-7f0272a02000 ---p 00002000 08:05 3415292                    /usr/lib/x86_64-linux-gnu/libXinerama.so.1.0.0
7f0272a02000-7f0272a03000 r--p 00001000 08:05 3415292                    /usr/lib/x86_64-linux-gnu/libXinerama.so.1.0.0
7f0272a03000-7f0272a04000 rw-p 00002000 08:05 3415292                    /usr/lib/x86_64-linux-gnu/libXinerama.so.1.0.0
7f0272a04000-7f0272a0d000 r-xp 00000000 08:05 3415296                    /usr/lib/x86_64-linux-gnu/libXrandr.so.2.2.0
7f0272a0d000-7f0272c0c000 ---p 00009000 08:05 3415296                    /usr/lib/x86_64-linux-gnu/libXrandr.so.2.2.0
7f0272c0c000-7f0272c0d000 r--p 00008000 08:05 3415296                    /usr/lib/x86_64-linux-gnu/libXrandr.so.2.2.0
7f0272c0d000-7f0272c0e000 rw-p 00009000 08:05 3415296                    /usr/lib/x86_64-linux-gnu/libXrandr.so.2.2.0
7f0272c0e000-7f0272d4a000 r-xp 00000000 08:05 3415287                    /usr/lib/x86_64-linux-gnu/libX11.so.6.3.0
7f0272d4a000-7f0272f49000 ---p 0013c000 08:05 3415287                    /usr/lib/x86_64-linux-gnu/libX11.so.6.3.0
7f0272f49000-7f0272f4b000 r--p 0013b000 08:05 3415287                    /usr/lib/x86_64-linux-gnu/libX11.so.6.3.0
7f0272f4b000-7f0272f50000 rw-p 0013d000 08:05 3415287                    /usr/lib/x86_64-linux-gnu/libX11.so.6.3.0
7f0272f50000-7f0272f51000 rw-p 00000000 00:00 0 
7f0272f57000-7f0272f5a000 rw-p 00000000 00:00 0 
7f0272f5a000-7f0272f5c000 r-xp 00000000 00:00 0 
7f0272f5c000-7f0272f5e000 rw-p 00000000 00:00 0 
7f0272f5e000-7f0272f60000 rw-s 00000000 08:05 3939291                    /tmp/.glrPEwa0 (deleted)
7f0272f60000-7f0272f61000 rw-s 16944000 00:05 18161                      /dev/nvidiactl
7f0272f61000-7f0272f65000 rw-s 80e9a000 00:05 18161                      /dev/nvidiactl
7f0272f65000-7f0272f66000 rw-s eff66000 00:05 18163                      /dev/nvidia0
7f0272f66000-7f0272f67000 rw-s eff65000 00:05 18163                      /dev/nvidia0
7f0272f67000-7f0272f87000 rw-s 9c937000 00:05 18161                      /dev/nvidiactl
7f0272f87000-7f0272f88000 rw-s 53391000 00:05 18161                      /dev/nvidiactl
7f0272f88000-7f0272f89000 rw-s fc060000 00:05 18163                      /dev/nvidia0
7f0272f89000-7f0272f90000 r--s 00000000 08:05 3452435                    /usr/lib/x86_64-linux-gnu/gconv/gconv-modules.cache
7f0272f90000-7f0272fb0000 r-xp 00000000 08:05 4590178                    /tmp/lwjglmourad/3.1.2-build-29/libglfw.so
7f0272fb0000-7f02731af000 ---p 00020000 08:05 4590178                    /tmp/lwjglmourad/3.1.2-build-29/libglfw.so
7f02731af000-7f02731b0000 r--p 0001f000 08:05 4590178                    /tmp/lwjglmourad/3.1.2-build-29/libglfw.so
7f02731b0000-7f02731b1000 rw-p 00020000 08:05 4590178                    /tmp/lwjglmourad/3.1.2-build-29/libglfw.so
7f02731b1000-7f02731b2000 rw-p 00000000 00:00 0 
7f02731b2000-7f02731b4000 r--s 00007000 08:07 5383833                    /home/mourad/dev/Workspaces/JAVALIBS/lwjgl-release-3.1.2-custom/lwjgl-yoga-sources.jar
7f02731b4000-7f02731b5000 r--s 00028000 08:07 5383855                    /home/mourad/dev/Workspaces/JAVALIBS/lwjgl-release-3.1.2-custom/lwjgl-yoga-natives-windows.jar
7f02731b5000-7f02731b6000 r--s 0000a000 08:07 5383926                    /home/mourad/dev/Workspaces/JAVALIBS/lwjgl-release-3.1.2-custom/lwjgl-yoga-natives-linux.jar
7f02731b6000-7f02731b9000 r--s 00074000 08:07 5383826                    /home/mourad/dev/Workspaces/JAVALIBS/lwjgl-release-3.1.2-custom/lwjgl-yoga-javadoc.jar
7f02731b9000-7f02731bb000 r--s 0000a000 08:07 5383841                    /home/mourad/dev/Workspaces/JAVALIBS/lwjgl-release-3.1.2-custom/lwjgl-yoga.jar
7f02731bb000-7f02731bc000 r--s 00003000 08:07 5383840                    /home/mourad/dev/Workspaces/JAVALIBS/lwjgl-release-3.1.2-custom/lwjgl-xxhash-sources.jar
7f02731bc000-7f02731bd000 r--s 00014000 08:07 5383867                    /home/mourad/dev/Workspaces/JAVALIBS/lwjgl-release-3.1.2-custom/lwjgl-xxhash-natives-windows.jar
7f02731bd000-7f02731be000 r--s 00001000 08:07 5383851                    /home/mourad/dev/Workspaces/JAVALIBS/lwjgl-release-3.1.2-custom/lwjgl-xxhash-natives-linux.jar
7f02731be000-7f02731c0000 r--s 00062000 08:07 5383949                    /home/mourad/dev/Workspaces/JAVALIBS/lwjgl-release-3.1.2-custom/lwjgl-xxhash-javadoc.jar
7f02731c0000-7f02731c1000 r--s 00004000 08:07 5383918                    /home/mourad/dev/Workspaces/JAVALIBS/lwjgl-release-3.1.2-custom/lwjgl-xxhash.jar
7f02731c1000-7f02731c9000 r--s 00102000 08:07 5383897                    /home/mourad/dev/Workspaces/JAVALIBS/lwjgl-release-3.1.2-custom/lwjgl-vulkan-sources.jar
7f02731c9000-7f02731d8000 r--s 00356000 08:07 5383862                    /home/mourad/dev/Workspaces/JAVALIBS/lwjgl-release-3.1.2-custom/lwjgl-vulkan-javadoc.jar
7f02731d8000-7f02731e6000 r--s 000f3000 08:07 5383858                    /home/mourad/dev/Workspaces/JAVALIBS/lwjgl-release-3.1.2-custom/lwjgl-vulkan.jar
7f02731e6000-7f02731e7000 r--s 00000000 08:07 5383846                    /home/mourad/dev/Workspaces/JAVALIBS/lwjgl-release-3.1.2-custom/lwjgl-tinyfd-sources.jar
7f02731e7000-7f02731e8000 r--s 0002d000 08:07 5383823                    /home/mourad/dev/Workspaces/JAVALIBS/lwjgl-release-3.1.2-custom/lwjgl-tinyfd-natives-windows.jar
7f02731e8000-7f02731e9000 r--s 00008000 08:07 5383883                    /home/mourad/dev/Workspaces/JAVALIBS/lwjgl-release-3.1.2-custom/lwjgl-tinyfd-natives-linux.jar
7f02731e9000-7f02731eb000 r--s 00057000 08:07 5383835                    /home/mourad/dev/Workspaces/JAVALIBS/lwjgl-release-3.1.2-custom/lwjgl-tinyfd-javadoc.jar
7f02731eb000-7f02731ec000 r--s 00001000 08:07 5383844                    /home/mourad/dev/Workspaces/JAVALIBS/lwjgl-release-3.1.2-custom/lwjgl-tinyfd.jar
7f02731ec000-7f02731ed000 r--s 00006000 08:07 5383878                    /home/mourad/dev/Workspaces/JAVALIBS/lwjgl-release-3.1.2-custom/lwjgl-tinyexr-sources.jar
7f02731ed000-7f02731ee000 r--s 00044000 08:07 5383951                    /home/mourad/dev/Workspaces/JAVALIBS/lwjgl-release-3.1.2-custom/lwjgl-tinyexr-natives-windows.jar
7f02731ee000-7f02731ef000 r--s 0000d000 08:07 5383915                    /home/mourad/dev/Workspaces/JAVALIBS/lwjgl-release-3.1.2-custom/lwjgl-tinyexr-natives-linux.jar
7f02731ef000-7f02731f1000 r--s 0006c000 08:07 5383839                    /home/mourad/dev/Workspaces/JAVALIBS/lwjgl-release-3.1.2-custom/lwjgl-tinyexr-javadoc.jar
7f02731f1000-7f02731f2000 r--s 00009000 08:07 5383908                    /home/mourad/dev/Workspaces/JAVALIBS/lwjgl-release-3.1.2-custom/lwjgl-tinyexr.jar
7f02731f2000-7f02731f4000 r--s 00012000 08:07 5383866                    /home/mourad/dev/Workspaces/JAVALIBS/lwjgl-release-3.1.2-custom/lwjgl-stb-sources.jar
7f02731f4000-7f02731f5000 r--s 0006e000 08:07 5383904                    /home/mourad/dev/Workspaces/JAVALIBS/lwjgl-release-3.1.2-custom/lwjgl-stb-natives-windows.jar
7f02731f5000-7f02731f6000 r--s 0002d000 08:07 5383885                    /home/mourad/dev/Workspaces/JAVALIBS/lwjgl-release-3.1.2-custom/lwjgl-stb-natives-linux.jar
7f02731f6000-7f02731f9000 r--s 0008f000 08:07 5383919                    /home/mourad/dev/Workspaces/JAVALIBS/lwjgl-release-3.1.2-custom/lwjgl-stb-javadoc.jar
7f02731f9000-7f02731fb000 r--s 00013000 08:07 5383861                    /home/mourad/dev/Workspaces/JAVALIBS/lwjgl-release-3.1.2-custom/lwjgl-stb.jar
7f02731fb000-7f02731fc000 r--s 00000000 08:07 5383937                    /home/mourad/dev/Workspaces/JAVALIBS/lwjgl-release-3.1.2-custom/lwjgl-sse-sources.jar
7f02731fc000-7f02731fd000 r--s 00013000 08:07 5383952                    /home/mourad/dev/Workspaces/JAVALIBS/lwjgl-release-3.1.2-custom/lwjgl-sse-natives-windows.jar
7f02731fd000-7f02731fe000 r--s 00000000 08:07 5383903                    /home/mourad/dev/Workspaces/JAVALIBS/lwjgl-release-3.1.2-custom/lwjgl-sse-natives-linux.jar
7f02731fe000-7f0273200000 r--s 00058000 08:07 5383944                    /home/mourad/dev/Workspaces/JAVALIBS/lwjgl-release-3.1.2-custom/lwjgl-sse-javadoc.jar
7f0273200000-7f0273201000 r--s 00000000 08:07 5383859                    /home/mourad/dev/Workspaces/JAVALIBS/lwjgl-release-3.1.2-custom/lwjgl-sse.jar
7f0273201000-7f0273204000 r--s 00035000 08:07 5383931                    /home/mourad/dev/Workspaces/JAVALIBS/lwjgl-release-3.1.2-custom/lwjgl-sources.jar
7f0273204000-7f0273205000 r--s 00001000 08:07 5383843                    /home/mourad/dev/Workspaces/JAVALIBS/lwjgl-release-3.1.2-custom/lwjgl-par-sources.jar
7f0273205000-7f0273206000 r--s 00031000 08:07 5383828                    /home/mourad/dev/Workspaces/JAVALIBS/lwjgl-release-3.1.2-custom/lwjgl-par-natives-windows.jar
7f0273206000-7f0273207000 r--s 00005000 08:07 5383886                    /home/mourad/dev/Workspaces/JAVALIBS/lwjgl-release-3.1.2-custom/lwjgl-par-natives-linux.jar
7f0273207000-7f0273209000 r--s 0005a000 08:07 5383909                    /home/mourad/dev/Workspaces/JAVALIBS/lwjgl-release-3.1.2-custom/lwjgl-par-javadoc.jar
7f0273209000-7f027320b000 r--s 00001000 08:07 5383911                    /home/mourad/dev/Workspaces/JAVALIBS/lwjgl-release-3.1.2-custom/lwjgl-par.jar
7f027320b000-7f027320d000 r--s 00021000 08:07 5383888                    /home/mourad/dev/Workspaces/JAVALIBS/lwjgl-release-3.1.2-custom/lwjgl-ovr-sources.jar
7f027320d000-7f027320e000 r--s 00021000 08:07 5383877                    /home/mourad/dev/Workspaces/JAVALIBS/lwjgl-release-3.1.2-custom/lwjgl-ovr-natives-windows.jar
7f027320e000-7f0273212000 r--s 000ca000 08:07 5383928                    /home/mourad/dev/Workspaces/JAVALIBS/lwjgl-release-3.1.2-custom/lwjgl-ovr-javadoc.jar
7f0273212000-7f0273215000 r--s 00025000 08:07 5383891                    /home/mourad/dev/Workspaces/JAVALIBS/lwjgl-release-3.1.2-custom/lwjgl-ovr.jar
7f0273215000-7f0273217000 r--s 00036000 08:07 5383921                    /home/mourad/dev/Workspaces/JAVALIBS/lwjgl-release-3.1.2-custom/lwjgl-openvr-sources.jar
7f0273217000-7f0273218000 r--s 00057000 08:07 5383913                    /home/mourad/dev/Workspaces/JAVALIBS/lwjgl-release-3.1.2-custom/lwjgl-openvr-natives-windows.jar
7f0273218000-7f027321a000 r--s 0001b000 08:07 5383894                    /home/mourad/dev/Workspaces/JAVALIBS/lwjgl-release-3.1.2-custom/lwjgl-openvr-natives-linux.jar
7f027321a000-7f027321f000 r--s 0011c000 08:07 5383882                    /home/mourad/dev/Workspaces/JAVALIBS/lwjgl-release-3.1.2-custom/lwjgl-openvr-javadoc.jar
7f027321f000-7f0273223000 r--s 00046000 08:07 5383875                    /home/mourad/dev/Workspaces/JAVALIBS/lwjgl-release-3.1.2-custom/lwjgl-openvr.jar
7f0273223000-7f027322c000 r--s 000eb000 08:07 5383940                    /home/mourad/dev/Workspaces/JAVALIBS/lwjgl-release-3.1.2-custom/lwjgl-opengl-sources.jar
7f027322c000-7f027322e000 r--s 00029000 08:07 5383863                    /home/mourad/dev/Workspaces/JAVALIBS/lwjgl-release-3.1.2-custom/lwjgl-opengl-natives-windows.jar
7f027322e000-7f027322f000 r--s 00015000 08:07 5383923                    /home/mourad/dev/Workspaces/JAVALIBS/lwjgl-release-3.1.2-custom/lwjgl-opengl-natives-linux.jar
7f027322f000-7f0273245000 r-xp 00000000 08:05 2490372                    /lib/x86_64-linux-gnu/libgcc_s.so.1
7f0273245000-7f0273444000 ---p 00016000 08:05 2490372                    /lib/x86_64-linux-gnu/libgcc_s.so.1
7f0273444000-7f0273445000 rw-p 00015000 08:05 2490372                    /lib/x86_64-linux-gnu/libgcc_s.so.1
7f0273445000-7f0273450000 r--s 002ad000 08:07 5383930                    /home/mourad/dev/Workspaces/JAVALIBS/lwjgl-release-3.1.2-custom/lwjgl-opengl-javadoc.jar
7f0273450000-7f0273456000 r--s 00051000 08:07 5383900                    /home/mourad/dev/Workspaces/JAVALIBS/lwjgl-release-3.1.2-custom/lwjgl-opengles-sources.jar
7f0273456000-7f0273458000 r--s 0001b000 08:07 5383910                    /home/mourad/dev/Workspaces/JAVALIBS/lwjgl-release-3.1.2-custom/lwjgl-opengles-natives-windows.jar
7f0273458000-7f0273459000 r--s 00007000 08:07 5383950                    /home/mourad/dev/Workspaces/JAVALIBS/lwjgl-release-3.1.2-custom/lwjgl-opengles-natives-linux.jar
7f0273459000-7f027345f000 r--s 0014c000 08:07 5383822                    /home/mourad/dev/Workspaces/JAVALIBS/lwjgl-release-3.1.2-custom/lwjgl-opengles-javadoc.jar
7f027345f000-7f0273465000 r--s 00044000 08:07 5383948                    /home/mourad/dev/Workspaces/JAVALIBS/lwjgl-release-3.1.2-custom/lwjgl-opengles.jar
7f0273465000-7f027346f000 r--s 000ac000 08:07 5383845                    /home/mourad/dev/Workspaces/JAVALIBS/lwjgl-release-3.1.2-custom/lwjgl-opengl.jar
7f027346f000-7f0273472000 r--s 00031000 08:07 5383936                    /home/mourad/dev/Workspaces/JAVALIBS/lwjgl-release-3.1.2-custom/lwjgl-opencl-sources.jar
7f0273472000-7f0273476000 r--s 000ce000 08:07 5383865                    /home/mourad/dev/Workspaces/JAVALIBS/lwjgl-release-3.1.2-custom/lwjgl-opencl-javadoc.jar
7f0273476000-7f0273479000 r--s 00023000 08:07 5383907                    /home/mourad/dev/Workspaces/JAVALIBS/lwjgl-release-3.1.2-custom/lwjgl-opencl.jar
7f0273479000-7f027347b000 r--s 00010000 08:07 5383898                    /home/mourad/dev/Workspaces/JAVALIBS/lwjgl-release-3.1.2-custom/lwjgl-openal-sources.jar
7f027347b000-7f027347d000 r--s 00102000 08:07 5383932                    /home/mourad/dev/Workspaces/JAVALIBS/lwjgl-release-3.1.2-custom/lwjgl-openal-natives-windows.jar
7f027347d000-7f027347e000 r--s 00077000 08:07 5383945                    /home/mourad/dev/Workspaces/JAVALIBS/lwjgl-release-3.1.2-custom/lwjgl-openal-natives-linux.jar
7f027347e000-7f0273481000 r--s 0008d000 08:07 5383827                    /home/mourad/dev/Workspaces/JAVALIBS/lwjgl-release-3.1.2-custom/lwjgl-openal-javadoc.jar
7f0273481000-7f0273484000 r--s 00010000 08:07 5383916                    /home/mourad/dev/Workspaces/JAVALIBS/lwjgl-release-3.1.2-custom/lwjgl-openal.jar
7f0273484000-7f02734d4000 r-xp 00000000 08:05 4590177                    /tmp/lwjglmourad/3.1.2-build-29/liblwjgl.so
7f02734d4000-7f02736d3000 ---p 00050000 08:05 4590177                    /tmp/lwjglmourad/3.1.2-build-29/liblwjgl.so
7f02736d3000-7f02736d4000 r--p 0004f000 08:05 4590177                    /tmp/lwjglmourad/3.1.2-build-29/liblwjgl.so
7f02736d4000-7f02736d5000 rw-p 00050000 08:05 4590177                    /tmp/lwjglmourad/3.1.2-build-29/liblwjgl.so
7f02736d5000-7f02739d6000 rw-p 00000000 00:00 0 
7f02739d6000-7f02739ec000 r-xp 00000000 08:05 4329604                    /usr/java/jdk1.8.0_101/jre/lib/amd64/libnet.so
7f02739ec000-7f0273bec000 ---p 00016000 08:05 4329604                    /usr/java/jdk1.8.0_101/jre/lib/amd64/libnet.so
7f0273bec000-7f0273bed000 rw-p 00016000 08:05 4329604                    /usr/java/jdk1.8.0_101/jre/lib/amd64/libnet.so
7f0273bed000-7f0273bfe000 r-xp 00000000 08:05 4329627                    /usr/java/jdk1.8.0_101/jre/lib/amd64/libnio.so
7f0273bfe000-7f0273dfd000 ---p 00011000 08:05 4329627                    /usr/java/jdk1.8.0_101/jre/lib/amd64/libnio.so
7f0273dfd000-7f0273dfe000 rw-p 00010000 08:05 4329627                    /usr/java/jdk1.8.0_101/jre/lib/amd64/libnio.so
7f0273dfe000-7f0273dff000 ---p 00000000 00:00 0 
7f0273dff000-7f0273eff000 rw-p 00000000 00:00 0                          [stack:9605]
7f0273eff000-7f0273f02000 ---p 00000000 00:00 0 
7f0273f02000-7f0274000000 rw-p 00000000 00:00 0                          [stack:9604]
7f0274000000-7f0274087000 rw-p 00000000 00:00 0 
7f0274087000-7f0278000000 ---p 00000000 00:00 0 
7f0278000000-7f0278208000 rw-p 00000000 00:00 0 
7f0278208000-7f027c000000 ---p 00000000 00:00 0 
7f027c000000-7f027c021000 rw-p 00000000 00:00 0 
7f027c021000-7f0280000000 ---p 00000000 00:00 0 
7f0280000000-7f028006f000 rw-p 00000000 00:00 0 
7f028006f000-7f0284000000 ---p 00000000 00:00 0 
7f0284000000-7f0284021000 rw-p 00000000 00:00 0 
7f0284021000-7f0288000000 ---p 00000000 00:00 0 
7f0288000000-7f0288021000 rw-p 00000000 00:00 0 
7f0288021000-7f028c000000 ---p 00000000 00:00 0 
7f028c000000-7f028c021000 rw-p 00000000 00:00 0 
7f028c021000-7f0290000000 ---p 00000000 00:00 0 
7f0290000000-7f0290021000 rw-p 00000000 00:00 0 
7f0290021000-7f0294000000 ---p 00000000 00:00 0 
7f0294000000-7f0294021000 rw-p 00000000 00:00 0 
7f0294021000-7f0298000000 ---p 00000000 00:00 0 
7f0298000000-7f0298021000 rw-p 00000000 00:00 0 
7f0298021000-7f029c000000 ---p 00000000 00:00 0 
7f029c000000-7f029c021000 rw-p 00000000 00:00 0 
7f029c021000-7f02a0000000 ---p 00000000 00:00 0 
7f02a0000000-7f02a0003000 r--s 0003a000 08:07 5383953                    /home/mourad/dev/Workspaces/JAVALIBS/lwjgl-release-3.1.2-custom/lwjgl-nuklear-sources.jar
7f02a0003000-7f02a0004000 r--s 00040000 08:07 5383857                    /home/mourad/dev/Workspaces/JAVALIBS/lwjgl-release-3.1.2-custom/lwjgl-nuklear-natives-windows.jar
7f02a0004000-7f02a0005000 r--s 00021000 08:07 5383854                    /home/mourad/dev/Workspaces/JAVALIBS/lwjgl-release-3.1.2-custom/lwjgl-nuklear-natives-linux.jar
7f02a0005000-7f02a000a000 r--s 00112000 08:07 5383943                    /home/mourad/dev/Workspaces/JAVALIBS/lwjgl-release-3.1.2-custom/lwjgl-nuklear-javadoc.jar
7f02a000a000-7f02a0010000 r--s 00054000 08:07 5383869                    /home/mourad/dev/Workspaces/JAVALIBS/lwjgl-release-3.1.2-custom/lwjgl-nuklear.jar
7f02a0010000-7f02a0011000 r--s 00001000 08:07 5383879                    /home/mourad/dev/Workspaces/JAVALIBS/lwjgl-release-3.1.2-custom/lwjgl-nfd-sources.jar
7f02a0011000-7f02a0012000 r--s 0001f000 08:07 5383832                    /home/mourad/dev/Workspaces/JAVALIBS/lwjgl-release-3.1.2-custom/lwjgl-nfd-natives-windows.jar
7f02a0012000-7f02a0013000 r--s 00001000 08:07 5383871                    /home/mourad/dev/Workspaces/JAVALIBS/lwjgl-release-3.1.2-custom/lwjgl-nfd-natives-linux.jar
7f02a0013000-7f02a0016000 r--s 00059000 08:07 5383887                    /home/mourad/dev/Workspaces/JAVALIBS/lwjgl-release-3.1.2-custom/lwjgl-nfd-javadoc.jar
7f02a0016000-7f02a0017000 r--s 00001000 08:07 5383892                    /home/mourad/dev/Workspaces/JAVALIBS/lwjgl-release-3.1.2-custom/lwjgl-nfd.jar
7f02a0017000-7f02a0019000 r--s 00037000 08:07 5383856                    /home/mourad/dev/Workspaces/JAVALIBS/lwjgl-release-3.1.2-custom/lwjgl-natives-windows.jar
7f02a0019000-7f02a0023000 r--s 00116000 08:05 4329439                    /usr/java/jdk1.8.0_101/jre/lib/ext/localedata.jar
7f02a0023000-7f02a0024000 r--s 00012000 08:07 5383912                    /home/mourad/dev/Workspaces/JAVALIBS/lwjgl-release-3.1.2-custom/lwjgl-natives-linux.jar
7f02a0024000-7f02a0025000 r--s 00008000 08:07 5383842                    /home/mourad/dev/Workspaces/JAVALIBS/lwjgl-release-3.1.2-custom/lwjgl-nanovg-sources.jar
7f02a0025000-7f02a0026000 r--s 0005d000 08:07 5383906                    /home/mourad/dev/Workspaces/JAVALIBS/lwjgl-release-3.1.2-custom/lwjgl-nanovg-natives-windows.jar
7f02a0026000-7f02a0027000 r--s 00020000 08:07 5383941                    /home/mourad/dev/Workspaces/JAVALIBS/lwjgl-release-3.1.2-custom/lwjgl-nanovg-natives-linux.jar
7f02a0027000-7f02a0029000 r--s 0006d000 08:07 5383946                    /home/mourad/dev/Workspaces/JAVALIBS/lwjgl-release-3.1.2-custom/lwjgl-nanovg-javadoc.jar
7f02a0029000-7f02a002b000 r--s 00008000 08:07 5383947                    /home/mourad/dev/Workspaces/JAVALIBS/lwjgl-release-3.1.2-custom/lwjgl-nanovg.jar
7f02a002b000-7f02a002c000 r--s 00008000 08:07 5383890                    /home/mourad/dev/Workspaces/JAVALIBS/lwjgl-release-3.1.2-custom/lwjgl-lmdb-sources.jar
7f02a002c000-7f02a002d000 r--s 0002c000 08:07 5383927                    /home/mourad/dev/Workspaces/JAVALIBS/lwjgl-release-3.1.2-custom/lwjgl-lmdb-natives-windows.jar
7f02a002d000-7f02a002e000 r--s 0000c000 08:07 5383876                    /home/mourad/dev/Workspaces/JAVALIBS/lwjgl-release-3.1.2-custom/lwjgl-lmdb-natives-linux.jar
7f02a002e000-7f02a0030000 r--s 0006b000 08:07 5383901                    /home/mourad/dev/Workspaces/JAVALIBS/lwjgl-release-3.1.2-custom/lwjgl-lmdb-javadoc.jar
7f02a0030000-7f02a0032000 r--s 00005000 08:07 5383868                    /home/mourad/dev/Workspaces/JAVALIBS/lwjgl-release-3.1.2-custom/lwjgl-lmdb.jar
7f02a0032000-7f02a0034000 r--s 00005000 08:07 5383831                    /home/mourad/dev/Workspaces/JAVALIBS/lwjgl-release-3.1.2-custom/lwjgl-jemalloc-sources.jar
7f02a0034000-7f02a0035000 r--s 0002c000 08:07 5383889                    /home/mourad/dev/Workspaces/JAVALIBS/lwjgl-release-3.1.2-custom/lwjgl-jemalloc-natives-windows.jar
7f02a0035000-7f02a0036000 r--s 0001a000 08:07 5383847                    /home/mourad/dev/Workspaces/JAVALIBS/lwjgl-release-3.1.2-custom/lwjgl-jemalloc-natives-linux.jar
7f02a0036000-7f02a0039000 r--s 0006b000 08:07 5383874                    /home/mourad/dev/Workspaces/JAVALIBS/lwjgl-release-3.1.2-custom/lwjgl-jemalloc-javadoc.jar
7f02a0039000-7f02a003b000 r--s 00007000 08:07 5383954                    /home/mourad/dev/Workspaces/JAVALIBS/lwjgl-release-3.1.2-custom/lwjgl-jemalloc.jar
7f02a003b000-7f02a003d000 r--s 00066000 08:07 5383905                    /home/mourad/dev/Workspaces/JAVALIBS/lwjgl-release-3.1.2-custom/lwjgl-jawt-javadoc.jar
7f02a003d000-7f02a0050000 r--s 00345000 08:05 4329698                    /usr/java/jdk1.8.0_101/jre/lib/resources.jar
7f02a0050000-7f02a0053000 ---p 00000000 00:00 0 
7f02a0053000-7f02a0151000 rw-p 00000000 00:00 0                          [stack:9603]
7f02a0151000-7f02a0154000 ---p 00000000 00:00 0 
7f02a0154000-7f02a0252000 rw-p 00000000 00:00 0                          [stack:9602]
7f02a0252000-7f02a0255000 ---p 00000000 00:00 0 
7f02a0255000-7f02a0353000 rw-p 00000000 00:00 0                          [stack:9601]
7f02a0353000-7f02a0356000 ---p 00000000 00:00 0 
7f02a0356000-7f02a0454000 rw-p 00000000 00:00 0                          [stack:9600]
7f02a0454000-7f02a05dd000 r--p 00000000 08:05 3410760                    /usr/lib/locale/locale-archive
7f02a05dd000-7f02a05e0000 ---p 00000000 00:00 0 
7f02a05e0000-7f02a06de000 rw-p 00000000 00:00 0                          [stack:9599]
7f02a06de000-7f02a06e1000 ---p 00000000 00:00 0 
7f02a06e1000-7f02a07df000 rw-p 00000000 00:00 0                          [stack:9598]
7f02a07df000-7f02a07e0000 ---p 00000000 00:00 0 
7f02a07e0000-7f02a1880000 rw-p 00000000 00:00 0                          [stack:9597]
7f02a1880000-7f02a1a59000 r--s 03d29000 08:05 4329596                    /usr/java/jdk1.8.0_101/jre/lib/rt.jar
7f02a1a59000-7f02a1f99000 rw-p 00000000 00:00 0 
7f02a1f99000-7f02a2259000 ---p 00000000 00:00 0 
7f02a2259000-7f02a3b73000 rw-p 00000000 00:00 0 
7f02a3b73000-7f02a3b74000 ---p 00000000 00:00 0 
7f02a3b74000-7f02a3c74000 rw-p 00000000 00:00 0                          [stack:9596]
7f02a3c74000-7f02a3c75000 ---p 00000000 00:00 0 
7f02a3c75000-7f02a3d75000 rw-p 00000000 00:00 0                          [stack:9595]
7f02a3d75000-7f02a3d76000 ---p 00000000 00:00 0 
7f02a3d76000-7f02a3e76000 rw-p 00000000 00:00 0                          [stack:9594]
7f02a3e76000-7f02a3e77000 ---p 00000000 00:00 0 
7f02a3e77000-7f02a3f87000 rw-p 00000000 00:00 0                          [stack:9593]
7f02a3f87000-7f02a4073000 ---p 00000000 00:00 0 
7f02a4073000-7f02a4083000 rw-p 00000000 00:00 0 
7f02a4083000-7f02a416f000 ---p 00000000 00:00 0 
7f02a416f000-7f02a4177000 rw-p 00000000 00:00 0 
7f02a4177000-7f02a41ed000 ---p 00000000 00:00 0 
7f02a41ed000-7f02a41f8000 rw-p 00000000 00:00 0 
7f02a41f8000-7f02a45ae000 ---p 00000000 00:00 0 
7f02a45ae000-7f02a481e000 rwxp 00000000 00:00 0 
7f02a481e000-7f02b35ae000 ---p 00000000 00:00 0 
7f02b35ae000-7f02b35c8000 r-xp 00000000 08:05 4329625                    /usr/java/jdk1.8.0_101/jre/lib/amd64/libzip.so
7f02b35c8000-7f02b37c8000 ---p 0001a000 08:05 4329625                    /usr/java/jdk1.8.0_101/jre/lib/amd64/libzip.so
7f02b37c8000-7f02b37c9000 rw-p 0001a000 08:05 4329625                    /usr/java/jdk1.8.0_101/jre/lib/amd64/libzip.so
7f02b37c9000-7f02b37d4000 r-xp 00000000 08:05 2490591                    /lib/x86_64-linux-gnu/libnss_files-2.19.so
7f02b37d4000-7f02b39d3000 ---p 0000b000 08:05 2490591                    /lib/x86_64-linux-gnu/libnss_files-2.19.so
7f02b39d3000-7f02b39d4000 r--p 0000a000 08:05 2490591                    /lib/x86_64-linux-gnu/libnss_files-2.19.so
7f02b39d4000-7f02b39d5000 rw-p 0000b000 08:05 2490591                    /lib/x86_64-linux-gnu/libnss_files-2.19.so
7f02b39d5000-7f02b39df000 r-xp 00000000 08:05 2490664                    /lib/x86_64-linux-gnu/libnss_nis-2.19.so
7f02b39df000-7f02b3bde000 ---p 0000a000 08:05 2490664                    /lib/x86_64-linux-gnu/libnss_nis-2.19.so
7f02b3bde000-7f02b3bdf000 r--p 00009000 08:05 2490664                    /lib/x86_64-linux-gnu/libnss_nis-2.19.so
7f02b3bdf000-7f02b3be0000 rw-p 0000a000 08:05 2490664                    /lib/x86_64-linux-gnu/libnss_nis-2.19.so
7f02b3be0000-7f02b3bf5000 r-xp 00000000 08:05 2490584                    /lib/x86_64-linux-gnu/libnsl-2.19.so
7f02b3bf5000-7f02b3df4000 ---p 00015000 08:05 2490584                    /lib/x86_64-linux-gnu/libnsl-2.19.so
7f02b3df4000-7f02b3df5000 r--p 00014000 08:05 2490584                    /lib/x86_64-linux-gnu/libnsl-2.19.so
7f02b3df5000-7f02b3df6000 rw-p 00015000 08:05 2490584                    /lib/x86_64-linux-gnu/libnsl-2.19.so
7f02b3df6000-7f02b3df8000 rw-p 00000000 00:00 0 
7f02b3df8000-7f02b3dff000 r-xp 00000000 08:05 2490587                    /lib/x86_64-linux-gnu/libnss_compat-2.19.so
7f02b3dff000-7f02b3ffe000 ---p 00007000 08:05 2490587                    /lib/x86_64-linux-gnu/libnss_compat-2.19.so
7f02b3ffe000-7f02b3fff000 r--p 00006000 08:05 2490587                    /lib/x86_64-linux-gnu/libnss_compat-2.19.so
7f02b3fff000-7f02b4000000 rw-p 00007000 08:05 2490587                    /lib/x86_64-linux-gnu/libnss_compat-2.19.so
7f02b4000000-7f02b4bde000 rw-p 00000000 00:00 0 
7f02b4bde000-7f02b8000000 ---p 00000000 00:00 0 
7f02b8000000-7f02b8001000 r--s 00004000 08:07 5383933                    /home/mourad/dev/Workspaces/JAVALIBS/lwjgl-release-3.1.2-custom/lwjgl-jawt-sources.jar
7f02b8001000-7f02b8002000 r--s 00005000 08:07 5383848                    /home/mourad/dev/Workspaces/JAVALIBS/lwjgl-release-3.1.2-custom/lwjgl-jawt.jar
7f02b8002000-7f02b8007000 r--s 0010d000 08:07 5383925                    /home/mourad/dev/Workspaces/JAVALIBS/lwjgl-release-3.1.2-custom/lwjgl-javadoc.jar
7f02b8007000-7f02b800a000 r--s 00012000 08:07 5383934                    /home/mourad/dev/Workspaces/JAVALIBS/lwjgl-release-3.1.2-custom/lwjgl-glfw-sources.jar
7f02b800a000-7f02b800b000 r--s 00037000 08:07 5383929                    /home/mourad/dev/Workspaces/JAVALIBS/lwjgl-release-3.1.2-custom/lwjgl-glfw-natives-windows.jar
7f02b800b000-7f02b800f000 r--s 00097000 08:07 5383922                    /home/mourad/dev/Workspaces/JAVALIBS/lwjgl-release-3.1.2-custom/lwjgl-glfw-javadoc.jar
7f02b800f000-7f02b8012000 r--s 00015000 08:07 5383838                    /home/mourad/dev/Workspaces/JAVALIBS/lwjgl-release-3.1.2-custom/lwjgl-glfw.jar
7f02b8012000-7f02b8015000 r--s 0001f000 08:07 5383849                    /home/mourad/dev/Workspaces/JAVALIBS/lwjgl-release-3.1.2-custom/lwjgl-egl-sources.jar
7f02b8015000-7f02b801a000 r--s 000c1000 08:07 5383939                    /home/mourad/dev/Workspaces/JAVALIBS/lwjgl-release-3.1.2-custom/lwjgl-egl-javadoc.jar
7f02b801a000-7f02b801e000 r--s 0001b000 08:07 5383853                    /home/mourad/dev/Workspaces/JAVALIBS/lwjgl-release-3.1.2-custom/lwjgl-egl.jar
7f02b801e000-7f02b8020000 r--s 00018000 08:07 5383920                    /home/mourad/dev/Workspaces/JAVALIBS/lwjgl-release-3.1.2-custom/lwjgl-bgfx-sources.jar
7f02b8020000-7f02b80b7000 rw-p 00000000 00:00 0 
7f02b80b7000-7f02b80e1000 r-xp 00000000 08:05 4329649                    /usr/java/jdk1.8.0_101/jre/lib/amd64/libjava.so
7f02b80e1000-7f02b82e1000 ---p 0002a000 08:05 4329649                    /usr/java/jdk1.8.0_101/jre/lib/amd64/libjava.so
7f02b82e1000-7f02b82e3000 rw-p 0002a000 08:05 4329649                    /usr/java/jdk1.8.0_101/jre/lib/amd64/libjava.so
7f02b82e3000-7f02b82f0000 r-xp 00000000 08:05 4329605                    /usr/java/jdk1.8.0_101/jre/lib/amd64/libverify.so
7f02b82f0000-7f02b84f0000 ---p 0000d000 08:05 4329605                    /usr/java/jdk1.8.0_101/jre/lib/amd64/libverify.so
7f02b84f0000-7f02b84f2000 rw-p 0000d000 08:05 4329605                    /usr/java/jdk1.8.0_101/jre/lib/amd64/libverify.so
7f02b84f2000-7f02b84f9000 r-xp 00000000 08:05 2490933                    /lib/x86_64-linux-gnu/librt-2.19.so
7f02b84f9000-7f02b86f8000 ---p 00007000 08:05 2490933                    /lib/x86_64-linux-gnu/librt-2.19.so
7f02b86f8000-7f02b86f9000 r--p 00006000 08:05 2490933                    /lib/x86_64-linux-gnu/librt-2.19.so
7f02b86f9000-7f02b86fa000 rw-p 00007000 08:05 2490933                    /lib/x86_64-linux-gnu/librt-2.19.so
7f02b86fa000-7f02b87fa000 r-xp 00000000 08:05 2490564                    /lib/x86_64-linux-gnu/libm-2.19.so
7f02b87fa000-7f02b89f9000 ---p 00100000 08:05 2490564                    /lib/x86_64-linux-gnu/libm-2.19.so
7f02b89f9000-7f02b89fa000 r--p 000ff000 08:05 2490564                    /lib/x86_64-linux-gnu/libm-2.19.so
7f02b89fa000-7f02b89fb000 rw-p 00100000 08:05 2490564                    /lib/x86_64-linux-gnu/libm-2.19.so
7f02b89fb000-7f02b96c6000 r-xp 00000000 08:05 4329663                    /usr/java/jdk1.8.0_101/jre/lib/amd64/server/libjvm.so
7f02b96c6000-7f02b98c5000 ---p 00ccb000 08:05 4329663                    /usr/java/jdk1.8.0_101/jre/lib/amd64/server/libjvm.so
7f02b98c5000-7f02b999e000 rw-p 00cca000 08:05 4329663                    /usr/java/jdk1.8.0_101/jre/lib/amd64/server/libjvm.so
7f02b999e000-7f02b99e9000 rw-p 00000000 00:00 0 
7f02b99e9000-7f02b9b8a000 r-xp 00000000 08:05 2490544                    /lib/x86_64-linux-gnu/libc-2.19.so
7f02b9b8a000-7f02b9d8a000 ---p 001a1000 08:05 2490544                    /lib/x86_64-linux-gnu/libc-2.19.so
7f02b9d8a000-7f02b9d8e000 r--p 001a1000 08:05 2490544                    /lib/x86_64-linux-gnu/libc-2.19.so
7f02b9d8e000-7f02b9d90000 rw-p 001a5000 08:05 2490544                    /lib/x86_64-linux-gnu/libc-2.19.so
7f02b9d90000-7f02b9d94000 rw-p 00000000 00:00 0 
7f02b9d94000-7f02b9d97000 r-xp 00000000 08:05 2490562                    /lib/x86_64-linux-gnu/libdl-2.19.so
7f02b9d97000-7f02b9f96000 ---p 00003000 08:05 2490562                    /lib/x86_64-linux-gnu/libdl-2.19.so
7f02b9f96000-7f02b9f97000 r--p 00002000 08:05 2490562                    /lib/x86_64-linux-gnu/libdl-2.19.so
7f02b9f97000-7f02b9f98000 rw-p 00003000 08:05 2490562                    /lib/x86_64-linux-gnu/libdl-2.19.so
7f02b9f98000-7f02b9fad000 r-xp 00000000 08:05 4215874                    /usr/java/jdk1.8.0_101/lib/amd64/jli/libjli.so
7f02b9fad000-7f02ba1ad000 ---p 00015000 08:05 4215874                    /usr/java/jdk1.8.0_101/lib/amd64/jli/libjli.so
7f02ba1ad000-7f02ba1ae000 rw-p 00015000 08:05 4215874                    /usr/java/jdk1.8.0_101/lib/amd64/jli/libjli.so
7f02ba1ae000-7f02ba1c6000 r-xp 00000000 08:05 2490378                    /lib/x86_64-linux-gnu/libpthread-2.19.so
7f02ba1c6000-7f02ba3c5000 ---p 00018000 08:05 2490378                    /lib/x86_64-linux-gnu/libpthread-2.19.so
7f02ba3c5000-7f02ba3c6000 r--p 00017000 08:05 2490378                    /lib/x86_64-linux-gnu/libpthread-2.19.so
7f02ba3c6000-7f02ba3c7000 rw-p 00018000 08:05 2490378                    /lib/x86_64-linux-gnu/libpthread-2.19.so
7f02ba3c7000-7f02ba3cb000 rw-p 00000000 00:00 0 
7f02ba3cb000-7f02ba3eb000 r-xp 00000000 08:05 2490383                    /lib/x86_64-linux-gnu/ld-2.19.so
7f02ba3eb000-7f02ba3ec000 r--s 0000e000 08:07 5383935                    /home/mourad/dev/Workspaces/JAVALIBS/lwjgl-release-3.1.2-custom/lwjgl-glfw-natives-linux.jar
7f02ba3ec000-7f02ba3ed000 r--s 0009b000 08:07 5383870                    /home/mourad/dev/Workspaces/JAVALIBS/lwjgl-release-3.1.2-custom/lwjgl-bgfx-natives-windows.jar
7f02ba3ed000-7f02ba3ef000 r--s 00046000 08:07 5383860                    /home/mourad/dev/Workspaces/JAVALIBS/lwjgl-release-3.1.2-custom/lwjgl-bgfx-natives-linux.jar
7f02ba3ef000-7f02ba3f3000 r--s 000ac000 08:07 5383864                    /home/mourad/dev/Workspaces/JAVALIBS/lwjgl-release-3.1.2-custom/lwjgl-bgfx-javadoc.jar
7f02ba3f3000-7f02ba3f6000 r--s 0001f000 08:07 5383834                    /home/mourad/dev/Workspaces/JAVALIBS/lwjgl-release-3.1.2-custom/lwjgl-bgfx.jar
7f02ba3f6000-7f02ba3f8000 r--s 00026000 08:07 5383852                    /home/mourad/dev/Workspaces/JAVALIBS/lwjgl-release-3.1.2-custom/lwjgl-assimp-sources.jar
7f02ba3f8000-7f02ba3f9000 r--s 0037b000 08:07 5383873                    /home/mourad/dev/Workspaces/JAVALIBS/lwjgl-release-3.1.2-custom/lwjgl-assimp-natives-windows.jar
7f02ba3f9000-7f02ba3fa000 r--s 002ad000 08:07 5383880                    /home/mourad/dev/Workspaces/JAVALIBS/lwjgl-release-3.1.2-custom/lwjgl-assimp-natives-linux.jar
7f02ba3fa000-7f02ba3fe000 r--s 000d4000 08:07 5383942                    /home/mourad/dev/Workspaces/JAVALIBS/lwjgl-release-3.1.2-custom/lwjgl-assimp-javadoc.jar
7f02ba3fe000-7f02ba401000 r--s 0002a000 08:07 5383881                    /home/mourad/dev/Workspaces/JAVALIBS/lwjgl-release-3.1.2-custom/lwjgl-assimp.jar
7f02ba401000-7f02ba4a5000 rw-p 00000000 00:00 0 
7f02ba4a5000-7f02ba4a8000 ---p 00000000 00:00 0 
7f02ba4a8000-7f02ba5aa000 rw-p 00000000 00:00 0                          [stack:9592]
7f02ba5aa000-7f02ba5af000 r--s 0003e000 08:07 5383821                    /home/mourad/dev/Workspaces/JAVALIBS/lwjgl-release-3.1.2-custom/lwjgl.jar
7f02ba5af000-7f02ba5df000 rw-p 00000000 00:00 0 
7f02ba5df000-7f02ba5e7000 rw-s 00000000 08:05 4458818                    /tmp/hsperfdata_mourad/9586
7f02ba5e7000-7f02ba5e8000 rw-p 00000000 00:00 0 
7f02ba5e8000-7f02ba5e9000 r--p 00000000 00:00 0 
7f02ba5e9000-7f02ba5eb000 rw-p 00000000 00:00 0 
7f02ba5eb000-7f02ba5ec000 r--p 00020000 08:05 2490383                    /lib/x86_64-linux-gnu/ld-2.19.so
7f02ba5ec000-7f02ba5ed000 rw-p 00021000 08:05 2490383                    /lib/x86_64-linux-gnu/ld-2.19.so
7f02ba5ed000-7f02ba5ee000 rw-p 00000000 00:00 0 
7ffe13060000-7ffe13083000 rw-p 00000000 00:00 0                          [stack]
7ffe13121000-7ffe13123000 r-xp 00000000 00:00 0                          [vdso]
7ffe13123000-7ffe13125000 r--p 00000000 00:00 0                          [vvar]
ffffffffff600000-ffffffffff601000 r-xp 00000000 00:00 0                  [vsyscall]

VM Arguments:
jvm_args: -Dfile.encoding=UTF-8 
java_command: com.base.engine.MainComponent
java_class_path (initial): /home/mourad/git/GameEngine/bin:/home/mourad/dev/Workspaces/JAVALIBS/lwjgl-release-3.1.2-custom/lwjgl.jar:/home/mourad/dev/Workspaces/JAVALIBS/lwjgl-release-3.1.2-custom/lwjgl-assimp.jar:/home/mourad/dev/Workspaces/JAVALIBS/lwjgl-release-3.1.2-custom/lwjgl-assimp-javadoc.jar:/home/mourad/dev/Workspaces/JAVALIBS/lwjgl-release-3.1.2-custom/lwjgl-assimp-natives-linux.jar:/home/mourad/dev/Workspaces/JAVALIBS/lwjgl-release-3.1.2-custom/lwjgl-assimp-natives-windows.jar:/home/mourad/dev/Workspaces/JAVALIBS/lwjgl-release-3.1.2-custom/lwjgl-assimp-sources.jar:/home/mourad/dev/Workspaces/JAVALIBS/lwjgl-release-3.1.2-custom/lwjgl-bgfx.jar:/home/mourad/dev/Workspaces/JAVALIBS/lwjgl-release-3.1.2-custom/lwjgl-bgfx-javadoc.jar:/home/mourad/dev/Workspaces/JAVALIBS/lwjgl-release-3.1.2-custom/lwjgl-bgfx-natives-linux.jar:/home/mourad/dev/Workspaces/JAVALIBS/lwjgl-release-3.1.2-custom/lwjgl-bgfx-natives-windows.jar:/home/mourad/dev/Workspaces/JAVALIBS/lwjgl-release-3.1.2-custom/lwjgl-bgfx-sources.jar:/home/mourad/dev/Workspaces/JAVALIBS/lwjgl-release-3.1.2-custom/lwjgl-egl.jar:/home/mourad/dev/Workspaces/JAVALIBS/lwjgl-release-3.1.2-custom/lwjgl-egl-javadoc.jar:/home/mourad/dev/Workspaces/JAVALIBS/lwjgl-release-3.1.2-custom/lwjgl-egl-sources.jar:/home/mourad/dev/Workspaces/JAVALIBS/lwjgl-release-3.1.2-custom/lwjgl-glfw.jar:/home/mourad/dev/Workspaces/JAVALIBS/lwjgl-release-3.1.2-custom/lwjgl-glfw-javadoc.jar:/home/mourad/dev/Workspaces/JAVALIBS/lwjgl-release-3.1.2-custom/lwjgl-glfw-natives-linux.jar:/home/mourad/dev/Workspaces/JAVALIBS/lwjgl-release-3.1.2-custom/lwjgl-glfw-natives-windows.jar:/home/mourad/dev/Workspaces/JAVALIBS/lwjgl-release-3.1.2-custom/lwjgl-glfw-sources.jar:/home/mourad/dev/Workspaces/JAVALIBS/lwjgl-release-3.1.2-custom/lwjgl-javadoc.jar:/home/mourad/dev/Workspaces/JAVALIBS/lwjgl-release-3.1.2-custom/lwjgl-jawt.jar:/home/mourad/dev/Workspaces/JAVALIBS/lwjgl-release-3.1.2-custom/lwjgl-jawt-javadoc.jar:/home/mourad/dev/Workspaces/JAVALI
Launcher Type: SUN_STANDARD

Environment Variables:
PATH=/usr/local/bin:/usr/bin:/bin:/usr/local/games:/usr/games:/usr/local/cuda/bin
USERNAME=mourad
SHELL=/bin/bash
DISPLAY=:0.0

Signal Handlers:
SIGSEGV: [libjvm.so+0xac4790], sa_mask[0]=11111111011111111101111111111110, sa_flags=SA_RESTART|SA_SIGINFO
SIGBUS: [libjvm.so+0xac4790], sa_mask[0]=11111111011111111101111111111110, sa_flags=SA_RESTART|SA_SIGINFO
SIGFPE: [libjvm.so+0x91f140], sa_mask[0]=11111111011111111101111111111110, sa_flags=SA_RESTART|SA_SIGINFO
SIGPIPE: [libjvm.so+0x91f140], sa_mask[0]=11111111011111111101111111111110, sa_flags=SA_RESTART|SA_SIGINFO
SIGXFSZ: [libjvm.so+0x91f140], sa_mask[0]=11111111011111111101111111111110, sa_flags=SA_RESTART|SA_SIGINFO
SIGILL: [libjvm.so+0x91f140], sa_mask[0]=11111111011111111101111111111110, sa_flags=SA_RESTART|SA_SIGINFO
SIGUSR1: SIG_DFL, sa_mask[0]=00000000000000000000000000000000, sa_flags=none
SIGUSR2: [libjvm.so+0x920770], sa_mask[0]=00100000000000000000000000000000, sa_flags=SA_RESTART|SA_SIGINFO
SIGHUP: [libjvm.so+0x921b70], sa_mask[0]=11111111011111111101111111111110, sa_flags=SA_RESTART|SA_SIGINFO
SIGINT: [libjvm.so+0x921b70], sa_mask[0]=11111111011111111101111111111110, sa_flags=SA_RESTART|SA_SIGINFO
SIGTERM: [libjvm.so+0x921b70], sa_mask[0]=11111111011111111101111111111110, sa_flags=SA_RESTART|SA_SIGINFO
SIGQUIT: [libjvm.so+0x921b70], sa_mask[0]=11111111011111111101111111111110, sa_flags=SA_RESTART|SA_SIGINFO


---------------  S Y S T E M  ---------------

OS:PRETTY_NAME="Debian GNU/Linux 8 (jessie)"
NAME="Debian GNU/Linux"
VERSION_ID="8"
VERSION="8 (jessie)"
ID=debian
HOME_URL="http://www.debian.org/"
SUPPORT_URL="http://www.debian.org/support"
BUG_REPORT_URL="https://bugs.debian.org/"

uname:Linux 3.16.0-4-amd64 #1 SMP Debian 3.16.39-1 (2016-12-30) x86_64
libc:glibc 2.19 NPTL 2.19 
rlimit: STACK 8192k, CORE 0k, NPROC 12006, NOFILE 65536, AS infinity
load average:0,36 0,27 0,23

/proc/meminfo:
MemTotal:        3092180 kB
MemFree:          178192 kB
MemAvailable:    1107980 kB
Buffers:          261252 kB
Cached:           723360 kB
SwapCached:          880 kB
Active:          1989380 kB
Inactive:         652124 kB
Active(anon):    1472492 kB
Inactive(anon):   202684 kB
Active(file):     516888 kB
Inactive(file):   449440 kB
Unevictable:          16 kB
Mlocked:              16 kB
SwapTotal:       4881404 kB
SwapFree:        4879060 kB
Dirty:               108 kB
Writeback:             0 kB
AnonPages:       1655944 kB
Mapped:           358660 kB
Shmem:             18284 kB
Slab:             164524 kB
SReclaimable:     132396 kB
SUnreclaim:        32128 kB
KernelStack:        7728 kB
PageTables:        32304 kB
NFS_Unstable:          0 kB
Bounce:                0 kB
WritebackTmp:          0 kB
CommitLimit:     6427492 kB
Committed_AS:    4583024 kB
VmallocTotal:   34359738367 kB
VmallocUsed:      112908 kB
VmallocChunk:   34359622780 kB
HardwareCorrupted:     0 kB
AnonHugePages:         0 kB
HugePages_Total:       0
HugePages_Free:        0
HugePages_Rsvd:        0
HugePages_Surp:        0
Hugepagesize:       2048 kB
DirectMap4k:      157248 kB
DirectMap2M:     2988032 kB


CPU:total 4 (4 cores per cpu, 1 threads per core) family 6 model 15 stepping 11, cmov, cx8, fxsr, mmx, sse, sse2, sse3, ssse3, tsc

/proc/cpuinfo:
processor	: 0
vendor_id	: GenuineIntel
cpu family	: 6
model		: 15
model name	: Intel(R) Core(TM)2 Quad CPU    Q6600  @ 2.40GHz
stepping	: 11
microcode	: 0xb6
cpu MHz		: 2394.000
cache size	: 4096 KB
physical id	: 0
siblings	: 4
core id		: 0
cpu cores	: 4
apicid		: 0
initial apicid	: 0
fpu		: yes
fpu_exception	: yes
cpuid level	: 10
wp		: yes
flags		: fpu vme de pse tsc msr pae mce cx8 apic sep mtrr pge mca cmov pat pse36 clflush dts acpi mmx fxsr sse sse2 ss ht tm pbe syscall nx lm constant_tsc arch_perfmon pebs bts rep_good nopl aperfmperf pni dtes64 monitor ds_cpl vmx est tm2 ssse3 cx16 xtpr pdcm lahf_lm dtherm tpr_shadow vnmi flexpriority
bogomips	: 4799.66
clflush size	: 64
cache_alignment	: 64
address sizes	: 36 bits physical, 48 bits virtual
power management:

processor	: 1
vendor_id	: GenuineIntel
cpu family	: 6
model		: 15
model name	: Intel(R) Core(TM)2 Quad CPU    Q6600  @ 2.40GHz
stepping	: 11
microcode	: 0xb6
cpu MHz		: 1596.000
cache size	: 4096 KB
physical id	: 0
siblings	: 4
core id		: 2
cpu cores	: 4
apicid		: 2
initial apicid	: 2
fpu		: yes
fpu_exception	: yes
cpuid level	: 10
wp		: yes
flags		: fpu vme de pse tsc msr pae mce cx8 apic sep mtrr pge mca cmov pat pse36 clflush dts acpi mmx fxsr sse sse2 ss ht tm pbe syscall nx lm constant_tsc arch_perfmon pebs bts rep_good nopl aperfmperf pni dtes64 monitor ds_cpl vmx est tm2 ssse3 cx16 xtpr pdcm lahf_lm dtherm tpr_shadow vnmi flexpriority
bogomips	: 4799.66
clflush size	: 64
cache_alignment	: 64
address sizes	: 36 bits physical, 48 bits virtual
power management:

processor	: 2
vendor_id	: GenuineIntel
cpu family	: 6
model		: 15
model name	: Intel(R) Core(TM)2 Quad CPU    Q6600  @ 2.40GHz
stepping	: 11
microcode	: 0xb6
cpu MHz		: 2394.000
cache size	: 4096 KB
physical id	: 0
siblings	: 4
core id		: 1
cpu cores	: 4
apicid		: 1
initial apicid	: 1
fpu		: yes
fpu_exception	: yes
cpuid level	: 10
wp		: yes
flags		: fpu vme de pse tsc msr pae mce cx8 apic sep mtrr pge mca cmov pat pse36 clflush dts acpi mmx fxsr sse sse2 ss ht tm pbe syscall nx lm constant_tsc arch_perfmon pebs bts rep_good nopl aperfmperf pni dtes64 monitor ds_cpl vmx est tm2 ssse3 cx16 xtpr pdcm lahf_lm dtherm tpr_shadow vnmi flexpriority
bogomips	: 4799.66
clflush size	: 64
cache_alignment	: 64
address sizes	: 36 bits physical, 48 bits virtual
power management:

processor	: 3
vendor_id	: GenuineIntel
cpu family	: 6
model		: 15
model name	: Intel(R) Core(TM)2 Quad CPU    Q6600  @ 2.40GHz
stepping	: 11
microcode	: 0xb6
cpu MHz		: 1596.000
cache size	: 4096 KB
physical id	: 0
siblings	: 4
core id		: 3
cpu cores	: 4
apicid		: 3
initial apicid	: 3
fpu		: yes
fpu_exception	: yes
cpuid level	: 10
wp		: yes
flags		: fpu vme de pse tsc msr pae mce cx8 apic sep mtrr pge mca cmov pat pse36 clflush dts acpi mmx fxsr sse sse2 ss ht tm pbe syscall nx lm constant_tsc arch_perfmon pebs bts rep_good nopl aperfmperf pni dtes64 monitor ds_cpl vmx est tm2 ssse3 cx16 xtpr pdcm lahf_lm dtherm tpr_shadow vnmi flexpriority
bogomips	: 4799.66
clflush size	: 64
cache_alignment	: 64
address sizes	: 36 bits physical, 48 bits virtual
power management:



Memory: 4k page, physical 3092180k(178192k free), swap 4881404k(4879060k free)

vm_info: Java HotSpot(TM) 64-Bit Server VM (25.101-b13) for linux-amd64 JRE (1.8.0_101-b13), built on Jun 22 2016 02:59:44 by "java_re" with gcc 4.3.0 20080428 (Red Hat 4.3.0-8)

time: Sat Jul 15 23:47:53 2017
elapsed time: 0 seconds (0d 0h 0m 0s)

